#
# There is insufficient memory for the Java Runtime Environment to continue.
# Native memory allocation (malloc) failed to allocate 1226896 bytes for Chunk::new
# Possible reasons:
#   The system is out of physical RAM or swap space
#   The process is running with CompressedOops enabled, and the Java Heap may be blocking the growth of the native heap
# Possible solutions:
#   Reduce memory load on the system
#   Increase physical memory or swap space
#   Check if swap backing store is full
#   Decrease Java heap size (-Xmx/-Xms)
#   Decrease number of Java threads
#   Decrease Java thread stack sizes (-Xss)
#   Set larger code cache with -XX:ReservedCodeCacheSize=
#   JVM is running with Unscaled Compressed Oops mode in which the Java heap is
#     placed in the first 4GB address space. The Java Heap base address is the
#     maximum limit for the native heap growth. Please use -XX:HeapBaseMinAddress
#     to set the Java Heap base and to place the Java Heap above 4GB virtual address.
# This output file may be truncated or incomplete.
#
#  Out of Memory Error (./src/hotspot/share/memory/arena.cpp:197), pid=7156, tid=2128
#
# JRE version: OpenJDK Runtime Environment (11.0.10) (build 11.0.10+0-b96-7249189)
# Java VM: OpenJDK 64-Bit Server VM (11.0.10+0-b96-7249189, mixed mode, tiered, compressed oops, g1 gc, windows-amd64)
# No core dump will be written. Minidumps are not enabled by default on client versions of Windows
#

---------------  S U M M A R Y ------------

Command Line: --add-opens=java.base/java.util=ALL-UNNAMED --add-opens=java.base/java.lang=ALL-UNNAMED --add-opens=java.base/java.lang.invoke=ALL-UNNAMED --add-opens=java.base/java.util=ALL-UNNAMED --add-opens=java.prefs/java.util.prefs=ALL-UNNAMED --add-opens=java.prefs/java.util.prefs=ALL-UNNAMED --add-opens=java.base/java.nio.charset=ALL-UNNAMED --add-opens=java.base/java.net=ALL-UNNAMED --add-opens=java.base/java.util.concurrent.atomic=ALL-UNNAMED -Xmx2048m -Dfile.encoding=UTF-8 -Duser.country=RU -Duser.language=ru -Duser.variant org.gradle.launcher.daemon.bootstrap.GradleDaemon 7.0.2

Host: AMD A12-9720P RADEON R7, 12 COMPUTE CORES 4C+8G, 4 cores, 7G,  Windows 10 , 64 bit Build 19041 (10.0.19041.1348)
Time: Thu Dec  2 23:59:02 2021 Финляндия (зима) elapsed time: 9271.264871 seconds (0d 2h 34m 31s)

---------------  T H R E A D  ---------------

Current thread (0x000001edc2f8f000):  JavaThread "C2 CompilerThread0" daemon [_thread_in_native, id=2128, stack(0x00000012b4400000,0x00000012b4500000)]


Current CompileTask:
C2:9271265 23054 % !   4       com.android.ide.common.resources.DataMerger::mergeData @ 247 (611 bytes)

Stack: [0x00000012b4400000,0x00000012b4500000]
Native frames: (J=compiled Java code, j=interpreted, Vv=VM code, C=native code)
V  [jvm.dll+0x5ecfaa]
V  [jvm.dll+0x722bd5]
V  [jvm.dll+0x72412d]
V  [jvm.dll+0x7247e3]
V  [jvm.dll+0x242928]
V  [jvm.dll+0xbc4fc]
V  [jvm.dll+0xbca0c]
V  [jvm.dll+0x352d7d]
V  [jvm.dll+0x197e0c]
V  [jvm.dll+0x1fb70e]
V  [jvm.dll+0x1fa7f4]
V  [jvm.dll+0x18354c]
V  [jvm.dll+0x208ee7]
V  [jvm.dll+0x207731]
V  [jvm.dll+0x6eb1cf]
V  [jvm.dll+0x6e3d45]
V  [jvm.dll+0x5ebe96]
C  [ucrtbase.dll+0x21bb2]
C  [KERNEL32.DLL+0x17034]
C  [ntdll.dll+0x52651]


---------------  P R O C E S S  ---------------

Threads class SMR info:
_java_thread_list=0x000001edce801f00, length=53, elements={
0x000001eda8c7a800, 0x000001edc2f70000, 0x000001edc2f71000, 0x000001edc2f89000,
0x000001edc2f8b000, 0x000001edc2f8c000, 0x000001edc2f8f000, 0x000001edc2f90000,
0x000001edc3960800, 0x000001edc3a5e000, 0x000001edc50f8000, 0x000001edc4b30800,
0x000001edc4cc7000, 0x000001edc5264000, 0x000001edc5268000, 0x000001edc5265800,
0x000001edc5266800, 0x000001edc5263800, 0x000001edc5b24800, 0x000001edc5b1e800,
0x000001edc5b25000, 0x000001edc5b23800, 0x000001edc5b27000, 0x000001edc5b28800,
0x000001edc5b29800, 0x000001edcb5f0000, 0x000001edcb5ef000, 0x000001edcb79f000,
0x000001edcb5e9800, 0x000001edcb5e4800, 0x000001edcb5ec000, 0x000001edcb5e6000,
0x000001edcb5ec800, 0x000001edcb5f1800, 0x000001edcb5ed800, 0x000001edcb5f3000,
0x000001edcb5ee800, 0x000001edcb79b000, 0x000001edcb798800, 0x000001edcb79d800,
0x000001edcb799800, 0x000001edcb79c800, 0x000001edcb7a1000, 0x000001edcb79c000,
0x000001edcb7a3000, 0x000001edcb7a6800, 0x000001edcb79a000, 0x000001edcb7a1800,
0x000001edcb7a2800, 0x000001edcb7a4000, 0x000001edcb7a5000, 0x000001edc5b1f800,
0x000001edc5b20800
}

Java Threads: ( => current thread )
  0x000001eda8c7a800 JavaThread "main" [_thread_blocked, id=9328, stack(0x00000012b3800000,0x00000012b3900000)]
  0x000001edc2f70000 JavaThread "Reference Handler" daemon [_thread_blocked, id=7088, stack(0x00000012b3f00000,0x00000012b4000000)]
  0x000001edc2f71000 JavaThread "Finalizer" daemon [_thread_blocked, id=10216, stack(0x00000012b4000000,0x00000012b4100000)]
  0x000001edc2f89000 JavaThread "Signal Dispatcher" daemon [_thread_blocked, id=10016, stack(0x00000012b4100000,0x00000012b4200000)]
  0x000001edc2f8b000 JavaThread "Attach Listener" daemon [_thread_blocked, id=6976, stack(0x00000012b4200000,0x00000012b4300000)]
  0x000001edc2f8c000 JavaThread "Service Thread" daemon [_thread_blocked, id=6980, stack(0x00000012b4300000,0x00000012b4400000)]
=>0x000001edc2f8f000 JavaThread "C2 CompilerThread0" daemon [_thread_in_native, id=2128, stack(0x00000012b4400000,0x00000012b4500000)]
  0x000001edc2f90000 JavaThread "C1 CompilerThread0" daemon [_thread_in_native, id=5452, stack(0x00000012b4500000,0x00000012b4600000)]
  0x000001edc3960800 JavaThread "Sweeper thread" daemon [_thread_blocked, id=4808, stack(0x00000012b4600000,0x00000012b4700000)]
  0x000001edc3a5e000 JavaThread "Common-Cleaner" daemon [_thread_blocked, id=7564, stack(0x00000012b4700000,0x00000012b4800000)]
  0x000001edc50f8000 JavaThread "Daemon health stats" [_thread_blocked, id=5620, stack(0x00000012b4a00000,0x00000012b4b00000)]
  0x000001edc4b30800 JavaThread "Incoming local TCP Connector on port 49835" [_thread_in_native, id=3956, stack(0x00000012b4b00000,0x00000012b4c00000)]
  0x000001edc4cc7000 JavaThread "Daemon periodic checks" [_thread_blocked, id=7972, stack(0x00000012b4c00000,0x00000012b4d00000)]
  0x000001edc5264000 JavaThread "Cache worker for file hash cache (C:\Users\User\.gradle\caches\7.0.2\fileHashes)" [_thread_blocked, id=8092, stack(0x00000012b5600000,0x00000012b5700000)]
  0x000001edc5268000 JavaThread "File lock request listener" [_thread_in_native, id=8216, stack(0x00000012b5700000,0x00000012b5800000)]
  0x000001edc5265800 JavaThread "Cache worker for journal cache (C:\Users\User\.gradle\caches\journal-1)" [_thread_blocked, id=10052, stack(0x00000012b5800000,0x00000012b5900000)]
  0x000001edc5266800 JavaThread "File watcher server" daemon [_thread_in_native, id=2208, stack(0x00000012b5a00000,0x00000012b5b00000)]
  0x000001edc5263800 JavaThread "File watcher consumer" daemon [_thread_blocked, id=4620, stack(0x00000012b5b00000,0x00000012b5c00000)]
  0x000001edc5b24800 JavaThread "Cache worker for execution history cache (C:\Users\User\.gradle\caches\7.0.2\executionHistory)" [_thread_blocked, id=9212, stack(0x00000012b6000000,0x00000012b6100000)]
  0x000001edc5b1e800 JavaThread "jar transforms" [_thread_blocked, id=9544, stack(0x00000012b6100000,0x00000012b6200000)]
  0x000001edc5b25000 JavaThread "jar transforms Thread 2" [_thread_blocked, id=9336, stack(0x00000012b5c00000,0x00000012b5d00000)]
  0x000001edc5b23800 JavaThread "Cache worker for file content cache (C:\Users\User\.gradle\caches\7.0.2\fileContent)" [_thread_blocked, id=9620, stack(0x00000012b6300000,0x00000012b6400000)]
  0x000001edc5b27000 JavaThread "jar transforms Thread 3" [_thread_blocked, id=5924, stack(0x00000012b6500000,0x00000012b6600000)]
  0x000001edc5b28800 JavaThread "jar transforms Thread 4" [_thread_blocked, id=10084, stack(0x00000012b6a00000,0x00000012b6b00000)]
  0x000001edc5b29800 JavaThread "Memory manager" [_thread_blocked, id=2460, stack(0x00000012b6c00000,0x00000012b6d00000)]
  0x000001edcb5f0000 JavaThread "RMI Scheduler(0)" daemon [_thread_blocked, id=1928, stack(0x00000012b6f00000,0x00000012b7000000)]
  0x000001edcb5ef000 JavaThread "RMI TCP Accept-0" daemon [_thread_in_native, id=7652, stack(0x00000012b7200000,0x00000012b7300000)]
  0x000001edcb79f000 JavaThread "ForkJoinPool.commonPool-worker-7" daemon [_thread_blocked, id=6776, stack(0x00000012b7900000,0x00000012b7a00000)]
  0x000001edcb5e9800 JavaThread "Daemon Thread 6" [_thread_blocked, id=1380, stack(0x00000012b3500000,0x00000012b3600000)]
  0x000001edcb5e4800 JavaThread "Handler for socket connection from /127.0.0.1:49835 to /127.0.0.1:53211" [_thread_in_native, id=1436, stack(0x00000012b3600000,0x00000012b3700000)]
  0x000001edcb5ec000 JavaThread "Cancel handler" [_thread_blocked, id=1376, stack(0x00000012b3700000,0x00000012b3800000)]
  0x000001edcb5e6000 JavaThread "Daemon worker Thread 6" [_thread_in_vm, id=1484, stack(0x00000012b4d00000,0x00000012b4e00000)]
  0x000001edcb5ec800 JavaThread "Asynchronous log dispatcher for DefaultDaemonConnection: socket connection from /127.0.0.1:49835 to /127.0.0.1:53211" [_thread_blocked, id=1988, stack(0x00000012b4e00000,0x00000012b4f00000)]
  0x000001edcb5f1800 JavaThread "Stdin handler" [_thread_blocked, id=2164, stack(0x00000012b4f00000,0x00000012b5000000)]
  0x000001edcb5ed800 JavaThread "Daemon client event forwarder" [_thread_blocked, id=1212, stack(0x00000012b5000000,0x00000012b5100000)]
  0x000001edcb5f3000 JavaThread "Cache worker for file hash cache (D:\Android labs\Lab2\.gradle\7.0.2\fileHashes)" [_thread_blocked, id=1808, stack(0x00000012b5100000,0x00000012b5200000)]
  0x000001edcb5ee800 JavaThread "Cache worker for checksums cache (D:\Android labs\Lab2\.gradle\checksums)" [_thread_blocked, id=3872, stack(0x00000012b5200000,0x00000012b5300000)]
  0x000001edcb79b000 JavaThread "Cache worker for cache directory md-supplier (C:\Users\User\.gradle\caches\7.0.2\md-supplier)" [_thread_blocked, id=7892, stack(0x00000012b5300000,0x00000012b5400000)]
  0x000001edcb798800 JavaThread "Cache worker for cache directory md-rule (C:\Users\User\.gradle\caches\7.0.2\md-rule)" [_thread_blocked, id=4844, stack(0x00000012b5900000,0x00000012b5a00000)]
  0x000001edcb79d800 JavaThread "Cache worker for dependencies-accessors (D:\Android labs\Lab2\.gradle\7.0.2\dependencies-accessors)" [_thread_blocked, id=1816, stack(0x00000012b5d00000,0x00000012b5e00000)]
  0x000001edcb799800 JavaThread "Cache worker for Build Output Cleanup Cache (D:\Android labs\Lab2\.gradle\buildOutputCleanup)" [_thread_blocked, id=9356, stack(0x00000012b5e00000,0x00000012b5f00000)]
  0x000001edcb79c800 JavaThread "Build operations" [_thread_blocked, id=5536, stack(0x00000012b6200000,0x00000012b6300000)]
  0x000001edcb7a1000 JavaThread "Build operations Thread 2" [_thread_blocked, id=1464, stack(0x00000012b6400000,0x00000012b6500000)]
  0x000001edcb79c000 JavaThread "Build operations Thread 3" [_thread_blocked, id=2396, stack(0x00000012b6600000,0x00000012b6700000)]
  0x000001edcb7a3000 JavaThread "Build operations Thread 4" [_thread_blocked, id=9268, stack(0x00000012b6700000,0x00000012b6800000)]
  0x000001edcb7a6800 JavaThread "build event listener" [_thread_blocked, id=5428, stack(0x00000012b6800000,0x00000012b6900000)]
  0x000001edcb79a000 JavaThread "build event listener" [_thread_blocked, id=10640, stack(0x00000012b5f00000,0x00000012b6000000)]
  0x000001edcb7a1800 JavaThread "Execution worker for ':'" [_thread_blocked, id=10348, stack(0x00000012b6900000,0x00000012b6a00000)]
  0x000001edcb7a2800 JavaThread "Execution worker for ':' Thread 2" [_thread_blocked, id=5356, stack(0x00000012b6b00000,0x00000012b6c00000)]
  0x000001edcb7a4000 JavaThread "Execution worker for ':' Thread 3" [_thread_blocked, id=3496, stack(0x00000012b6d00000,0x00000012b6e00000)]
  0x000001edcb7a5000 JavaThread "Cache worker for execution history cache (D:\Android labs\Lab2\.gradle\7.0.2\executionHistory)" [_thread_blocked, id=2204, stack(0x00000012b6e00000,0x00000012b6f00000)]
  0x000001edc5b1f800 JavaThread "WorkerExecutor Queue" [_thread_blocked, id=2344, stack(0x00000012b7000000,0x00000012b7100000)]
  0x000001edc5b20800 JavaThread "C2 CompilerThread1" daemon [_thread_in_native, id=1752, stack(0x00000012b7100000,0x00000012b7200000)]

Other Threads:
  0x000001edc2f69800 VMThread "VM Thread" [stack: 0x00000012b3e00000,0x00000012b3f00000] [id=7096]
  0x000001edc3a6c000 WatcherThread [stack: 0x00000012b4800000,0x00000012b4900000] [id=6296]
  0x000001eda8c93000 GCTaskThread "GC Thread#0" [stack: 0x00000012b3900000,0x00000012b3a00000] [id=9320]
  0x000001edc4340000 GCTaskThread "GC Thread#1" [stack: 0x00000012b4900000,0x00000012b4a00000] [id=5044]
  0x000001edc3ed5000 GCTaskThread "GC Thread#2" [stack: 0x00000012b5400000,0x00000012b5500000] [id=7720]
  0x000001edc3cd6000 GCTaskThread "GC Thread#3" [stack: 0x00000012b5500000,0x00000012b5600000] [id=7492]
  0x000001eda8cc6000 ConcurrentGCThread "G1 Main Marker" [stack: 0x00000012b3a00000,0x00000012b3b00000] [id=9996]
  0x000001eda8cc7800 ConcurrentGCThread "G1 Conc#0" [stack: 0x00000012b3b00000,0x00000012b3c00000] [id=5456]
  0x000001eda8d43800 ConcurrentGCThread "G1 Refine#0" [stack: 0x00000012b3c00000,0x00000012b3d00000] [id=9492]
  0x000001eda8d44800 ConcurrentGCThread "G1 Young RemSet Sampling" [stack: 0x00000012b3d00000,0x00000012b3e00000] [id=6404]

Threads with active compile tasks:
C2 CompilerThread09271529 23054 % !   4       com.android.ide.common.resources.DataMerger::mergeData @ 247 (611 bytes)
C2 CompilerThread19271529 23093       4       org.apache.xerces.dom.NodeImpl::setUserData (12 bytes)

VM state:not at safepoint (normal execution)

VM Mutex/Monitor currently owned by a thread:  ([mutex/lock_event])
[0x000001eda8c6f010] SystemDictionary_lock - owner thread: 0x0000000000000000
[0x000001eda8c77d50] MethodData_lock - owner thread: 0x0000000000000000

Heap address: 0x0000000080000000, size: 2048 MB, Compressed Oops mode: 32-bit
Narrow klass base: 0x0000000000000000, Narrow klass shift: 3
Compressed class space size: 1073741824 Address: 0x0000000100000000

Heap:
 garbage-first heap   total 238592K, used 182768K [0x0000000080000000, 0x0000000100000000)
  region size 1024K, 9 young (9216K), 2 survivors (2048K)
 Metaspace       used 184569K, capacity 189122K, committed 189184K, reserved 1212416K
  class space    used 24140K, capacity 25824K, committed 25856K, reserved 1048576K
Heap Regions: E=young(eden), S=young(survivor), O=old, HS=humongous(starts), HC=humongous(continues), CS=collection set, F=free, A=archive, TAMS=top-at-mark-start (previous, next)
|   0|0x0000000080000000, 0x0000000080100000, 0x0000000080100000|100%| O|  |TAMS 0x0000000080100000, 0x0000000080000000| Untracked 
|   1|0x0000000080100000, 0x0000000080200000, 0x0000000080200000|100%| O|  |TAMS 0x0000000080200000, 0x0000000080100000| Untracked 
|   2|0x0000000080200000, 0x0000000080300000, 0x0000000080300000|100%| O|  |TAMS 0x0000000080300000, 0x0000000080200000| Untracked 
|   3|0x0000000080300000, 0x0000000080400000, 0x0000000080400000|100%|HS|  |TAMS 0x0000000080400000, 0x0000000080300000| Complete 
|   4|0x0000000080400000, 0x0000000080500000, 0x0000000080500000|100%|HC|  |TAMS 0x0000000080500000, 0x0000000080400000| Complete 
|   5|0x0000000080500000, 0x0000000080600000, 0x0000000080600000|100%|HC|  |TAMS 0x0000000080600000, 0x0000000080500000| Complete 
|   6|0x0000000080600000, 0x0000000080700000, 0x0000000080700000|100%| O|  |TAMS 0x0000000080700000, 0x0000000080600000| Untracked 
|   7|0x0000000080700000, 0x0000000080800000, 0x0000000080800000|100%| O|  |TAMS 0x0000000080800000, 0x0000000080700000| Untracked 
|   8|0x0000000080800000, 0x0000000080900000, 0x0000000080900000|100%| O|  |TAMS 0x0000000080900000, 0x0000000080800000| Untracked 
|   9|0x0000000080900000, 0x0000000080a00000, 0x0000000080a00000|100%| O|  |TAMS 0x0000000080a00000, 0x0000000080900000| Untracked 
|  10|0x0000000080a00000, 0x0000000080b00000, 0x0000000080b00000|100%| O|  |TAMS 0x0000000080b00000, 0x0000000080a00000| Untracked 
|  11|0x0000000080b00000, 0x0000000080c00000, 0x0000000080c00000|100%| O|  |TAMS 0x0000000080c00000, 0x0000000080b00000| Untracked 
|  12|0x0000000080c00000, 0x0000000080d00000, 0x0000000080d00000|100%| O|  |TAMS 0x0000000080d00000, 0x0000000080c00000| Untracked 
|  13|0x0000000080d00000, 0x0000000080e00000, 0x0000000080e00000|100%| O|  |TAMS 0x0000000080e00000, 0x0000000080d00000| Untracked 
|  14|0x0000000080e00000, 0x0000000080f00000, 0x0000000080f00000|100%| O|  |TAMS 0x0000000080f00000, 0x0000000080e00000| Untracked 
|  15|0x0000000080f00000, 0x0000000081000000, 0x0000000081000000|100%| O|  |TAMS 0x0000000081000000, 0x0000000080f00000| Untracked 
|  16|0x0000000081000000, 0x0000000081100000, 0x0000000081100000|100%| O|  |TAMS 0x0000000081100000, 0x0000000081000000| Untracked 
|  17|0x0000000081100000, 0x0000000081200000, 0x0000000081200000|100%| O|  |TAMS 0x0000000081200000, 0x0000000081100000| Untracked 
|  18|0x0000000081200000, 0x0000000081300000, 0x0000000081300000|100%| O|  |TAMS 0x0000000081300000, 0x0000000081200000| Untracked 
|  19|0x0000000081300000, 0x0000000081400000, 0x0000000081400000|100%| O|  |TAMS 0x0000000081400000, 0x0000000081300000| Untracked 
|  20|0x0000000081400000, 0x0000000081500000, 0x0000000081500000|100%| O|  |TAMS 0x0000000081500000, 0x0000000081400000| Untracked 
|  21|0x0000000081500000, 0x0000000081600000, 0x0000000081600000|100%| O|  |TAMS 0x0000000081600000, 0x0000000081500000| Untracked 
|  22|0x0000000081600000, 0x0000000081700000, 0x0000000081700000|100%| O|  |TAMS 0x0000000081700000, 0x0000000081600000| Untracked 
|  23|0x0000000081700000, 0x0000000081800000, 0x0000000081800000|100%| O|  |TAMS 0x0000000081800000, 0x0000000081700000| Untracked 
|  24|0x0000000081800000, 0x0000000081900000, 0x0000000081900000|100%| O|  |TAMS 0x0000000081900000, 0x0000000081800000| Untracked 
|  25|0x0000000081900000, 0x0000000081a00000, 0x0000000081a00000|100%| O|  |TAMS 0x0000000081a00000, 0x0000000081900000| Untracked 
|  26|0x0000000081a00000, 0x0000000081b00000, 0x0000000081b00000|100%|HS|  |TAMS 0x0000000081b00000, 0x0000000081a00000| Complete 
|  27|0x0000000081b00000, 0x0000000081c00000, 0x0000000081c00000|100%|HS|  |TAMS 0x0000000081c00000, 0x0000000081b00000| Complete 
|  28|0x0000000081c00000, 0x0000000081d00000, 0x0000000081d00000|100%|HS|  |TAMS 0x0000000081d00000, 0x0000000081c00000| Complete 
|  29|0x0000000081d00000, 0x0000000081e00000, 0x0000000081e00000|100%|HS|  |TAMS 0x0000000081e00000, 0x0000000081d00000| Complete 
|  30|0x0000000081e00000, 0x0000000081f00000, 0x0000000081f00000|100%|HC|  |TAMS 0x0000000081f00000, 0x0000000081e00000| Complete 
|  31|0x0000000081f00000, 0x0000000082000000, 0x0000000082000000|100%|HC|  |TAMS 0x0000000082000000, 0x0000000081f00000| Complete 
|  32|0x0000000082000000, 0x0000000082100000, 0x0000000082100000|100%|HS|  |TAMS 0x0000000082100000, 0x0000000082000000| Complete 
|  33|0x0000000082100000, 0x0000000082200000, 0x0000000082200000|100%|HC|  |TAMS 0x0000000082200000, 0x0000000082100000| Complete 
|  34|0x0000000082200000, 0x0000000082300000, 0x0000000082300000|100%| O|  |TAMS 0x0000000082300000, 0x0000000082200000| Untracked 
|  35|0x0000000082300000, 0x0000000082400000, 0x0000000082400000|100%| O|  |TAMS 0x0000000082400000, 0x0000000082300000| Untracked 
|  36|0x0000000082400000, 0x0000000082500000, 0x0000000082500000|100%| O|  |TAMS 0x0000000082500000, 0x0000000082400000| Untracked 
|  37|0x0000000082500000, 0x0000000082600000, 0x0000000082600000|100%| O|  |TAMS 0x0000000082600000, 0x0000000082500000| Untracked 
|  38|0x0000000082600000, 0x0000000082600000, 0x0000000082700000|  0%| F|  |TAMS 0x0000000082600000, 0x0000000082600000| Untracked 
|  39|0x0000000082700000, 0x0000000082800000, 0x0000000082800000|100%| O|  |TAMS 0x0000000082800000, 0x0000000082700000| Untracked 
|  40|0x0000000082800000, 0x0000000082900000, 0x0000000082900000|100%| O|  |TAMS 0x0000000082900000, 0x0000000082800000| Untracked 
|  41|0x0000000082900000, 0x0000000082a00000, 0x0000000082a00000|100%| O|  |TAMS 0x0000000082a00000, 0x0000000082900000| Untracked 
|  42|0x0000000082a00000, 0x0000000082b00000, 0x0000000082b00000|100%| O|  |TAMS 0x0000000082b00000, 0x0000000082a00000| Untracked 
|  43|0x0000000082b00000, 0x0000000082c00000, 0x0000000082c00000|100%| O|  |TAMS 0x0000000082c00000, 0x0000000082b00000| Untracked 
|  44|0x0000000082c00000, 0x0000000082d00000, 0x0000000082d00000|100%| O|  |TAMS 0x0000000082d00000, 0x0000000082c00000| Untracked 
|  45|0x0000000082d00000, 0x0000000082e00000, 0x0000000082e00000|100%| O|  |TAMS 0x0000000082e00000, 0x0000000082d00000| Untracked 
|  46|0x0000000082e00000, 0x0000000082f00000, 0x0000000082f00000|100%| O|  |TAMS 0x0000000082f00000, 0x0000000082e00000| Untracked 
|  47|0x0000000082f00000, 0x0000000083000000, 0x0000000083000000|100%| O|  |TAMS 0x0000000083000000, 0x0000000082f00000| Untracked 
|  48|0x0000000083000000, 0x0000000083100000, 0x0000000083100000|100%| O|  |TAMS 0x0000000083100000, 0x0000000083000000| Untracked 
|  49|0x0000000083100000, 0x0000000083200000, 0x0000000083200000|100%| O|  |TAMS 0x0000000083200000, 0x0000000083100000| Untracked 
|  50|0x0000000083200000, 0x0000000083300000, 0x0000000083300000|100%| O|  |TAMS 0x0000000083300000, 0x0000000083200000| Untracked 
|  51|0x0000000083300000, 0x0000000083400000, 0x0000000083400000|100%| O|  |TAMS 0x0000000083400000, 0x0000000083300000| Untracked 
|  52|0x0000000083400000, 0x0000000083500000, 0x0000000083500000|100%| O|  |TAMS 0x0000000083500000, 0x0000000083400000| Untracked 
|  53|0x0000000083500000, 0x0000000083600000, 0x0000000083600000|100%| O|  |TAMS 0x0000000083600000, 0x0000000083500000| Untracked 
|  54|0x0000000083600000, 0x0000000083600000, 0x0000000083700000|  0%| F|  |TAMS 0x0000000083600000, 0x0000000083600000| Untracked 
|  55|0x0000000083700000, 0x0000000083800000, 0x0000000083800000|100%| O|  |TAMS 0x0000000083800000, 0x0000000083700000| Untracked 
|  56|0x0000000083800000, 0x0000000083900000, 0x0000000083900000|100%| O|  |TAMS 0x0000000083900000, 0x0000000083800000| Untracked 
|  57|0x0000000083900000, 0x0000000083a00000, 0x0000000083a00000|100%| O|  |TAMS 0x0000000083a00000, 0x0000000083900000| Untracked 
|  58|0x0000000083a00000, 0x0000000083a00000, 0x0000000083b00000|  0%| F|  |TAMS 0x0000000083a00000, 0x0000000083a00000| Untracked 
|  59|0x0000000083b00000, 0x0000000083c00000, 0x0000000083c00000|100%| O|  |TAMS 0x0000000083c00000, 0x0000000083b00000| Untracked 
|  60|0x0000000083c00000, 0x0000000083d00000, 0x0000000083d00000|100%| O|  |TAMS 0x0000000083d00000, 0x0000000083c00000| Untracked 
|  61|0x0000000083d00000, 0x0000000083e00000, 0x0000000083e00000|100%| O|  |TAMS 0x0000000083e00000, 0x0000000083d00000| Untracked 
|  62|0x0000000083e00000, 0x0000000083f00000, 0x0000000083f00000|100%| O|  |TAMS 0x0000000083f00000, 0x0000000083e00000| Untracked 
|  63|0x0000000083f00000, 0x0000000084000000, 0x0000000084000000|100%| O|  |TAMS 0x0000000084000000, 0x0000000083f00000| Untracked 
|  64|0x0000000084000000, 0x0000000084100000, 0x0000000084100000|100%| O|  |TAMS 0x0000000084100000, 0x0000000084000000| Untracked 
|  65|0x0000000084100000, 0x0000000084200000, 0x0000000084200000|100%| O|  |TAMS 0x0000000084200000, 0x0000000084100000| Untracked 
|  66|0x0000000084200000, 0x0000000084300000, 0x0000000084300000|100%| O|  |TAMS 0x0000000084300000, 0x0000000084200000| Untracked 
|  67|0x0000000084300000, 0x0000000084400000, 0x0000000084400000|100%| O|  |TAMS 0x0000000084400000, 0x0000000084300000| Untracked 
|  68|0x0000000084400000, 0x0000000084500000, 0x0000000084500000|100%| O|  |TAMS 0x0000000084500000, 0x0000000084400000| Untracked 
|  69|0x0000000084500000, 0x0000000084600000, 0x0000000084600000|100%| O|  |TAMS 0x00000000845d2800, 0x0000000084500000| Untracked 
|  70|0x0000000084600000, 0x0000000084600000, 0x0000000084700000|  0%| F|  |TAMS 0x0000000084600000, 0x0000000084600000| Untracked 
|  71|0x0000000084700000, 0x0000000084800000, 0x0000000084800000|100%| O|  |TAMS 0x0000000084700000, 0x0000000084700000| Untracked 
|  72|0x0000000084800000, 0x0000000084900000, 0x0000000084900000|100%| O|  |TAMS 0x0000000084900000, 0x0000000084800000| Untracked 
|  73|0x0000000084900000, 0x0000000084a00000, 0x0000000084a00000|100%| O|  |TAMS 0x0000000084a00000, 0x0000000084900000| Untracked 
|  74|0x0000000084a00000, 0x0000000084b00000, 0x0000000084b00000|100%| O|  |TAMS 0x0000000084b00000, 0x0000000084a00000| Untracked 
|  75|0x0000000084b00000, 0x0000000084c00000, 0x0000000084c00000|100%| O|  |TAMS 0x0000000084b00000, 0x0000000084b00000| Untracked 
|  76|0x0000000084c00000, 0x0000000084d00000, 0x0000000084d00000|100%|HS|  |TAMS 0x0000000084d00000, 0x0000000084c00000| Complete 
|  77|0x0000000084d00000, 0x0000000084e00000, 0x0000000084e00000|100%|HC|  |TAMS 0x0000000084e00000, 0x0000000084d00000| Complete 
|  78|0x0000000084e00000, 0x0000000084f00000, 0x0000000084f00000|100%| O|  |TAMS 0x0000000084f00000, 0x0000000084e00000| Untracked 
|  79|0x0000000084f00000, 0x0000000085000000, 0x0000000085000000|100%| O|  |TAMS 0x0000000085000000, 0x0000000084f00000| Untracked 
|  80|0x0000000085000000, 0x0000000085100000, 0x0000000085100000|100%| O|  |TAMS 0x0000000085100000, 0x0000000085000000| Untracked 
|  81|0x0000000085100000, 0x0000000085200000, 0x0000000085200000|100%| O|  |TAMS 0x0000000085200000, 0x0000000085100000| Untracked 
|  82|0x0000000085200000, 0x0000000085300000, 0x0000000085300000|100%| O|  |TAMS 0x0000000085300000, 0x0000000085200000| Untracked 
|  83|0x0000000085300000, 0x0000000085400000, 0x0000000085400000|100%| O|  |TAMS 0x0000000085400000, 0x0000000085300000| Untracked 
|  84|0x0000000085400000, 0x0000000085500000, 0x0000000085500000|100%| O|  |TAMS 0x0000000085500000, 0x0000000085400000| Untracked 
|  85|0x0000000085500000, 0x0000000085600000, 0x0000000085600000|100%|HS|  |TAMS 0x0000000085500000, 0x0000000085500000| Complete 
|  86|0x0000000085600000, 0x0000000085700000, 0x0000000085700000|100%| O|  |TAMS 0x0000000085700000, 0x0000000085600000| Untracked 
|  87|0x0000000085700000, 0x0000000085800000, 0x0000000085800000|100%| O|  |TAMS 0x0000000085800000, 0x0000000085700000| Untracked 
|  88|0x0000000085800000, 0x0000000085900000, 0x0000000085900000|100%| O|  |TAMS 0x0000000085900000, 0x0000000085800000| Untracked 
|  89|0x0000000085900000, 0x0000000085a00000, 0x0000000085a00000|100%| O|  |TAMS 0x0000000085a00000, 0x0000000085900000| Untracked 
|  90|0x0000000085a00000, 0x0000000085b00000, 0x0000000085b00000|100%| O|  |TAMS 0x0000000085b00000, 0x0000000085a00000| Untracked 
|  91|0x0000000085b00000, 0x0000000085b00000, 0x0000000085c00000|  0%| F|  |TAMS 0x0000000085b00000, 0x0000000085b00000| Untracked 
|  92|0x0000000085c00000, 0x0000000085d00000, 0x0000000085d00000|100%| O|  |TAMS 0x0000000085d00000, 0x0000000085c00000| Untracked 
|  93|0x0000000085d00000, 0x0000000085e00000, 0x0000000085e00000|100%| O|  |TAMS 0x0000000085e00000, 0x0000000085d00000| Untracked 
|  94|0x0000000085e00000, 0x0000000085f00000, 0x0000000085f00000|100%| O|  |TAMS 0x0000000085f00000, 0x0000000085e00000| Untracked 
|  95|0x0000000085f00000, 0x0000000086000000, 0x0000000086000000|100%| O|  |TAMS 0x0000000086000000, 0x0000000085f00000| Untracked 
|  96|0x0000000086000000, 0x0000000086100000, 0x0000000086100000|100%|HS|  |TAMS 0x0000000086100000, 0x0000000086000000| Complete 
|  97|0x0000000086100000, 0x0000000086200000, 0x0000000086200000|100%|HC|  |TAMS 0x0000000086200000, 0x0000000086100000| Complete 
|  98|0x0000000086200000, 0x0000000086300000, 0x0000000086300000|100%|HC|  |TAMS 0x0000000086300000, 0x0000000086200000| Complete 
|  99|0x0000000086300000, 0x0000000086400000, 0x0000000086400000|100%|HS|  |TAMS 0x0000000086400000, 0x0000000086300000| Complete 
| 100|0x0000000086400000, 0x0000000086500000, 0x0000000086500000|100%|HC|  |TAMS 0x0000000086500000, 0x0000000086400000| Complete 
| 101|0x0000000086500000, 0x0000000086600000, 0x0000000086600000|100%|HC|  |TAMS 0x0000000086600000, 0x0000000086500000| Complete 
| 102|0x0000000086600000, 0x0000000086700000, 0x0000000086700000|100%|HC|  |TAMS 0x0000000086700000, 0x0000000086600000| Complete 
| 103|0x0000000086700000, 0x0000000086800000, 0x0000000086800000|100%|HC|  |TAMS 0x0000000086800000, 0x0000000086700000| Complete 
| 104|0x0000000086800000, 0x0000000086900000, 0x0000000086900000|100%|HS|  |TAMS 0x0000000086900000, 0x0000000086800000| Complete 
| 105|0x0000000086900000, 0x0000000086a00000, 0x0000000086a00000|100%|HC|  |TAMS 0x0000000086a00000, 0x0000000086900000| Complete 
| 106|0x0000000086a00000, 0x0000000086b00000, 0x0000000086b00000|100%|HC|  |TAMS 0x0000000086b00000, 0x0000000086a00000| Complete 
| 107|0x0000000086b00000, 0x0000000086c00000, 0x0000000086c00000|100%|HS|  |TAMS 0x0000000086c00000, 0x0000000086b00000| Complete 
| 108|0x0000000086c00000, 0x0000000086d00000, 0x0000000086d00000|100%|HC|  |TAMS 0x0000000086d00000, 0x0000000086c00000| Complete 
| 109|0x0000000086d00000, 0x0000000086e00000, 0x0000000086e00000|100%|HC|  |TAMS 0x0000000086e00000, 0x0000000086d00000| Complete 
| 110|0x0000000086e00000, 0x0000000086f00000, 0x0000000086f00000|100%|HC|  |TAMS 0x0000000086f00000, 0x0000000086e00000| Complete 
| 111|0x0000000086f00000, 0x0000000087000000, 0x0000000087000000|100%|HC|  |TAMS 0x0000000087000000, 0x0000000086f00000| Complete 
| 112|0x0000000087000000, 0x0000000087100000, 0x0000000087100000|100%| O|  |TAMS 0x0000000087100000, 0x0000000087000000| Untracked 
| 113|0x0000000087100000, 0x0000000087200000, 0x0000000087200000|100%| O|  |TAMS 0x0000000087200000, 0x0000000087100000| Untracked 
| 114|0x0000000087200000, 0x0000000087300000, 0x0000000087300000|100%| O|  |TAMS 0x0000000087300000, 0x0000000087200000| Untracked 
| 115|0x0000000087300000, 0x0000000087400000, 0x0000000087400000|100%| O|  |TAMS 0x0000000087400000, 0x0000000087300000| Untracked 
| 116|0x0000000087400000, 0x0000000087500000, 0x0000000087500000|100%| O|  |TAMS 0x0000000087500000, 0x0000000087400000| Untracked 
| 117|0x0000000087500000, 0x0000000087600000, 0x0000000087600000|100%| O|  |TAMS 0x0000000087600000, 0x0000000087500000| Untracked 
| 118|0x0000000087600000, 0x0000000087700000, 0x0000000087700000|100%| O|  |TAMS 0x0000000087700000, 0x0000000087600000| Untracked 
| 119|0x0000000087700000, 0x0000000087800000, 0x0000000087800000|100%| O|  |TAMS 0x0000000087700000, 0x0000000087700000| Untracked 
| 120|0x0000000087800000, 0x0000000087900000, 0x0000000087900000|100%| O|  |TAMS 0x0000000087900000, 0x0000000087800000| Untracked 
| 121|0x0000000087900000, 0x0000000087a00000, 0x0000000087a00000|100%| O|  |TAMS 0x0000000087a00000, 0x0000000087900000| Untracked 
| 122|0x0000000087a00000, 0x0000000087b00000, 0x0000000087b00000|100%| O|  |TAMS 0x0000000087a00000, 0x0000000087a00000| Untracked 
| 123|0x0000000087b00000, 0x0000000087c00000, 0x0000000087c00000|100%| O|  |TAMS 0x0000000087b00000, 0x0000000087b00000| Untracked 
| 124|0x0000000087c00000, 0x0000000087d00000, 0x0000000087d00000|100%| O|  |TAMS 0x0000000087c00000, 0x0000000087c00000| Untracked 
| 125|0x0000000087d00000, 0x0000000087e00000, 0x0000000087e00000|100%|HS|  |TAMS 0x0000000087e00000, 0x0000000087d00000| Complete 
| 126|0x0000000087e00000, 0x0000000087f00000, 0x0000000087f00000|100%| O|  |TAMS 0x0000000087f00000, 0x0000000087e00000| Untracked 
| 127|0x0000000087f00000, 0x0000000088000000, 0x0000000088000000|100%| O|  |TAMS 0x0000000088000000, 0x0000000087f00000| Untracked 
| 128|0x0000000088000000, 0x0000000088100000, 0x0000000088100000|100%| O|  |TAMS 0x0000000088100000, 0x0000000088000000| Untracked 
| 129|0x0000000088100000, 0x0000000088200000, 0x0000000088200000|100%| O|  |TAMS 0x0000000088200000, 0x0000000088100000| Untracked 
| 130|0x0000000088200000, 0x0000000088300000, 0x0000000088300000|100%| O|  |TAMS 0x0000000088300000, 0x0000000088200000| Untracked 
| 131|0x0000000088300000, 0x0000000088400000, 0x0000000088400000|100%| O|  |TAMS 0x0000000088400000, 0x0000000088300000| Untracked 
| 132|0x0000000088400000, 0x0000000088500000, 0x0000000088500000|100%| O|  |TAMS 0x0000000088500000, 0x0000000088400000| Untracked 
| 133|0x0000000088500000, 0x0000000088600000, 0x0000000088600000|100%| O|  |TAMS 0x0000000088600000, 0x0000000088500000| Untracked 
| 134|0x0000000088600000, 0x0000000088700000, 0x0000000088700000|100%| O|  |TAMS 0x0000000088600000, 0x0000000088600000| Untracked 
| 135|0x0000000088700000, 0x0000000088800000, 0x0000000088800000|100%| O|  |TAMS 0x0000000088800000, 0x0000000088700000| Untracked 
| 136|0x0000000088800000, 0x0000000088900000, 0x0000000088900000|100%| O|  |TAMS 0x0000000088900000, 0x0000000088800000| Untracked 
| 137|0x0000000088900000, 0x0000000088a00000, 0x0000000088a00000|100%| O|  |TAMS 0x0000000088a00000, 0x0000000088900000| Untracked 
| 138|0x0000000088a00000, 0x0000000088b00000, 0x0000000088b00000|100%| O|  |TAMS 0x0000000088b00000, 0x0000000088a00000| Untracked 
| 139|0x0000000088b00000, 0x0000000088c00000, 0x0000000088c00000|100%| O|  |TAMS 0x0000000088b00000, 0x0000000088b00000| Untracked 
| 140|0x0000000088c00000, 0x0000000088d00000, 0x0000000088d00000|100%| O|  |TAMS 0x0000000088d00000, 0x0000000088c00000| Untracked 
| 141|0x0000000088d00000, 0x0000000088e00000, 0x0000000088e00000|100%| O|  |TAMS 0x0000000088e00000, 0x0000000088d00000| Untracked 
| 142|0x0000000088e00000, 0x0000000088f00000, 0x0000000088f00000|100%| O|  |TAMS 0x0000000088f00000, 0x0000000088e00000| Untracked 
| 143|0x0000000088f00000, 0x0000000089000000, 0x0000000089000000|100%| O|  |TAMS 0x0000000089000000, 0x0000000088f00000| Untracked 
| 144|0x0000000089000000, 0x0000000089100000, 0x0000000089100000|100%| O|  |TAMS 0x0000000089000000, 0x0000000089000000| Untracked 
| 145|0x0000000089100000, 0x0000000089200000, 0x0000000089200000|100%| O|  |TAMS 0x0000000089100000, 0x0000000089100000| Untracked 
| 146|0x0000000089200000, 0x0000000089300000, 0x0000000089300000|100%| O|  |TAMS 0x0000000089300000, 0x0000000089200000| Untracked 
| 147|0x0000000089300000, 0x0000000089400000, 0x0000000089400000|100%| O|  |TAMS 0x0000000089400000, 0x0000000089300000| Untracked 
| 148|0x0000000089400000, 0x0000000089500000, 0x0000000089500000|100%| O|  |TAMS 0x0000000089500000, 0x0000000089400000| Untracked 
| 149|0x0000000089500000, 0x0000000089600000, 0x0000000089600000|100%| O|  |TAMS 0x0000000089600000, 0x0000000089500000| Untracked 
| 150|0x0000000089600000, 0x0000000089700000, 0x0000000089700000|100%| O|  |TAMS 0x0000000089700000, 0x0000000089600000| Untracked 
| 151|0x0000000089700000, 0x0000000089800000, 0x0000000089800000|100%| O|  |TAMS 0x0000000089800000, 0x0000000089700000| Untracked 
| 152|0x0000000089800000, 0x0000000089900000, 0x0000000089900000|100%| O|  |TAMS 0x0000000089900000, 0x0000000089800000| Untracked 
| 153|0x0000000089900000, 0x0000000089a00000, 0x0000000089a00000|100%| O|  |TAMS 0x0000000089a00000, 0x0000000089900000| Untracked 
| 154|0x0000000089a00000, 0x0000000089b00000, 0x0000000089b00000|100%| O|  |TAMS 0x0000000089b00000, 0x0000000089a00000| Untracked 
| 155|0x0000000089b00000, 0x0000000089c00000, 0x0000000089c00000|100%| O|  |TAMS 0x0000000089c00000, 0x0000000089b00000| Untracked 
| 156|0x0000000089c00000, 0x0000000089d00000, 0x0000000089d00000|100%| O|  |TAMS 0x0000000089c00000, 0x0000000089c00000| Untracked 
| 157|0x0000000089d00000, 0x0000000089e00000, 0x0000000089e00000|100%| O|  |TAMS 0x0000000089e00000, 0x0000000089d00000| Untracked 
| 158|0x0000000089e00000, 0x0000000089f00000, 0x0000000089f00000|100%| O|  |TAMS 0x0000000089f00000, 0x0000000089e00000| Untracked 
| 159|0x0000000089f00000, 0x000000008a000000, 0x000000008a000000|100%| O|  |TAMS 0x000000008a000000, 0x0000000089f00000| Untracked 
| 160|0x000000008a000000, 0x000000008a100000, 0x000000008a100000|100%| O|  |TAMS 0x000000008a100000, 0x000000008a000000| Untracked 
| 161|0x000000008a100000, 0x000000008a200000, 0x000000008a200000|100%| O|  |TAMS 0x000000008a200000, 0x000000008a100000| Untracked 
| 162|0x000000008a200000, 0x000000008a300000, 0x000000008a300000|100%| O|  |TAMS 0x000000008a300000, 0x000000008a200000| Untracked 
| 163|0x000000008a300000, 0x000000008a400000, 0x000000008a400000|100%| O|  |TAMS 0x000000008a400000, 0x000000008a300000| Untracked 
| 164|0x000000008a400000, 0x000000008a500000, 0x000000008a500000|100%| O|  |TAMS 0x000000008a500000, 0x000000008a400000| Untracked 
| 165|0x000000008a500000, 0x000000008a600000, 0x000000008a600000|100%| O|  |TAMS 0x000000008a600000, 0x000000008a500000| Untracked 
| 166|0x000000008a600000, 0x000000008a700000, 0x000000008a700000|100%| O|  |TAMS 0x000000008a700000, 0x000000008a600000| Untracked 
| 167|0x000000008a700000, 0x000000008a800000, 0x000000008a800000|100%| O|  |TAMS 0x000000008a800000, 0x000000008a700000| Untracked 
| 168|0x000000008a800000, 0x000000008a900000, 0x000000008a900000|100%| O|  |TAMS 0x000000008a900000, 0x000000008a800000| Untracked 
| 169|0x000000008a900000, 0x000000008aa00000, 0x000000008aa00000|100%| O|  |TAMS 0x000000008aa00000, 0x000000008a900000| Untracked 
| 170|0x000000008aa00000, 0x000000008aa00000, 0x000000008ab00000|  0%| F|  |TAMS 0x000000008aa00000, 0x000000008aa00000| Untracked 
| 171|0x000000008ab00000, 0x000000008ac00000, 0x000000008ac00000|100%| O|  |TAMS 0x000000008ab00000, 0x000000008ab00000| Untracked 
| 172|0x000000008ac00000, 0x000000008ad00000, 0x000000008ad00000|100%| O|  |TAMS 0x000000008ac00000, 0x000000008ac00000| Untracked 
| 173|0x000000008ad00000, 0x000000008ae00000, 0x000000008ae00000|100%| O|  |TAMS 0x000000008ad00000, 0x000000008ad00000| Untracked 
| 174|0x000000008ae00000, 0x000000008af00000, 0x000000008af00000|100%| O|  |TAMS 0x000000008ae00000, 0x000000008ae00000| Untracked 
| 175|0x000000008af00000, 0x000000008b000000, 0x000000008b000000|100%| O|  |TAMS 0x000000008af00000, 0x000000008af00000| Untracked 
| 176|0x000000008b000000, 0x000000008b07c200, 0x000000008b100000| 48%| O|  |TAMS 0x000000008b000000, 0x000000008b000000| Untracked 
| 177|0x000000008b100000, 0x000000008b100000, 0x000000008b200000|  0%| F|  |TAMS 0x000000008b100000, 0x000000008b100000| Untracked 
| 178|0x000000008b200000, 0x000000008b200000, 0x000000008b300000|  0%| F|  |TAMS 0x000000008b200000, 0x000000008b200000| Untracked 
| 179|0x000000008b300000, 0x000000008b300000, 0x000000008b400000|  0%| F|  |TAMS 0x000000008b300000, 0x000000008b300000| Untracked 
| 180|0x000000008b400000, 0x000000008b400000, 0x000000008b500000|  0%| F|  |TAMS 0x000000008b400000, 0x000000008b400000| Untracked 
| 181|0x000000008b500000, 0x000000008b500000, 0x000000008b600000|  0%| F|  |TAMS 0x000000008b500000, 0x000000008b500000| Untracked 
| 182|0x000000008b600000, 0x000000008b600000, 0x000000008b700000|  0%| F|  |TAMS 0x000000008b600000, 0x000000008b600000| Untracked 
| 183|0x000000008b700000, 0x000000008b700000, 0x000000008b800000|  0%| F|  |TAMS 0x000000008b700000, 0x000000008b700000| Untracked 
| 184|0x000000008b800000, 0x000000008b800000, 0x000000008b900000|  0%| F|  |TAMS 0x000000008b800000, 0x000000008b800000| Untracked 
| 185|0x000000008b900000, 0x000000008b900000, 0x000000008ba00000|  0%| F|  |TAMS 0x000000008b900000, 0x000000008b900000| Untracked 
| 186|0x000000008ba00000, 0x000000008ba00000, 0x000000008bb00000|  0%| F|  |TAMS 0x000000008ba00000, 0x000000008ba00000| Untracked 
| 187|0x000000008bb00000, 0x000000008bb00000, 0x000000008bc00000|  0%| F|  |TAMS 0x000000008bb00000, 0x000000008bb00000| Untracked 
| 188|0x000000008bc00000, 0x000000008bc00000, 0x000000008bd00000|  0%| F|  |TAMS 0x000000008bc00000, 0x000000008bc00000| Untracked 
| 189|0x000000008bd00000, 0x000000008bd00000, 0x000000008be00000|  0%| F|  |TAMS 0x000000008bd00000, 0x000000008bd00000| Untracked 
| 190|0x000000008be00000, 0x000000008be00000, 0x000000008bf00000|  0%| F|  |TAMS 0x000000008be00000, 0x000000008be00000| Untracked 
| 191|0x000000008bf00000, 0x000000008bf00000, 0x000000008c000000|  0%| F|  |TAMS 0x000000008bf00000, 0x000000008bf00000| Untracked 
| 192|0x000000008c000000, 0x000000008c000000, 0x000000008c100000|  0%| F|  |TAMS 0x000000008c000000, 0x000000008c000000| Untracked 
| 193|0x000000008c100000, 0x000000008c100000, 0x000000008c200000|  0%| F|  |TAMS 0x000000008c100000, 0x000000008c100000| Untracked 
| 194|0x000000008c200000, 0x000000008c200000, 0x000000008c300000|  0%| F|  |TAMS 0x000000008c200000, 0x000000008c200000| Untracked 
| 195|0x000000008c300000, 0x000000008c300000, 0x000000008c400000|  0%| F|  |TAMS 0x000000008c300000, 0x000000008c300000| Untracked 
| 196|0x000000008c400000, 0x000000008c400000, 0x000000008c500000|  0%| F|  |TAMS 0x000000008c400000, 0x000000008c400000| Untracked 
| 197|0x000000008c500000, 0x000000008c500000, 0x000000008c600000|  0%| F|  |TAMS 0x000000008c500000, 0x000000008c500000| Untracked 
| 198|0x000000008c600000, 0x000000008c600000, 0x000000008c700000|  0%| F|  |TAMS 0x000000008c600000, 0x000000008c600000| Untracked 
| 199|0x000000008c700000, 0x000000008c700000, 0x000000008c800000|  0%| F|  |TAMS 0x000000008c700000, 0x000000008c700000| Untracked 
| 200|0x000000008c800000, 0x000000008c800000, 0x000000008c900000|  0%| F|  |TAMS 0x000000008c800000, 0x000000008c800000| Untracked 
| 201|0x000000008c900000, 0x000000008c900000, 0x000000008ca00000|  0%| F|  |TAMS 0x000000008c900000, 0x000000008c900000| Untracked 
| 202|0x000000008ca00000, 0x000000008ca00000, 0x000000008cb00000|  0%| F|  |TAMS 0x000000008ca00000, 0x000000008ca00000| Untracked 
| 203|0x000000008cb00000, 0x000000008cb00000, 0x000000008cc00000|  0%| F|  |TAMS 0x000000008cb00000, 0x000000008cb00000| Untracked 
| 204|0x000000008cc00000, 0x000000008cc00000, 0x000000008cd00000|  0%| F|  |TAMS 0x000000008cc00000, 0x000000008cc00000| Untracked 
| 205|0x000000008cd00000, 0x000000008cd00000, 0x000000008ce00000|  0%| F|  |TAMS 0x000000008cd00000, 0x000000008cd00000| Untracked 
| 206|0x000000008ce00000, 0x000000008ce00000, 0x000000008cf00000|  0%| F|  |TAMS 0x000000008ce00000, 0x000000008ce00000| Untracked 
| 207|0x000000008cf00000, 0x000000008cf00000, 0x000000008d000000|  0%| F|  |TAMS 0x000000008cf00000, 0x000000008cf00000| Untracked 
| 208|0x000000008d000000, 0x000000008d000000, 0x000000008d100000|  0%| F|  |TAMS 0x000000008d000000, 0x000000008d000000| Untracked 
| 209|0x000000008d100000, 0x000000008d100000, 0x000000008d200000|  0%| F|  |TAMS 0x000000008d100000, 0x000000008d100000| Untracked 
| 210|0x000000008d200000, 0x000000008d200000, 0x000000008d300000|  0%| F|  |TAMS 0x000000008d200000, 0x000000008d200000| Untracked 
| 211|0x000000008d300000, 0x000000008d300000, 0x000000008d400000|  0%| F|  |TAMS 0x000000008d300000, 0x000000008d300000| Untracked 
| 212|0x000000008d400000, 0x000000008d400000, 0x000000008d500000|  0%| F|  |TAMS 0x000000008d400000, 0x000000008d400000| Untracked 
| 213|0x000000008d500000, 0x000000008d500000, 0x000000008d600000|  0%| F|  |TAMS 0x000000008d500000, 0x000000008d500000| Untracked 
| 214|0x000000008d600000, 0x000000008d600000, 0x000000008d700000|  0%| F|  |TAMS 0x000000008d600000, 0x000000008d600000| Untracked 
| 215|0x000000008d700000, 0x000000008d700000, 0x000000008d800000|  0%| F|  |TAMS 0x000000008d700000, 0x000000008d700000| Untracked 
| 216|0x000000008d800000, 0x000000008d800000, 0x000000008d900000|  0%| F|  |TAMS 0x000000008d800000, 0x000000008d800000| Untracked 
| 217|0x000000008d900000, 0x000000008d900000, 0x000000008da00000|  0%| F|  |TAMS 0x000000008d900000, 0x000000008d900000| Untracked 
| 218|0x000000008da00000, 0x000000008da00000, 0x000000008db00000|  0%| F|  |TAMS 0x000000008da00000, 0x000000008da00000| Untracked 
| 219|0x000000008db00000, 0x000000008db00000, 0x000000008dc00000|  0%| F|  |TAMS 0x000000008db00000, 0x000000008db00000| Untracked 
| 220|0x000000008dc00000, 0x000000008dc00000, 0x000000008dd00000|  0%| F|  |TAMS 0x000000008dc00000, 0x000000008dc00000| Untracked 
| 221|0x000000008dd00000, 0x000000008dd00000, 0x000000008de00000|  0%| F|  |TAMS 0x000000008dd00000, 0x000000008dd00000| Untracked 
| 222|0x000000008de00000, 0x000000008de00000, 0x000000008df00000|  0%| F|  |TAMS 0x000000008de00000, 0x000000008de00000| Untracked 
| 223|0x000000008df00000, 0x000000008e000000, 0x000000008e000000|100%| S|CS|TAMS 0x000000008df00000, 0x000000008df00000| Complete 
| 224|0x000000008e000000, 0x000000008e100000, 0x000000008e100000|100%| S|CS|TAMS 0x000000008e000000, 0x000000008e000000| Complete 
| 225|0x000000008e100000, 0x000000008e100000, 0x000000008e200000|  0%| F|  |TAMS 0x000000008e100000, 0x000000008e100000| Untracked 
| 226|0x000000008e200000, 0x000000008e300000, 0x000000008e300000|100%| E|  |TAMS 0x000000008e200000, 0x000000008e200000| Complete 
| 227|0x000000008e300000, 0x000000008e400000, 0x000000008e400000|100%| E|CS|TAMS 0x000000008e300000, 0x000000008e300000| Complete 
| 228|0x000000008e400000, 0x000000008e500000, 0x000000008e500000|100%| E|CS|TAMS 0x000000008e400000, 0x000000008e400000| Complete 
| 229|0x000000008e500000, 0x000000008e600000, 0x000000008e600000|100%| E|CS|TAMS 0x000000008e500000, 0x000000008e500000| Complete 
| 230|0x000000008e600000, 0x000000008e700000, 0x000000008e700000|100%| E|CS|TAMS 0x000000008e600000, 0x000000008e600000| Complete 
| 231|0x000000008e700000, 0x000000008e800000, 0x000000008e800000|100%| E|CS|TAMS 0x000000008e700000, 0x000000008e700000| Complete 
| 232|0x000000008e800000, 0x000000008e900000, 0x000000008e900000|100%| E|CS|TAMS 0x000000008e800000, 0x000000008e800000| Complete 

Card table byte_map: [0x000001edbc190000,0x000001edbc590000] _byte_map_base: 0x000001edbbd90000

Marking Bits (Prev, Next): (CMBitMap*) 0x000001eda8cbd258, (CMBitMap*) 0x000001eda8cbd290
 Prev Bits: [0x000001edbc990000, 0x000001edbe990000)
 Next Bits: [0x000001edbe990000, 0x000001edc0990000)

Polling page: 0x000001eda7410000

Metaspace:

Usage:
  Non-class:    159.47 MB capacity,   156.68 MB ( 98%) used,     2.28 MB (  1%) free+waste,   517.81 KB ( <1%) overhead. 
      Class:     25.22 MB capacity,    23.57 MB ( 93%) used,     1.41 MB (  6%) free+waste,   239.38 KB ( <1%) overhead. 
       Both:    184.69 MB capacity,   180.26 MB ( 98%) used,     3.69 MB (  2%) free+waste,   757.19 KB ( <1%) overhead. 

Virtual space:
  Non-class space:      160.00 MB reserved,     159.50 MB (>99%) committed 
      Class space:        1.00 GB reserved,      25.25 MB (  2%) committed 
             Both:        1.16 GB reserved,     184.75 MB ( 16%) committed 

Chunk freelists:
   Non-Class:  30.00 KB
       Class:  32.00 KB
        Both:  62.00 KB

MaxMetaspaceSize: 17179869184.00 GB
CompressedClassSpaceSize: 1.00 GB

CodeHeap 'non-profiled nmethods': size=120064Kb used=15663Kb max_used=16262Kb free=104400Kb
 bounds [0x000001edb4230000, 0x000001edb5220000, 0x000001edbb770000]
CodeHeap 'profiled nmethods': size=120000Kb used=46630Kb max_used=48573Kb free=73370Kb
 bounds [0x000001edacd00000, 0x000001edafca0000, 0x000001edb4230000]
CodeHeap 'non-nmethods': size=5696Kb used=2408Kb max_used=2474Kb free=3287Kb
 bounds [0x000001edac770000, 0x000001edac9f0000, 0x000001edacd00000]
 total_blobs=21633 nmethods=20578 adapters=966
 compilation: enabled
              stopped_count=0, restarted_count=0
 full_count=0

Compilation events (20 events):
Event: 9270.198 Thread 0x000001edc2f8f000 nmethod 23020 0x000001edb43d2990 code [0x000001edb43d2b20, 0x000001edb43d2b98]
Event: 9270.198 Thread 0x000001edc2f8f000 23048       4       com.android.ide.common.resources.DataItem::isTouched (15 bytes)
Event: 9270.198 Thread 0x000001edc2f8f000 nmethod 23048 0x000001edb4501b90 code [0x000001edb4501d20, 0x000001edb4501d98]
Event: 9270.198 Thread 0x000001edc2f8f000 23049       4       com.android.ide.common.resources.DataItem::setTouched (23 bytes)
Event: 9270.200 Thread 0x000001edc2f8f000 nmethod 23049 0x000001edb4501890 code [0x000001edb4501a20, 0x000001edb4501ad8]
Event: 9270.209 Thread 0x000001edc2f90000 23052 % !   3       com.android.ide.common.resources.DataMerger::mergeData @ 247 (611 bytes)
Event: 9270.214 Thread 0x000001edc2f90000 nmethod 23052% 0x000001edada60110 code [0x000001edada60680, 0x000001edada64348]
Event: 9270.219 Thread 0x000001edc2f90000 23053   !   3       com.android.ide.common.resources.DataMerger::mergeData (611 bytes)
Event: 9270.223 Thread 0x000001edc2f90000 nmethod 23053 0x000001edad697a90 code [0x000001edad698000, 0x000001edad69b838]
Event: 9270.229 Thread 0x000001edc2f8f000 23054 % !   4       com.android.ide.common.resources.DataMerger::mergeData @ 247 (611 bytes)
Event: 9270.273 Thread 0x000001edc2f90000 23055       3       org.gradle.internal.instantiation.generator.AsmBackedClassGenerator$ClassBuilderImpl::lambda$mixInDynamicAware$1 (60 bytes)
Event: 9270.274 Thread 0x000001edc2f90000 nmethod 23055 0x000001edad063990 code [0x000001edad063be0, 0x000001edad064268]
Event: 9270.436 Thread 0x000001edc2f90000 23058       1       com.google.common.cache.LocalCache$WeakValueReference::isActive (2 bytes)
Event: 9270.436 Thread 0x000001edc2f90000 nmethod 23058 0x000001edb4501590 code [0x000001edb4501740, 0x000001edb45017f8]
Event: 9270.479 Thread 0x000001edc2f90000 23061       3       com.android.ide.common.resources.ResourceMerger::addMergedItem (47 bytes)
Event: 9270.480 Thread 0x000001edc2f90000 nmethod 23061 0x000001edad0b8990 code [0x000001edad0b8ba0, 0x000001edad0b9328]
Event: 9270.482 Thread 0x000001edc2f90000 23062       1       com.android.ide.common.resources.ResourceMergerItem::getLibraryName (5 bytes)
Event: 9270.482 Thread 0x000001edc2f90000 nmethod 23062 0x000001edb4543b10 code [0x000001edb4543cc0, 0x000001edb4543d78]
Event: 9270.482 Thread 0x000001edc2f90000 23063       1       com.android.ide.common.resources.ResourceMergerItem::getNamespace (5 bytes)
Event: 9270.483 Thread 0x000001edc2f90000 nmethod 23063 0x000001edb4543810 code [0x000001edb45439c0, 0x000001edb4543a78]

GC Heap History (20 events):
Event: 9260.063 GC heap before
{Heap before GC invocations=115 (full 0):
 garbage-first heap   total 238592K, used 198676K [0x0000000080000000, 0x0000000100000000)
  region size 1024K, 47 young (48128K), 6 survivors (6144K)
 Metaspace       used 182228K, capacity 186647K, committed 187008K, reserved 1210368K
  class space    used 23962K, capacity 25661K, committed 25728K, reserved 1048576K
}
Event: 9260.095 GC heap after
{Heap after GC invocations=116 (full 0):
 garbage-first heap   total 238592K, used 160771K [0x0000000080000000, 0x0000000100000000)
  region size 1024K, 5 young (5120K), 5 survivors (5120K)
 Metaspace       used 182228K, capacity 186647K, committed 187008K, reserved 1210368K
  class space    used 23962K, capacity 25661K, committed 25728K, reserved 1048576K
}
Event: 9260.293 GC heap before
{Heap before GC invocations=116 (full 0):
 garbage-first heap   total 238592K, used 165891K [0x0000000080000000, 0x0000000100000000)
  region size 1024K, 11 young (11264K), 5 survivors (5120K)
 Metaspace       used 182236K, capacity 186656K, committed 187008K, reserved 1210368K
  class space    used 23963K, capacity 25663K, committed 25728K, reserved 1048576K
}
Event: 9260.321 GC heap after
{Heap after GC invocations=117 (full 0):
 garbage-first heap   total 238592K, used 156228K [0x0000000080000000, 0x0000000100000000)
  region size 1024K, 2 young (2048K), 2 survivors (2048K)
 Metaspace       used 182236K, capacity 186656K, committed 187008K, reserved 1210368K
  class space    used 23963K, capacity 25663K, committed 25728K, reserved 1048576K
}
Event: 9261.065 GC heap before
{Heap before GC invocations=117 (full 0):
 garbage-first heap   total 238592K, used 164420K [0x0000000080000000, 0x0000000100000000)
  region size 1024K, 11 young (11264K), 2 survivors (2048K)
 Metaspace       used 182902K, capacity 187397K, committed 187904K, reserved 1212416K
  class space    used 23996K, capacity 25696K, committed 25856K, reserved 1048576K
}
Event: 9261.108 GC heap after
{Heap after GC invocations=118 (full 0):
 garbage-first heap   total 238592K, used 154942K [0x0000000080000000, 0x0000000100000000)
  region size 1024K, 1 young (1024K), 1 survivors (1024K)
 Metaspace       used 182902K, capacity 187397K, committed 187904K, reserved 1212416K
  class space    used 23996K, capacity 25696K, committed 25856K, reserved 1048576K
}
Event: 9261.129 GC heap before
{Heap before GC invocations=118 (full 0):
 garbage-first heap   total 238592K, used 154942K [0x0000000080000000, 0x0000000100000000)
  region size 1024K, 2 young (2048K), 1 survivors (1024K)
 Metaspace       used 182927K, capacity 187397K, committed 187904K, reserved 1212416K
  class space    used 23999K, capacity 25696K, committed 25856K, reserved 1048576K
}
Event: 9261.139 GC heap after
{Heap after GC invocations=119 (full 0):
 garbage-first heap   total 238592K, used 154954K [0x0000000080000000, 0x0000000100000000)
  region size 1024K, 1 young (1024K), 1 survivors (1024K)
 Metaspace       used 182927K, capacity 187397K, committed 187904K, reserved 1212416K
  class space    used 23999K, capacity 25696K, committed 25856K, reserved 1048576K
}
Event: 9265.348 GC heap before
{Heap before GC invocations=120 (full 0):
 garbage-first heap   total 238592K, used 185674K [0x0000000080000000, 0x0000000100000000)
  region size 1024K, 29 young (29696K), 1 survivors (1024K)
 Metaspace       used 183917K, capacity 188423K, committed 188672K, reserved 1212416K
  class space    used 24094K, capacity 25803K, committed 25856K, reserved 1048576K
}
Event: 9265.527 GC heap after
{Heap after GC invocations=121 (full 0):
 garbage-first heap   total 238592K, used 166218K [0x0000000080000000, 0x0000000100000000)
  region size 1024K, 4 young (4096K), 4 survivors (4096K)
 Metaspace       used 183917K, capacity 188423K, committed 188672K, reserved 1212416K
  class space    used 24094K, capacity 25803K, committed 25856K, reserved 1048576K
}
Event: 9266.640 GC heap before
{Heap before GC invocations=121 (full 0):
 garbage-first heap   total 238592K, used 172362K [0x0000000080000000, 0x0000000100000000)
  region size 1024K, 11 young (11264K), 4 survivors (4096K)
 Metaspace       used 183969K, capacity 188487K, committed 188672K, reserved 1212416K
  class space    used 24094K, capacity 25803K, committed 25856K, reserved 1048576K
}
Event: 9266.697 GC heap after
{Heap after GC invocations=122 (full 0):
 garbage-first heap   total 238592K, used 159703K [0x0000000080000000, 0x0000000100000000)
  region size 1024K, 2 young (2048K), 2 survivors (2048K)
 Metaspace       used 183969K, capacity 188487K, committed 188672K, reserved 1212416K
  class space    used 24094K, capacity 25803K, committed 25856K, reserved 1048576K
}
Event: 9267.780 GC heap before
{Heap before GC invocations=122 (full 0):
 garbage-first heap   total 238592K, used 168919K [0x0000000080000000, 0x0000000100000000)
  region size 1024K, 11 young (11264K), 2 survivors (2048K)
 Metaspace       used 184015K, capacity 188551K, committed 188928K, reserved 1212416K
  class space    used 24094K, capacity 25803K, committed 25856K, reserved 1048576K
}
Event: 9267.895 GC heap after
{Heap after GC invocations=123 (full 0):
 garbage-first heap   total 238592K, used 163322K [0x0000000080000000, 0x0000000100000000)
  region size 1024K, 2 young (2048K), 2 survivors (2048K)
 Metaspace       used 184015K, capacity 188551K, committed 188928K, reserved 1212416K
  class space    used 24094K, capacity 25803K, committed 25856K, reserved 1048576K
}
Event: 9268.746 GC heap before
{Heap before GC invocations=123 (full 0):
 garbage-first heap   total 238592K, used 174586K [0x0000000080000000, 0x0000000100000000)
  region size 1024K, 14 young (14336K), 2 survivors (2048K)
 Metaspace       used 184037K, capacity 188551K, committed 188928K, reserved 1212416K
  class space    used 24094K, capacity 25803K, committed 25856K, reserved 1048576K
}
Event: 9268.761 GC heap after
{Heap after GC invocations=124 (full 0):
 garbage-first heap   total 238592K, used 166730K [0x0000000080000000, 0x0000000100000000)
  region size 1024K, 4 young (4096K), 4 survivors (4096K)
 Metaspace       used 184037K, capacity 188551K, committed 188928K, reserved 1212416K
  class space    used 24094K, capacity 25803K, committed 25856K, reserved 1048576K
}
Event: 9269.813 GC heap before
{Heap before GC invocations=125 (full 0):
 garbage-first heap   total 238592K, used 190282K [0x0000000080000000, 0x0000000100000000)
  region size 1024K, 24 young (24576K), 4 survivors (4096K)
 Metaspace       used 184135K, capacity 188679K, committed 188928K, reserved 1212416K
  class space    used 24094K, capacity 25803K, committed 25856K, reserved 1048576K
}
Event: 9269.832 GC heap after
{Heap after GC invocations=126 (full 0):
 garbage-first heap   total 238592K, used 175839K [0x0000000080000000, 0x0000000100000000)
  region size 1024K, 3 young (3072K), 3 survivors (3072K)
 Metaspace       used 184135K, capacity 188679K, committed 188928K, reserved 1212416K
  class space    used 24094K, capacity 25803K, committed 25856K, reserved 1048576K
}
Event: 9270.106 GC heap before
{Heap before GC invocations=126 (full 0):
 garbage-first heap   total 238592K, used 184031K [0x0000000080000000, 0x0000000100000000)
  region size 1024K, 11 young (11264K), 3 survivors (3072K)
 Metaspace       used 184295K, capacity 188810K, committed 189184K, reserved 1212416K
  class space    used 24110K, capacity 25804K, committed 25856K, reserved 1048576K
}
Event: 9270.165 GC heap after
{Heap after GC invocations=127 (full 0):
 garbage-first heap   total 238592K, used 176624K [0x0000000080000000, 0x0000000100000000)
  region size 1024K, 2 young (2048K), 2 survivors (2048K)
 Metaspace       used 184295K, capacity 188810K, committed 189184K, reserved 1212416K
  class space    used 24110K, capacity 25804K, committed 25856K, reserved 1048576K
}

Deoptimization events (20 events):
Event: 9268.774 Thread 0x000001edcb5e6000 Uncommon trap: trap_request=0xffffff4d fr.pc=0x000001edb5189498 relative=0x0000000000001518
Event: 9268.775 Thread 0x000001edcb5e6000 Uncommon trap: reason=unstable_if action=reinterpret pc=0x000001edb5189498 method=org.apache.xerces.impl.XMLScanner.scanAttributeValue(Lorg/apache/xerces/xni/XMLString;Lorg/apache/xerces/xni/XMLString;Ljava/lang/String;ZLjava/lang/String;)Z @ 642 c2
Event: 9268.780 Thread 0x000001edcb5e6000 DEOPT PACKING pc=0x000001edb5189498 sp=0x00000012b4df6c80
Event: 9268.783 Thread 0x000001edcb5e6000 DEOPT UNPACKING pc=0x000001edac7973af sp=0x00000012b4df6c20 mode 2
Event: 9269.974 Thread 0x000001edcb5e6000 Uncommon trap: trap_request=0xffffff6e fr.pc=0x000001edb51b1eec relative=0x0000000000000aec
Event: 9269.974 Thread 0x000001edcb5e6000 Uncommon trap: reason=speculate_class_check action=maybe_recompile pc=0x000001edb51b1eec method=com.android.ide.common.resources.ResourceMergerItem.getKey()Ljava/lang/String; @ 35 c2
Event: 9269.974 Thread 0x000001edcb5e6000 DEOPT PACKING pc=0x000001edb51b1eec sp=0x00000012b4df7660
Event: 9269.974 Thread 0x000001edcb5e6000 DEOPT UNPACKING pc=0x000001edac7973af sp=0x00000012b4df7610 mode 2
Event: 9269.974 Thread 0x000001edcb5e6000 Uncommon trap: trap_request=0xffffff6e fr.pc=0x000001edb51b1eec relative=0x0000000000000aec
Event: 9269.974 Thread 0x000001edcb5e6000 Uncommon trap: reason=speculate_class_check action=maybe_recompile pc=0x000001edb51b1eec method=com.android.ide.common.resources.ResourceMergerItem.getKey()Ljava/lang/String; @ 35 c2
Event: 9269.974 Thread 0x000001edcb5e6000 DEOPT PACKING pc=0x000001edb51b1eec sp=0x00000012b4df77c0
Event: 9269.974 Thread 0x000001edcb5e6000 DEOPT UNPACKING pc=0x000001edac7973af sp=0x00000012b4df7770 mode 2
Event: 9269.984 Thread 0x000001edcb5e6000 Uncommon trap: trap_request=0xffffff4d fr.pc=0x000001edb5186a64 relative=0x0000000000000284
Event: 9269.984 Thread 0x000001edcb5e6000 Uncommon trap: reason=unstable_if action=reinterpret pc=0x000001edb5186a64 method=org.apache.xerces.impl.XMLEntityScanner.skipString(Ljava/lang/String;)Z @ 65 c2
Event: 9269.984 Thread 0x000001edcb5e6000 DEOPT PACKING pc=0x000001edb5186a64 sp=0x00000012b4df7010
Event: 9269.984 Thread 0x000001edcb5e6000 DEOPT UNPACKING pc=0x000001edac7973af sp=0x00000012b4df6fd0 mode 2
Event: 9269.984 Thread 0x000001edcb5e6000 Uncommon trap: trap_request=0xffffff4d fr.pc=0x000001edb51e7ac8 relative=0x0000000000000988
Event: 9269.984 Thread 0x000001edcb5e6000 Uncommon trap: reason=unstable_if action=reinterpret pc=0x000001edb51e7ac8 method=com.android.utils.PositionXmlParser$DomBuilder.findOpeningTag(Lcom/android/utils/PositionXmlParser$Position;)Lcom/android/utils/PositionXmlParser$Position; @ 81 c2
Event: 9269.984 Thread 0x000001edcb5e6000 DEOPT PACKING pc=0x000001edb51e7ac8 sp=0x00000012b4df6dd0
Event: 9269.985 Thread 0x000001edcb5e6000 DEOPT UNPACKING pc=0x000001edac7973af sp=0x00000012b4df6d48 mode 2

Classes redefined (0 events):
No events

Internal exceptions (20 events):
Event: 9259.167 Thread 0x000001edcb5ed800 Exception <a 'java/lang/NoSuchMethodError'{0x000000008d208190}: <clinit>> (0x000000008d208190) thrown at [./src/hotspot/share/prims/jni.cpp, line 1362]
Event: 9259.178 Thread 0x000001edcb79a000 Exception <a 'java/lang/NoSuchMethodError'{0x000000008d213e90}: <clinit>> (0x000000008d213e90) thrown at [./src/hotspot/share/prims/jni.cpp, line 1362]
Event: 9259.246 Thread 0x000001edcb5ed800 Exception <a 'java/lang/NoSuchMethodError'{0x000000008d27e3c0}: <clinit>> (0x000000008d27e3c0) thrown at [./src/hotspot/share/prims/jni.cpp, line 1362]
Event: 9262.031 Thread 0x000001edcb5e6000 Implicit null exception at 0x000001edb470ca84 to 0x000001edb470cc7c
Event: 9270.280 Thread 0x000001edcb5e6000 Exception <a 'java/lang/NoSuchMethodError'{0x000000008e79d888}: <clinit>> (0x000000008e79d888) thrown at [./src/hotspot/share/prims/jni.cpp, line 1362]
Event: 9270.282 Thread 0x000001edcb5e6000 Exception <a 'java/lang/NoSuchMethodError'{0x000000008e7b2e00}: <clinit>> (0x000000008e7b2e00) thrown at [./src/hotspot/share/prims/jni.cpp, line 1362]
Event: 9270.332 Thread 0x000001edcb5e6000 Exception <a 'java/lang/NoSuchMethodError'{0x000000008e640448}: <clinit>> (0x000000008e640448) thrown at [./src/hotspot/share/prims/jni.cpp, line 1362]
Event: 9270.332 Thread 0x000001edcb5e6000 Exception <a 'java/lang/NoSuchMethodError'{0x000000008e643808}: <clinit>> (0x000000008e643808) thrown at [./src/hotspot/share/prims/jni.cpp, line 1362]
Event: 9270.333 Thread 0x000001edcb5e6000 Exception <a 'java/lang/NoSuchMethodError'{0x000000008e6489e0}: <clinit>> (0x000000008e6489e0) thrown at [./src/hotspot/share/prims/jni.cpp, line 1362]
Event: 9270.333 Thread 0x000001edcb5e6000 Exception <a 'java/lang/NoSuchMethodError'{0x000000008e655258}: <clinit>> (0x000000008e655258) thrown at [./src/hotspot/share/prims/jni.cpp, line 1362]
Event: 9270.341 Thread 0x000001edcb5e6000 Exception <a 'java/lang/NoSuchMethodError'{0x000000008e6bb7a8}: <clinit>> (0x000000008e6bb7a8) thrown at [./src/hotspot/share/prims/jni.cpp, line 1362]
Event: 9270.354 Thread 0x000001edcb5e6000 Exception <a 'java/lang/NoSuchMethodError'{0x000000008e6fe5a8}: <clinit>> (0x000000008e6fe5a8) thrown at [./src/hotspot/share/prims/jni.cpp, line 1362]
Event: 9270.354 Thread 0x000001edcb5e6000 Exception <a 'java/lang/NoSuchMethodError'{0x000000008e5026a8}: <clinit>> (0x000000008e5026a8) thrown at [./src/hotspot/share/prims/jni.cpp, line 1362]
Event: 9270.355 Thread 0x000001edcb5e6000 Exception <a 'java/lang/NoSuchMethodError'{0x000000008e505db8}: <clinit>> (0x000000008e505db8) thrown at [./src/hotspot/share/prims/jni.cpp, line 1362]
Event: 9270.357 Thread 0x000001edcb5e6000 Exception <a 'java/lang/NoSuchMethodError'{0x000000008e525000}: <clinit>> (0x000000008e525000) thrown at [./src/hotspot/share/prims/jni.cpp, line 1362]
Event: 9270.374 Thread 0x000001edcb5e6000 Exception <a 'java/lang/NoSuchMethodError'{0x000000008e5432b0}: <clinit>> (0x000000008e5432b0) thrown at [./src/hotspot/share/prims/jni.cpp, line 1362]
Event: 9270.379 Thread 0x000001edcb5e6000 Exception <a 'java/lang/NoSuchMethodError'{0x000000008e55df40}: <clinit>> (0x000000008e55df40) thrown at [./src/hotspot/share/prims/jni.cpp, line 1362]
Event: 9270.385 Thread 0x000001edcb5e6000 Exception <a 'java/lang/NoSuchMethodError'{0x000000008e58a908}: <clinit>> (0x000000008e58a908) thrown at [./src/hotspot/share/prims/jni.cpp, line 1362]
Event: 9270.390 Thread 0x000001edcb5e6000 Exception <a 'java/lang/NoSuchMethodError'{0x000000008e5ba6d0}: <clinit>> (0x000000008e5ba6d0) thrown at [./src/hotspot/share/prims/jni.cpp, line 1362]
Event: 9270.394 Thread 0x000001edcb5e6000 Exception <a 'java/lang/NoSuchMethodError'{0x000000008e5d3c40}: <clinit>> (0x000000008e5d3c40) thrown at [./src/hotspot/share/prims/jni.cpp, line 1362]

Events (20 events):
Event: 9270.253 loading class com/android/ide/common/resources/MergedResourceWriter$FileGenerationWorkAction done
Event: 9270.263 loading class com/android/build/gradle/internal/tasks/Workers$RunnableWrapperWorkAction
Event: 9270.263 loading class com/android/build/gradle/internal/tasks/Workers$RunnableWrapperWorkAction done
Event: 9270.266 loading class com/android/build/gradle/internal/tasks/Workers$WorkerExecutorAdapter$submit$1
Event: 9270.266 loading class com/android/build/gradle/internal/tasks/Workers$WorkerExecutorAdapter$submit$1 done
Event: 9270.269 loading class com/android/build/gradle/internal/tasks/Workers$RunnableWrapperParams
Event: 9270.269 loading class com/android/build/gradle/internal/tasks/Workers$RunnableWrapperParams done
Event: 9270.283 loading class com/android/ide/common/resources/MergedResourceWriter$1
Event: 9270.283 loading class com/android/ide/common/resources/MergedResourceWriter$1 done
Event: 9270.317 loading class com/android/ide/common/util/PathString
Event: 9270.317 loading class com/android/ide/common/util/PathString done
Event: 9270.323 loading class com/android/ide/common/rendering/api/ResourceReference
Event: 9270.323 loading class com/android/ide/common/rendering/api/ResourceReference done
Event: 9270.381 loading class com/android/ide/common/rendering/api/ResourceNamespace$1
Event: 9270.381 loading class com/android/ide/common/rendering/api/ResourceNamespace$1 done
Event: 9270.394 loading class com/android/build/gradle/internal/LoggerWrapper$1
Event: 9270.394 loading class com/android/build/gradle/internal/LoggerWrapper$1 done
Event: 9270.396 Thread 0x000001edc5b1f800 Thread added: 0x000001edc5b1f800
Event: 9270.456 Executing VM operation: RevokeBias
Event: 9270.457 Executing VM operation: RevokeBias done


Dynamic libraries:
0x00007ff65d500000 - 0x00007ff65d50a000 	D:\Android studio\jre\bin\java.exe
0x00007ffbecc30000 - 0x00007ffbece25000 	C:\WINDOWS\SYSTEM32\ntdll.dll
0x00007ffbeb190000 - 0x00007ffbeb24e000 	C:\WINDOWS\System32\KERNEL32.DLL
0x00007ffbea7a0000 - 0x00007ffbeaa68000 	C:\WINDOWS\System32\KERNELBASE.dll
0x00007ffbea4e0000 - 0x00007ffbea5e0000 	C:\WINDOWS\System32\ucrtbase.dll
0x00007ffba71e0000 - 0x00007ffba71f9000 	D:\Android studio\jre\bin\jli.dll
0x00007ffbeae80000 - 0x00007ffbeb021000 	C:\WINDOWS\System32\USER32.dll
0x00007ffbea350000 - 0x00007ffbea372000 	C:\WINDOWS\System32\win32u.dll
0x00007ffbeb160000 - 0x00007ffbeb18b000 	C:\WINDOWS\System32\GDI32.dll
0x00007ffbea690000 - 0x00007ffbea79b000 	C:\WINDOWS\System32\gdi32full.dll
0x00007ffbea3b0000 - 0x00007ffbea44d000 	C:\WINDOWS\System32\msvcp_win.dll
0x00007ffbcd5b0000 - 0x00007ffbcd84a000 	C:\WINDOWS\WinSxS\amd64_microsoft.windows.common-controls_6595b64144ccf1df_6.0.19041.1110_none_60b5254171f9507e\COMCTL32.dll
0x00007ffbebfa0000 - 0x00007ffbec03e000 	C:\WINDOWS\System32\msvcrt.dll
0x00007ffba70d0000 - 0x00007ffba70e7000 	D:\Android studio\jre\bin\VCRUNTIME140.dll
0x00007ffbec6f0000 - 0x00007ffbec720000 	C:\WINDOWS\System32\IMM32.DLL
0x00007ffba2390000 - 0x00007ffba242d000 	D:\Android studio\jre\bin\msvcp140.dll
0x00007ffba0950000 - 0x00007ffba141f000 	D:\Android studio\jre\bin\server\jvm.dll
0x00007ffbec050000 - 0x00007ffbec0fc000 	C:\WINDOWS\System32\ADVAPI32.dll
0x00007ffbec870000 - 0x00007ffbec90b000 	C:\WINDOWS\System32\sechost.dll
0x00007ffbeb030000 - 0x00007ffbeb15a000 	C:\WINDOWS\System32\RPCRT4.dll
0x00007ffbec720000 - 0x00007ffbec728000 	C:\WINDOWS\System32\PSAPI.DLL
0x00007ffbe22d0000 - 0x00007ffbe22d9000 	C:\WINDOWS\SYSTEM32\WSOCK32.dll
0x00007ffbec800000 - 0x00007ffbec86b000 	C:\WINDOWS\System32\WS2_32.dll
0x00007ffbe1320000 - 0x00007ffbe132a000 	C:\WINDOWS\SYSTEM32\VERSION.dll
0x00007ffbe12f0000 - 0x00007ffbe1317000 	C:\WINDOWS\SYSTEM32\WINMM.dll
0x00007ffbe8c20000 - 0x00007ffbe8c32000 	C:\WINDOWS\SYSTEM32\kernel.appcore.dll
0x00007ffbb36b0000 - 0x00007ffbb36c1000 	D:\Android studio\jre\bin\verify.dll
0x00007ffbdb410000 - 0x00007ffbdb5f4000 	C:\WINDOWS\SYSTEM32\DBGHELP.DLL
0x00007ffbdb3e0000 - 0x00007ffbdb40c000 	C:\WINDOWS\SYSTEM32\dbgcore.DLL
0x00007ffbea450000 - 0x00007ffbea4d3000 	C:\WINDOWS\System32\bcryptPrimitives.dll
0x00007ffbb23d0000 - 0x00007ffbb23f9000 	D:\Android studio\jre\bin\java.dll
0x00007ffbe22c0000 - 0x00007ffbe22cb000 	D:\Android studio\jre\bin\jimage.dll
0x00007ffbb35c0000 - 0x00007ffbb35d8000 	D:\Android studio\jre\bin\zip.dll
0x00007ffbeb730000 - 0x00007ffbebe6f000 	C:\WINDOWS\System32\SHELL32.dll
0x00007ffbe8300000 - 0x00007ffbe8a90000 	C:\WINDOWS\SYSTEM32\windows.storage.dll
0x00007ffbeb2b0000 - 0x00007ffbeb605000 	C:\WINDOWS\System32\combase.dll
0x00007ffbe9d20000 - 0x00007ffbe9d4e000 	C:\WINDOWS\SYSTEM32\Wldp.dll
0x00007ffbeb670000 - 0x00007ffbeb71d000 	C:\WINDOWS\System32\SHCORE.dll
0x00007ffbeb250000 - 0x00007ffbeb2a5000 	C:\WINDOWS\System32\shlwapi.dll
0x00007ffbea290000 - 0x00007ffbea2af000 	C:\WINDOWS\SYSTEM32\profapi.dll
0x00007ffbb3250000 - 0x00007ffbb326a000 	D:\Android studio\jre\bin\net.dll
0x00007ffbccd90000 - 0x00007ffbcce9c000 	C:\WINDOWS\SYSTEM32\WINHTTP.dll
0x00007ffbe9a30000 - 0x00007ffbe9a9a000 	C:\WINDOWS\system32\mswsock.dll
0x00007ffbb2260000 - 0x00007ffbb2274000 	D:\Android studio\jre\bin\nio.dll
0x00007ffbaa690000 - 0x00007ffbaa6b7000 	C:\Users\User\.gradle\native\8bec1ad78214c89d9ad589b4d07fe93259594b29d510b10fafb7a158f7737e5d\windows-amd64\native-platform.dll
0x00007ffba24c0000 - 0x00007ffba25fd000 	C:\Users\User\.gradle\native\53dbd7edfb1c66fb8903c78663c9afc45aea4f116125fa6feffd364cf09443e8\windows-amd64\native-platform-file-events.dll
0x00007ffbcc6a0000 - 0x00007ffbcc6aa000 	D:\Android studio\jre\bin\management.dll
0x00007ffbcbd50000 - 0x00007ffbcbd5c000 	D:\Android studio\jre\bin\management_ext.dll
0x00007ffbe9c20000 - 0x00007ffbe9c38000 	C:\WINDOWS\SYSTEM32\CRYPTSP.dll
0x00007ffbe93b0000 - 0x00007ffbe93e4000 	C:\WINDOWS\system32\rsaenh.dll
0x00007ffbea380000 - 0x00007ffbea3a7000 	C:\WINDOWS\System32\bcrypt.dll
0x00007ffbea250000 - 0x00007ffbea27e000 	C:\WINDOWS\SYSTEM32\USERENV.dll
0x00007ffbea0d0000 - 0x00007ffbea0dc000 	C:\WINDOWS\SYSTEM32\CRYPTBASE.dll
0x00007ffbe9720000 - 0x00007ffbe975b000 	C:\WINDOWS\SYSTEM32\IPHLPAPI.DLL
0x00007ffbeb720000 - 0x00007ffbeb728000 	C:\WINDOWS\System32\NSI.dll
0x00007ffbdbb50000 - 0x00007ffbdbb67000 	C:\WINDOWS\SYSTEM32\dhcpcsvc6.DLL
0x00007ffbdcbd0000 - 0x00007ffbdcbed000 	C:\WINDOWS\SYSTEM32\dhcpcsvc.DLL
0x00007ffbe9760000 - 0x00007ffbe982b000 	C:\WINDOWS\SYSTEM32\DNSAPI.dll
0x00007ffbe5d00000 - 0x00007ffbe5d1e000 	C:\Users\User\AppData\Local\Temp\native-platform11299169279970112308dir\native-platform.dll
0x00007ffbe5cf0000 - 0x00007ffbe5cf8000 	D:\Android studio\jre\bin\rmi.dll
0x00007ffba7130000 - 0x00007ffba7147000 	C:\WINDOWS\system32\napinsp.dll
0x00007ffba7110000 - 0x00007ffba712b000 	C:\WINDOWS\system32\pnrpnsp.dll
0x00007ffbb4e10000 - 0x00007ffbb4e25000 	C:\WINDOWS\system32\wshbth.dll
0x00007ffbe5bf0000 - 0x00007ffbe5c0d000 	C:\WINDOWS\system32\NLAapi.dll
0x00007ffba70f0000 - 0x00007ffba7102000 	C:\WINDOWS\System32\winrnr.dll
0x00007ffbcb3f0000 - 0x00007ffbcb3fa000 	C:\Windows\System32\rasadhlp.dll
0x00007ffbcac90000 - 0x00007ffbcad0f000 	C:\WINDOWS\System32\fwpuclnt.dll
0x00007ffba5a70000 - 0x00007ffba5a97000 	D:\Android studio\jre\bin\sunec.dll
0x00007ffbe9040000 - 0x00007ffbe9073000 	C:\WINDOWS\SYSTEM32\ntmarta.dll

dbghelp: loaded successfully - version: 4.0.5 - missing functions: none
symbol engine: initialized successfully - sym options: 0x614 - pdb path: .;D:\Android studio\jre\bin;C:\WINDOWS\SYSTEM32;C:\WINDOWS\WinSxS\amd64_microsoft.windows.common-controls_6595b64144ccf1df_6.0.19041.1110_none_60b5254171f9507e;D:\Android studio\jre\bin\server;C:\Users\User\.gradle\native\8bec1ad78214c89d9ad589b4d07fe93259594b29d510b10fafb7a158f7737e5d\windows-amd64;C:\Users\User\.gradle\native\53dbd7edfb1c66fb8903c78663c9afc45aea4f116125fa6feffd364cf09443e8\windows-amd64;C:\Users\User\AppData\Local\Temp\native-platform11299169279970112308dir

VM Arguments:
jvm_args: --add-opens=java.base/java.util=ALL-UNNAMED --add-opens=java.base/java.lang=ALL-UNNAMED --add-opens=java.base/java.lang.invoke=ALL-UNNAMED --add-opens=java.base/java.util=ALL-UNNAMED --add-opens=java.prefs/java.util.prefs=ALL-UNNAMED --add-opens=java.prefs/java.util.prefs=ALL-UNNAMED --add-opens=java.base/java.nio.charset=ALL-UNNAMED --add-opens=java.base/java.net=ALL-UNNAMED --add-opens=java.base/java.util.concurrent.atomic=ALL-UNNAMED -Xmx2048m -Dfile.encoding=UTF-8 -Duser.country=RU -Duser.language=ru -Duser.variant 
java_command: org.gradle.launcher.daemon.bootstrap.GradleDaemon 7.0.2
java_class_path (initial): C:\Users\User\.gradle\wrapper\dists\gradle-7.0.2-bin\857tjihv64xamwrf0h14cai3r\gradle-7.0.2\lib\gradle-launcher-7.0.2.jar
Launcher Type: SUN_STANDARD

[Global flags]
     intx CICompilerCount                          = 3                                         {product} {ergonomic}
     uint ConcGCThreads                            = 1                                         {product} {ergonomic}
     uint G1ConcRefinementThreads                  = 4                                         {product} {ergonomic}
   size_t G1HeapRegionSize                         = 1048576                                   {product} {ergonomic}
    uintx GCDrainStackTargetSize                   = 64                                        {product} {ergonomic}
   size_t InitialHeapSize                          = 125829120                                 {product} {ergonomic}
   size_t MarkStackSize                            = 4194304                                   {product} {ergonomic}
   size_t MaxHeapSize                              = 2147483648                                {product} {command line}
   size_t MaxNewSize                               = 1287651328                                {product} {ergonomic}
   size_t MinHeapDeltaBytes                        = 1048576                                   {product} {ergonomic}
    uintx NonNMethodCodeHeapSize                   = 5830732                                {pd product} {ergonomic}
    uintx NonProfiledCodeHeapSize                  = 122913754                              {pd product} {ergonomic}
    uintx ProfiledCodeHeapSize                     = 122913754                              {pd product} {ergonomic}
    uintx ReservedCodeCacheSize                    = 251658240                              {pd product} {ergonomic}
     bool SegmentedCodeCache                       = true                                      {product} {ergonomic}
     bool UseCompressedClassPointers               = true                                 {lp64_product} {ergonomic}
     bool UseCompressedOops                        = true                                 {lp64_product} {ergonomic}
     bool UseG1GC                                  = true                                      {product} {ergonomic}
     bool UseLargePagesIndividualAllocation        = false                                  {pd product} {ergonomic}

Logging:
Log output configuration:
 #0: stdout all=warning uptime,level,tags
 #1: stderr all=off uptime,level,tags

Environment Variables:
PATH=C:\WINDOWS\system32;C:\WINDOWS;C:\WINDOWS\System32\Wbem;C:\WINDOWS\System32\WindowsPowerShell\v1.0\;C:\WINDOWS\System32\OpenSSH\;D:\Matlabchik\runtime\win64;D:\Matlabchik\bin;D:\Matlabchik\polyspace\bin;D:\Git\cmd;C:\Program Files\dotnet\;C:\Program Files\Microsoft SQL Server\130\Tools\Binn\;C:\Program Files\Microsoft SQL Server\Client SDK\ODBC\170\Tools\Binn\;C:\Program Files\Microsoft SQL Server\Client SDK\ODBC\110\Tools\Binn\;C:\Program Files (x86)\Microsoft SQL Server\120\Tools\Binn\;C:\Program Files\Microsoft SQL Server\120\Tools\Binn\;C:\Program Files\Microsoft SQL Server\120\DTS\Binn\;D:\Atmel studio\Microchip studio\bin;C:\ProgramData\chocolatey\bin;C:\Program Files\nodejs\;C:\Program Files\Microsoft VS Code\bin;C:\Program Files\Geth;C:\Users\User\AppData\Local\Microsoft\WindowsApps;;D:\PyCharm 2021.2.2\bin;;C:\Users\User\.dotnet\tools;C:\Users\User\AppData\Roaming\npm
USERNAME=User
OS=Windows_NT
PROCESSOR_IDENTIFIER=AMD64 Family 21 Model 101 Stepping 1, AuthenticAMD



---------------  S Y S T E M  ---------------

OS: Windows 10 , 64 bit Build 19041 (10.0.19041.1348)
OS uptime: 0 days 2:38 hours

CPU:total 4 (initial active 4) (4 cores per cpu, 1 threads per core) family 21 model 101 stepping 1 microcode 0x0, cmov, cx8, fxsr, mmx, sse, sse2, sse3, ssse3, sse4.1, sse4.2, popcnt, avx, avx2, aes, clmul, mmxext, 3dnowpref, lzcnt, sse4a, tsc, tscinvbit, tscinv, bmi1, bmi2, fma

Memory: 4k page, system-wide physical 7567M (426M free)
TotalPageFile size 11567M (AvailPageFile size 97M)
current process WorkingSet (physical memory assigned to process): 556M, peak: 576M
current process commit charge ("private bytes"): 673M, peak: 680M

vm_info: OpenJDK 64-Bit Server VM (11.0.10+0-b96-7249189) for windows-amd64 JRE (11.0.10+0-b96-7249189), built on Mar 31 2021 21:44:00 by "builder" with MS VC++ 14.0 (VS2015)

END.
