#
# There is insufficient memory for the Java Runtime Environment to continue.
# Native memory allocation (malloc) failed to allocate 992496 bytes for Chunk::new
# Possible reasons:
#   The system is out of physical RAM or swap space
#   The process is running with CompressedOops enabled, and the Java Heap may be blocking the growth of the native heap
# Possible solutions:
#   Reduce memory load on the system
#   Increase physical memory or swap space
#   Check if swap backing store is full
#   Decrease Java heap size (-Xmx/-Xms)
#   Decrease number of Java threads
#   Decrease Java thread stack sizes (-Xss)
#   Set larger code cache with -XX:ReservedCodeCacheSize=
#   JVM is running with Unscaled Compressed Oops mode in which the Java heap is
#     placed in the first 4GB address space. The Java Heap base address is the
#     maximum limit for the native heap growth. Please use -XX:HeapBaseMinAddress
#     to set the Java Heap base and to place the Java Heap above 4GB virtual address.
# This output file may be truncated or incomplete.
#
#  Out of Memory Error (./src/hotspot/share/memory/arena.cpp:197), pid=13592, tid=2996
#
# JRE version: OpenJDK Runtime Environment (11.0.10) (build 11.0.10+0-b96-7249189)
# Java VM: OpenJDK 64-Bit Server VM (11.0.10+0-b96-7249189, mixed mode, tiered, compressed oops, g1 gc, windows-amd64)
# No core dump will be written. Minidumps are not enabled by default on client versions of Windows
#

---------------  S U M M A R Y ------------

Command Line: org.jetbrains.kotlin.cli.jvm.K2JVMCompiler @D:\Android labs\Lab2\app\build\20211202_12011582377770115870.compiler.options

Host: AMD A12-9720P RADEON R7, 12 COMPUTE CORES 4C+8G, 4 cores, 7G,  Windows 10 , 64 bit Build 19041 (10.0.19041.1348)
Time: Thu Dec  2 18:33:04 2021 Финляндия (зима) elapsed time: 17.264696 seconds (0d 0h 0m 17s)

---------------  T H R E A D  ---------------

Current thread (0x000002117abe6000):  JavaThread "C2 CompilerThread0" daemon [_thread_in_native, id=2996, stack(0x000000b552a00000,0x000000b552b00000)]


Current CompileTask:
C2:  17265 6225       4       org.jetbrains.kotlin.cli.jvm.index.JvmDependenciesIndexImpl::search (385 bytes)

Stack: [0x000000b552a00000,0x000000b552b00000]
Native frames: (J=compiled Java code, j=interpreted, Vv=VM code, C=native code)
V  [jvm.dll+0x5ecfaa]
V  [jvm.dll+0x722bd5]
V  [jvm.dll+0x72412d]
V  [jvm.dll+0x7247e3]
V  [jvm.dll+0x242928]
V  [jvm.dll+0xbc4fc]
V  [jvm.dll+0xbca0c]
V  [jvm.dll+0x352d3b]
V  [jvm.dll+0x197e0c]
V  [jvm.dll+0x1fb70e]
V  [jvm.dll+0x1fa7f4]
V  [jvm.dll+0x18354c]
V  [jvm.dll+0x208ee7]
V  [jvm.dll+0x207731]
V  [jvm.dll+0x6eb1cf]
V  [jvm.dll+0x6e3d45]
V  [jvm.dll+0x5ebe96]
C  [ucrtbase.dll+0x21bb2]
C  [KERNEL32.DLL+0x17034]
C  [ntdll.dll+0x52651]


---------------  P R O C E S S  ---------------

Threads class SMR info:
_java_thread_list=0x000002117f16d3c0, length=11, elements={
0x000002116159d800, 0x000002117abc3800, 0x000002117abc4000, 0x000002117abe0800,
0x000002117abe1800, 0x000002117abe2800, 0x000002117abe6000, 0x000002117abe8800,
0x000002117abf1000, 0x000002117b6a5800, 0x000002117ba7b000
}

Java Threads: ( => current thread )
  0x000002116159d800 JavaThread "main" [_thread_in_native, id=8008, stack(0x000000b551e00000,0x000000b551f00000)]
  0x000002117abc3800 JavaThread "Reference Handler" daemon [_thread_blocked, id=15336, stack(0x000000b552500000,0x000000b552600000)]
  0x000002117abc4000 JavaThread "Finalizer" daemon [_thread_blocked, id=14352, stack(0x000000b552600000,0x000000b552700000)]
  0x000002117abe0800 JavaThread "Signal Dispatcher" daemon [_thread_blocked, id=15316, stack(0x000000b552700000,0x000000b552800000)]
  0x000002117abe1800 JavaThread "Attach Listener" daemon [_thread_blocked, id=13000, stack(0x000000b552800000,0x000000b552900000)]
  0x000002117abe2800 JavaThread "Service Thread" daemon [_thread_blocked, id=14872, stack(0x000000b552900000,0x000000b552a00000)]
=>0x000002117abe6000 JavaThread "C2 CompilerThread0" daemon [_thread_in_native, id=2996, stack(0x000000b552a00000,0x000000b552b00000)]
  0x000002117abe8800 JavaThread "C1 CompilerThread0" daemon [_thread_blocked, id=6468, stack(0x000000b552b00000,0x000000b552c00000)]
  0x000002117abf1000 JavaThread "Sweeper thread" daemon [_thread_blocked, id=5816, stack(0x000000b552c00000,0x000000b552d00000)]
  0x000002117b6a5800 JavaThread "Common-Cleaner" daemon [_thread_blocked, id=7288, stack(0x000000b552e00000,0x000000b552f00000)]
  0x000002117ba7b000 JavaThread "C2 CompilerThread1" daemon [_thread_in_native, id=1764, stack(0x000000b552f00000,0x000000b553000000)]

Other Threads:
  0x000002117ab9f000 VMThread "VM Thread" [stack: 0x000000b552400000,0x000000b552500000] [id=12108]
  0x000002117b69d800 WatcherThread [stack: 0x000000b552d00000,0x000000b552e00000] [id=13392]
  0x00000211615b5800 GCTaskThread "GC Thread#0" [stack: 0x000000b551f00000,0x000000b552000000] [id=2192]
  0x000002117ba6f000 GCTaskThread "GC Thread#1" [stack: 0x000000b553000000,0x000000b553100000] [id=12672]
  0x00000211009fc800 GCTaskThread "GC Thread#2" [stack: 0x000000b553100000,0x000000b553200000] [id=13724]
  0x00000211615e4000 ConcurrentGCThread "G1 Main Marker" [stack: 0x000000b552000000,0x000000b552100000] [id=11856]
  0x00000211615e6800 ConcurrentGCThread "G1 Conc#0" [stack: 0x000000b552100000,0x000000b552200000] [id=3280]
  0x0000021161665800 ConcurrentGCThread "G1 Refine#0" [stack: 0x000000b552200000,0x000000b552300000] [id=12824]
  0x0000021161666800 ConcurrentGCThread "G1 Young RemSet Sampling" [stack: 0x000000b552300000,0x000000b552400000] [id=8944]

Threads with active compile tasks:
C2 CompilerThread0  17333 6225       4       org.jetbrains.kotlin.cli.jvm.index.JvmDependenciesIndexImpl::search (385 bytes)
C2 CompilerThread1  17333 6504       4       org.jetbrains.kotlin.cli.jvm.compiler.KotlinCliJavaFileManagerImpl::findVirtualFileGivenPackage (196 bytes)

VM state:not at safepoint (normal execution)

VM Mutex/Monitor currently owned by a thread: None

Heap address: 0x0000000089c00000, size: 1892 MB, Compressed Oops mode: 32-bit
Narrow klass base: 0x0000000000000000, Narrow klass shift: 3
Compressed class space size: 1073741824 Address: 0x0000000100000000

Heap:
 garbage-first heap   total 147456K, used 72585K [0x0000000089c00000, 0x0000000100000000)
  region size 1024K, 33 young (33792K), 2 survivors (2048K)
 Metaspace       used 64888K, capacity 65629K, committed 65880K, reserved 1107968K
  class space    used 7502K, capacity 7804K, committed 7808K, reserved 1048576K
Heap Regions: E=young(eden), S=young(survivor), O=old, HS=humongous(starts), HC=humongous(continues), CS=collection set, F=free, A=archive, TAMS=top-at-mark-start (previous, next)
|   0|0x0000000089c00000, 0x0000000089d00000, 0x0000000089d00000|100%|HS|  |TAMS 0x0000000089d00000, 0x0000000089c00000| Complete 
|   1|0x0000000089d00000, 0x0000000089e00000, 0x0000000089e00000|100%|HC|  |TAMS 0x0000000089e00000, 0x0000000089d00000| Complete 
|   2|0x0000000089e00000, 0x0000000089f00000, 0x0000000089f00000|100%|HC|  |TAMS 0x0000000089f00000, 0x0000000089e00000| Complete 
|   3|0x0000000089f00000, 0x000000008a000000, 0x000000008a000000|100%| O|  |TAMS 0x000000008a000000, 0x0000000089f00000| Untracked 
|   4|0x000000008a000000, 0x000000008a100000, 0x000000008a100000|100%| O|  |TAMS 0x000000008a100000, 0x000000008a000000| Untracked 
|   5|0x000000008a100000, 0x000000008a200000, 0x000000008a200000|100%|HS|  |TAMS 0x000000008a200000, 0x000000008a100000| Complete 
|   6|0x000000008a200000, 0x000000008a300000, 0x000000008a300000|100%|HC|  |TAMS 0x000000008a300000, 0x000000008a200000| Complete 
|   7|0x000000008a300000, 0x000000008a400000, 0x000000008a400000|100%|HC|  |TAMS 0x000000008a400000, 0x000000008a300000| Complete 
|   8|0x000000008a400000, 0x000000008a500000, 0x000000008a500000|100%|HS|  |TAMS 0x000000008a500000, 0x000000008a400000| Complete 
|   9|0x000000008a500000, 0x000000008a600000, 0x000000008a600000|100%|HC|  |TAMS 0x000000008a600000, 0x000000008a500000| Complete 
|  10|0x000000008a600000, 0x000000008a700000, 0x000000008a700000|100%| O|  |TAMS 0x000000008a700000, 0x000000008a600000| Untracked 
|  11|0x000000008a700000, 0x000000008a800000, 0x000000008a800000|100%| O|  |TAMS 0x000000008a800000, 0x000000008a700000| Untracked 
|  12|0x000000008a800000, 0x000000008a900000, 0x000000008a900000|100%| O|  |TAMS 0x000000008a900000, 0x000000008a800000| Untracked 
|  13|0x000000008a900000, 0x000000008aa00000, 0x000000008aa00000|100%| O|  |TAMS 0x000000008aa00000, 0x000000008a900000| Untracked 
|  14|0x000000008aa00000, 0x000000008ab00000, 0x000000008ab00000|100%| O|  |TAMS 0x000000008ab00000, 0x000000008aa00000| Untracked 
|  15|0x000000008ab00000, 0x000000008ac00000, 0x000000008ac00000|100%| O|  |TAMS 0x000000008ac00000, 0x000000008ab00000| Untracked 
|  16|0x000000008ac00000, 0x000000008ad00000, 0x000000008ad00000|100%| O|  |TAMS 0x000000008ad00000, 0x000000008ac00000| Untracked 
|  17|0x000000008ad00000, 0x000000008ae00000, 0x000000008ae00000|100%| O|  |TAMS 0x000000008ae00000, 0x000000008ad00000| Untracked 
|  18|0x000000008ae00000, 0x000000008af00000, 0x000000008af00000|100%| O|  |TAMS 0x000000008af00000, 0x000000008ae00000| Untracked 
|  19|0x000000008af00000, 0x000000008b000000, 0x000000008b000000|100%| O|  |TAMS 0x000000008b000000, 0x000000008af00000| Untracked 
|  20|0x000000008b000000, 0x000000008b100000, 0x000000008b100000|100%| O|  |TAMS 0x000000008b100000, 0x000000008b000000| Untracked 
|  21|0x000000008b100000, 0x000000008b200000, 0x000000008b200000|100%| O|  |TAMS 0x000000008b200000, 0x000000008b100000| Untracked 
|  22|0x000000008b200000, 0x000000008b300000, 0x000000008b300000|100%| O|  |TAMS 0x000000008b300000, 0x000000008b200000| Untracked 
|  23|0x000000008b300000, 0x000000008b400000, 0x000000008b400000|100%| O|  |TAMS 0x000000008b400000, 0x000000008b300000| Untracked 
|  24|0x000000008b400000, 0x000000008b500000, 0x000000008b500000|100%| O|  |TAMS 0x000000008b500000, 0x000000008b400000| Untracked 
|  25|0x000000008b500000, 0x000000008b600000, 0x000000008b600000|100%| O|  |TAMS 0x000000008b600000, 0x000000008b500000| Untracked 
|  26|0x000000008b600000, 0x000000008b700000, 0x000000008b700000|100%| O|  |TAMS 0x000000008b700000, 0x000000008b600000| Untracked 
|  27|0x000000008b700000, 0x000000008b800000, 0x000000008b800000|100%| O|  |TAMS 0x000000008b800000, 0x000000008b700000| Untracked 
|  28|0x000000008b800000, 0x000000008b900000, 0x000000008b900000|100%| O|  |TAMS 0x000000008b900000, 0x000000008b800000| Untracked 
|  29|0x000000008b900000, 0x000000008ba00000, 0x000000008ba00000|100%| O|  |TAMS 0x000000008ba00000, 0x000000008b900000| Untracked 
|  30|0x000000008ba00000, 0x000000008bb00000, 0x000000008bb00000|100%| O|  |TAMS 0x000000008bb00000, 0x000000008ba00000| Untracked 
|  31|0x000000008bb00000, 0x000000008bc00000, 0x000000008bc00000|100%| O|  |TAMS 0x000000008bc00000, 0x000000008bb00000| Untracked 
|  32|0x000000008bc00000, 0x000000008bd00000, 0x000000008bd00000|100%| O|  |TAMS 0x000000008bd00000, 0x000000008bc00000| Untracked 
|  33|0x000000008bd00000, 0x000000008be00000, 0x000000008be00000|100%| O|  |TAMS 0x000000008be00000, 0x000000008bd00000| Untracked 
|  34|0x000000008be00000, 0x000000008bf00000, 0x000000008bf00000|100%| O|  |TAMS 0x000000008bf00000, 0x000000008be00000| Untracked 
|  35|0x000000008bf00000, 0x000000008c000000, 0x000000008c000000|100%| O|  |TAMS 0x000000008c000000, 0x000000008bf00000| Untracked 
|  36|0x000000008c000000, 0x000000008c100000, 0x000000008c100000|100%| O|  |TAMS 0x000000008c100000, 0x000000008c000000| Untracked 
|  37|0x000000008c100000, 0x000000008c200000, 0x000000008c200000|100%| O|  |TAMS 0x000000008c200000, 0x000000008c100000| Untracked 
|  38|0x000000008c200000, 0x000000008c2e2400, 0x000000008c300000| 88%| O|  |TAMS 0x000000008c2e2400, 0x000000008c200000| Untracked 
|  39|0x000000008c300000, 0x000000008c300000, 0x000000008c400000|  0%| F|  |TAMS 0x000000008c300000, 0x000000008c300000| Untracked 
|  40|0x000000008c400000, 0x000000008c400000, 0x000000008c500000|  0%| F|  |TAMS 0x000000008c400000, 0x000000008c400000| Untracked 
|  41|0x000000008c500000, 0x000000008c500000, 0x000000008c600000|  0%| F|  |TAMS 0x000000008c500000, 0x000000008c500000| Untracked 
|  42|0x000000008c600000, 0x000000008c600000, 0x000000008c700000|  0%| F|  |TAMS 0x000000008c600000, 0x000000008c600000| Untracked 
|  43|0x000000008c700000, 0x000000008c700000, 0x000000008c800000|  0%| F|  |TAMS 0x000000008c700000, 0x000000008c700000| Untracked 
|  44|0x000000008c800000, 0x000000008c800000, 0x000000008c900000|  0%| F|  |TAMS 0x000000008c800000, 0x000000008c800000| Untracked 
|  45|0x000000008c900000, 0x000000008c900000, 0x000000008ca00000|  0%| F|  |TAMS 0x000000008c900000, 0x000000008c900000| Untracked 
|  46|0x000000008ca00000, 0x000000008ca00000, 0x000000008cb00000|  0%| F|  |TAMS 0x000000008ca00000, 0x000000008ca00000| Untracked 
|  47|0x000000008cb00000, 0x000000008cb00000, 0x000000008cc00000|  0%| F|  |TAMS 0x000000008cb00000, 0x000000008cb00000| Untracked 
|  48|0x000000008cc00000, 0x000000008cc00000, 0x000000008cd00000|  0%| F|  |TAMS 0x000000008cc00000, 0x000000008cc00000| Untracked 
|  49|0x000000008cd00000, 0x000000008cd00000, 0x000000008ce00000|  0%| F|  |TAMS 0x000000008cd00000, 0x000000008cd00000| Untracked 
|  50|0x000000008ce00000, 0x000000008ce00000, 0x000000008cf00000|  0%| F|  |TAMS 0x000000008ce00000, 0x000000008ce00000| Untracked 
|  51|0x000000008cf00000, 0x000000008cf00000, 0x000000008d000000|  0%| F|  |TAMS 0x000000008cf00000, 0x000000008cf00000| Untracked 
|  52|0x000000008d000000, 0x000000008d000000, 0x000000008d100000|  0%| F|  |TAMS 0x000000008d000000, 0x000000008d000000| Untracked 
|  53|0x000000008d100000, 0x000000008d100000, 0x000000008d200000|  0%| F|  |TAMS 0x000000008d100000, 0x000000008d100000| Untracked 
|  54|0x000000008d200000, 0x000000008d200000, 0x000000008d300000|  0%| F|  |TAMS 0x000000008d200000, 0x000000008d200000| Untracked 
|  55|0x000000008d300000, 0x000000008d300000, 0x000000008d400000|  0%| F|  |TAMS 0x000000008d300000, 0x000000008d300000| Untracked 
|  56|0x000000008d400000, 0x000000008d400000, 0x000000008d500000|  0%| F|  |TAMS 0x000000008d400000, 0x000000008d400000| Untracked 
|  57|0x000000008d500000, 0x000000008d500000, 0x000000008d600000|  0%| F|  |TAMS 0x000000008d500000, 0x000000008d500000| Untracked 
|  58|0x000000008d600000, 0x000000008d600000, 0x000000008d700000|  0%| F|  |TAMS 0x000000008d600000, 0x000000008d600000| Untracked 
|  59|0x000000008d700000, 0x000000008d700000, 0x000000008d800000|  0%| F|  |TAMS 0x000000008d700000, 0x000000008d700000| Untracked 
|  60|0x000000008d800000, 0x000000008d800000, 0x000000008d900000|  0%| F|  |TAMS 0x000000008d800000, 0x000000008d800000| Untracked 
|  61|0x000000008d900000, 0x000000008d900000, 0x000000008da00000|  0%| F|  |TAMS 0x000000008d900000, 0x000000008d900000| Untracked 
|  62|0x000000008da00000, 0x000000008da00000, 0x000000008db00000|  0%| F|  |TAMS 0x000000008da00000, 0x000000008da00000| Untracked 
|  63|0x000000008db00000, 0x000000008db00000, 0x000000008dc00000|  0%| F|  |TAMS 0x000000008db00000, 0x000000008db00000| Untracked 
|  64|0x000000008dc00000, 0x000000008dc00000, 0x000000008dd00000|  0%| F|  |TAMS 0x000000008dc00000, 0x000000008dc00000| Untracked 
|  65|0x000000008dd00000, 0x000000008dd00000, 0x000000008de00000|  0%| F|  |TAMS 0x000000008dd00000, 0x000000008dd00000| Untracked 
|  66|0x000000008de00000, 0x000000008de00000, 0x000000008df00000|  0%| F|  |TAMS 0x000000008de00000, 0x000000008de00000| Untracked 
|  67|0x000000008df00000, 0x000000008df00000, 0x000000008e000000|  0%| F|  |TAMS 0x000000008df00000, 0x000000008df00000| Untracked 
|  68|0x000000008e000000, 0x000000008e000000, 0x000000008e100000|  0%| F|  |TAMS 0x000000008e000000, 0x000000008e000000| Untracked 
|  69|0x000000008e100000, 0x000000008e100000, 0x000000008e200000|  0%| F|  |TAMS 0x000000008e100000, 0x000000008e100000| Untracked 
|  70|0x000000008e200000, 0x000000008e200000, 0x000000008e300000|  0%| F|  |TAMS 0x000000008e200000, 0x000000008e200000| Untracked 
|  71|0x000000008e300000, 0x000000008e300000, 0x000000008e400000|  0%| F|  |TAMS 0x000000008e300000, 0x000000008e300000| Untracked 
|  72|0x000000008e400000, 0x000000008e400000, 0x000000008e500000|  0%| F|  |TAMS 0x000000008e400000, 0x000000008e400000| Untracked 
|  73|0x000000008e500000, 0x000000008e500000, 0x000000008e600000|  0%| F|  |TAMS 0x000000008e500000, 0x000000008e500000| Untracked 
|  74|0x000000008e600000, 0x000000008e600000, 0x000000008e700000|  0%| F|  |TAMS 0x000000008e600000, 0x000000008e600000| Untracked 
|  75|0x000000008e700000, 0x000000008e700000, 0x000000008e800000|  0%| F|  |TAMS 0x000000008e700000, 0x000000008e700000| Untracked 
|  76|0x000000008e800000, 0x000000008e800000, 0x000000008e900000|  0%| F|  |TAMS 0x000000008e800000, 0x000000008e800000| Untracked 
|  77|0x000000008e900000, 0x000000008e900000, 0x000000008ea00000|  0%| F|  |TAMS 0x000000008e900000, 0x000000008e900000| Untracked 
|  78|0x000000008ea00000, 0x000000008ea00000, 0x000000008eb00000|  0%| F|  |TAMS 0x000000008ea00000, 0x000000008ea00000| Untracked 
|  79|0x000000008eb00000, 0x000000008eb00000, 0x000000008ec00000|  0%| F|  |TAMS 0x000000008eb00000, 0x000000008eb00000| Untracked 
|  80|0x000000008ec00000, 0x000000008ec00000, 0x000000008ed00000|  0%| F|  |TAMS 0x000000008ec00000, 0x000000008ec00000| Untracked 
|  81|0x000000008ed00000, 0x000000008ed00000, 0x000000008ee00000|  0%| F|  |TAMS 0x000000008ed00000, 0x000000008ed00000| Untracked 
|  82|0x000000008ee00000, 0x000000008ee00000, 0x000000008ef00000|  0%| F|  |TAMS 0x000000008ee00000, 0x000000008ee00000| Untracked 
|  83|0x000000008ef00000, 0x000000008ef00000, 0x000000008f000000|  0%| F|  |TAMS 0x000000008ef00000, 0x000000008ef00000| Untracked 
|  84|0x000000008f000000, 0x000000008f000000, 0x000000008f100000|  0%| F|  |TAMS 0x000000008f000000, 0x000000008f000000| Untracked 
|  85|0x000000008f100000, 0x000000008f100000, 0x000000008f200000|  0%| F|  |TAMS 0x000000008f100000, 0x000000008f100000| Untracked 
|  86|0x000000008f200000, 0x000000008f200000, 0x000000008f300000|  0%| F|  |TAMS 0x000000008f200000, 0x000000008f200000| Untracked 
|  87|0x000000008f300000, 0x000000008f300000, 0x000000008f400000|  0%| F|  |TAMS 0x000000008f300000, 0x000000008f300000| Untracked 
|  88|0x000000008f400000, 0x000000008f400000, 0x000000008f500000|  0%| F|  |TAMS 0x000000008f400000, 0x000000008f400000| Untracked 
|  89|0x000000008f500000, 0x000000008f500000, 0x000000008f600000|  0%| F|  |TAMS 0x000000008f500000, 0x000000008f500000| Untracked 
|  90|0x000000008f600000, 0x000000008f600000, 0x000000008f700000|  0%| F|  |TAMS 0x000000008f600000, 0x000000008f600000| Untracked 
|  91|0x000000008f700000, 0x000000008f700000, 0x000000008f800000|  0%| F|  |TAMS 0x000000008f700000, 0x000000008f700000| Untracked 
|  92|0x000000008f800000, 0x000000008f800000, 0x000000008f900000|  0%| F|  |TAMS 0x000000008f800000, 0x000000008f800000| Untracked 
|  93|0x000000008f900000, 0x000000008f900000, 0x000000008fa00000|  0%| F|  |TAMS 0x000000008f900000, 0x000000008f900000| Untracked 
|  94|0x000000008fa00000, 0x000000008fa00000, 0x000000008fb00000|  0%| F|  |TAMS 0x000000008fa00000, 0x000000008fa00000| Untracked 
|  95|0x000000008fb00000, 0x000000008fb00000, 0x000000008fc00000|  0%| F|  |TAMS 0x000000008fb00000, 0x000000008fb00000| Untracked 
|  96|0x000000008fc00000, 0x000000008fc00000, 0x000000008fd00000|  0%| F|  |TAMS 0x000000008fc00000, 0x000000008fc00000| Untracked 
|  97|0x000000008fd00000, 0x000000008fd00000, 0x000000008fe00000|  0%| F|  |TAMS 0x000000008fd00000, 0x000000008fd00000| Untracked 
|  98|0x000000008fe00000, 0x000000008fe00000, 0x000000008ff00000|  0%| F|  |TAMS 0x000000008fe00000, 0x000000008fe00000| Untracked 
|  99|0x000000008ff00000, 0x000000008ff00000, 0x0000000090000000|  0%| F|  |TAMS 0x000000008ff00000, 0x000000008ff00000| Untracked 
| 100|0x0000000090000000, 0x0000000090000000, 0x0000000090100000|  0%| F|  |TAMS 0x0000000090000000, 0x0000000090000000| Untracked 
| 101|0x0000000090100000, 0x0000000090100000, 0x0000000090200000|  0%| F|  |TAMS 0x0000000090100000, 0x0000000090100000| Untracked 
| 102|0x0000000090200000, 0x0000000090200000, 0x0000000090300000|  0%| F|  |TAMS 0x0000000090200000, 0x0000000090200000| Untracked 
| 103|0x0000000090300000, 0x0000000090300000, 0x0000000090400000|  0%| F|  |TAMS 0x0000000090300000, 0x0000000090300000| Untracked 
| 104|0x0000000090400000, 0x0000000090400000, 0x0000000090500000|  0%| F|  |TAMS 0x0000000090400000, 0x0000000090400000| Untracked 
| 105|0x0000000090500000, 0x0000000090500000, 0x0000000090600000|  0%| F|  |TAMS 0x0000000090500000, 0x0000000090500000| Untracked 
| 106|0x0000000090600000, 0x0000000090600000, 0x0000000090700000|  0%| F|  |TAMS 0x0000000090600000, 0x0000000090600000| Untracked 
| 107|0x0000000090700000, 0x0000000090700000, 0x0000000090800000|  0%| F|  |TAMS 0x0000000090700000, 0x0000000090700000| Untracked 
| 108|0x0000000090800000, 0x0000000090800000, 0x0000000090900000|  0%| F|  |TAMS 0x0000000090800000, 0x0000000090800000| Untracked 
| 109|0x0000000090900000, 0x0000000090900000, 0x0000000090a00000|  0%| F|  |TAMS 0x0000000090900000, 0x0000000090900000| Untracked 
| 110|0x0000000090a00000, 0x0000000090a00000, 0x0000000090b00000|  0%| F|  |TAMS 0x0000000090a00000, 0x0000000090a00000| Untracked 
| 111|0x0000000090b00000, 0x0000000090b80800, 0x0000000090c00000| 50%| E|  |TAMS 0x0000000090b00000, 0x0000000090b00000| Complete 
| 112|0x0000000090c00000, 0x0000000090d00000, 0x0000000090d00000|100%| E|CS|TAMS 0x0000000090c00000, 0x0000000090c00000| Complete 
| 113|0x0000000090d00000, 0x0000000090e00000, 0x0000000090e00000|100%| E|CS|TAMS 0x0000000090d00000, 0x0000000090d00000| Complete 
| 114|0x0000000090e00000, 0x0000000090f00000, 0x0000000090f00000|100%| E|CS|TAMS 0x0000000090e00000, 0x0000000090e00000| Complete 
| 115|0x0000000090f00000, 0x0000000091000000, 0x0000000091000000|100%| E|CS|TAMS 0x0000000090f00000, 0x0000000090f00000| Complete 
| 116|0x0000000091000000, 0x0000000091100000, 0x0000000091100000|100%| E|CS|TAMS 0x0000000091000000, 0x0000000091000000| Complete 
| 117|0x0000000091100000, 0x0000000091200000, 0x0000000091200000|100%| E|CS|TAMS 0x0000000091100000, 0x0000000091100000| Complete 
| 118|0x0000000091200000, 0x0000000091300000, 0x0000000091300000|100%| E|CS|TAMS 0x0000000091200000, 0x0000000091200000| Complete 
| 119|0x0000000091300000, 0x0000000091400000, 0x0000000091400000|100%| E|CS|TAMS 0x0000000091300000, 0x0000000091300000| Complete 
| 120|0x0000000091400000, 0x0000000091500000, 0x0000000091500000|100%| E|CS|TAMS 0x0000000091400000, 0x0000000091400000| Complete 
| 121|0x0000000091500000, 0x0000000091600000, 0x0000000091600000|100%| E|CS|TAMS 0x0000000091500000, 0x0000000091500000| Complete 
| 122|0x0000000091600000, 0x0000000091700000, 0x0000000091700000|100%| S|CS|TAMS 0x0000000091600000, 0x0000000091600000| Complete 
| 123|0x0000000091700000, 0x0000000091800000, 0x0000000091800000|100%| S|CS|TAMS 0x0000000091700000, 0x0000000091700000| Complete 
| 124|0x0000000091800000, 0x0000000091900000, 0x0000000091900000|100%| E|CS|TAMS 0x0000000091800000, 0x0000000091800000| Complete 
| 125|0x0000000091900000, 0x0000000091a00000, 0x0000000091a00000|100%| E|CS|TAMS 0x0000000091900000, 0x0000000091900000| Complete 
| 126|0x0000000091a00000, 0x0000000091b00000, 0x0000000091b00000|100%| E|CS|TAMS 0x0000000091a00000, 0x0000000091a00000| Complete 
| 127|0x0000000091b00000, 0x0000000091c00000, 0x0000000091c00000|100%| E|CS|TAMS 0x0000000091b00000, 0x0000000091b00000| Complete 
| 128|0x0000000091c00000, 0x0000000091d00000, 0x0000000091d00000|100%| E|CS|TAMS 0x0000000091c00000, 0x0000000091c00000| Complete 
| 129|0x0000000091d00000, 0x0000000091e00000, 0x0000000091e00000|100%| E|CS|TAMS 0x0000000091d00000, 0x0000000091d00000| Complete 
| 130|0x0000000091e00000, 0x0000000091f00000, 0x0000000091f00000|100%| E|CS|TAMS 0x0000000091e00000, 0x0000000091e00000| Complete 
| 131|0x0000000091f00000, 0x0000000092000000, 0x0000000092000000|100%| E|CS|TAMS 0x0000000091f00000, 0x0000000091f00000| Complete 
| 132|0x0000000092000000, 0x0000000092100000, 0x0000000092100000|100%| E|CS|TAMS 0x0000000092000000, 0x0000000092000000| Complete 
| 133|0x0000000092100000, 0x0000000092200000, 0x0000000092200000|100%| E|CS|TAMS 0x0000000092100000, 0x0000000092100000| Complete 
| 134|0x0000000092200000, 0x0000000092300000, 0x0000000092300000|100%| E|CS|TAMS 0x0000000092200000, 0x0000000092200000| Complete 
| 135|0x0000000092300000, 0x0000000092400000, 0x0000000092400000|100%| E|CS|TAMS 0x0000000092300000, 0x0000000092300000| Complete 
| 136|0x0000000092400000, 0x0000000092500000, 0x0000000092500000|100%| E|CS|TAMS 0x0000000092400000, 0x0000000092400000| Complete 
| 137|0x0000000092500000, 0x0000000092600000, 0x0000000092600000|100%| E|CS|TAMS 0x0000000092500000, 0x0000000092500000| Complete 
| 138|0x0000000092600000, 0x0000000092700000, 0x0000000092700000|100%| E|CS|TAMS 0x0000000092600000, 0x0000000092600000| Complete 
| 139|0x0000000092700000, 0x0000000092800000, 0x0000000092800000|100%| E|CS|TAMS 0x0000000092700000, 0x0000000092700000| Complete 
| 140|0x0000000092800000, 0x0000000092900000, 0x0000000092900000|100%| E|CS|TAMS 0x0000000092800000, 0x0000000092800000| Complete 
| 141|0x0000000092900000, 0x0000000092a00000, 0x0000000092a00000|100%| E|CS|TAMS 0x0000000092900000, 0x0000000092900000| Complete 
| 142|0x0000000092a00000, 0x0000000092b00000, 0x0000000092b00000|100%| E|CS|TAMS 0x0000000092a00000, 0x0000000092a00000| Complete 
| 143|0x0000000092b00000, 0x0000000092c00000, 0x0000000092c00000|100%| E|CS|TAMS 0x0000000092b00000, 0x0000000092b00000| Complete 

Card table byte_map: [0x0000021174440000,0x0000021174800000] _byte_map_base: 0x0000021173ff2000

Marking Bits (Prev, Next): (CMBitMap*) 0x00000211615dbb70, (CMBitMap*) 0x00000211615dbb38
 Prev Bits: [0x0000021176950000, 0x00000211786e0000)
 Next Bits: [0x0000021174bc0000, 0x0000021176950000)

Polling page: 0x000002115f3e0000

Metaspace:

Usage:
  Non-class:     56.47 MB capacity,    56.04 MB (>99%) used,   330.06 KB ( <1%) free+waste,   108.63 KB ( <1%) overhead. 
      Class:      7.62 MB capacity,     7.33 MB ( 96%) used,   252.98 KB (  3%) free+waste,    48.44 KB ( <1%) overhead. 
       Both:     64.09 MB capacity,    63.37 MB ( 99%) used,   583.04 KB ( <1%) free+waste,   157.06 KB ( <1%) overhead. 

Virtual space:
  Non-class space:       58.00 MB reserved,      56.71 MB ( 98%) committed 
      Class space:        1.00 GB reserved,       7.63 MB ( <1%) committed 
             Both:        1.06 GB reserved,      64.34 MB (  6%) committed 

Chunk freelists:
   Non-Class:  55.00 KB
       Class:  4.00 KB
        Both:  59.00 KB

MaxMetaspaceSize: 17179869184.00 GB
CompressedClassSpaceSize: 1.00 GB

CodeHeap 'non-profiled nmethods': size=120064Kb used=3009Kb max_used=3009Kb free=117055Kb
 bounds [0x000002116cb40000, 0x000002116ce40000, 0x0000021174080000]
CodeHeap 'profiled nmethods': size=120000Kb used=16457Kb max_used=16457Kb free=103542Kb
 bounds [0x0000021165610000, 0x0000021166630000, 0x000002116cb40000]
CodeHeap 'non-nmethods': size=5696Kb used=1245Kb max_used=1265Kb free=4450Kb
 bounds [0x0000021165080000, 0x00000211652f0000, 0x0000021165610000]
 total_blobs=7092 nmethods=6468 adapters=535
 compilation: enabled
              stopped_count=0, restarted_count=0
 full_count=0

Compilation events (20 events):
Event: 17.203 Thread 0x000002117abe8800 nmethod 6490 0x000002116660cb90 code [0x000002116660ce00, 0x000002116660d608]
Event: 17.203 Thread 0x000002117abe8800 6491       3       org.jetbrains.kotlin.ir.declarations.impl.IrFunctionCommonImpl::setValueParameters (12 bytes)
Event: 17.203 Thread 0x000002117abe8800 nmethod 6491 0x000002116660da10 code [0x000002116660dc40, 0x000002116660e218]
Event: 17.204 Thread 0x000002117abe8800 6492       3       org.jetbrains.kotlin.ir.util.TypeTranslator::getTypeParametersResolver (19 bytes)
Event: 17.204 Thread 0x000002117abe8800 nmethod 6492 0x000002116660e490 code [0x000002116660e660, 0x000002116660e968]
Event: 17.204 Thread 0x000002117abe8800 6493       3       org.jetbrains.kotlin.ir.declarations.IrSimpleFunction::accept (15 bytes)
Event: 17.205 Thread 0x000002117abe8800 nmethod 6493 0x000002116660ea90 code [0x000002116660ecc0, 0x000002116660f328]
Event: 17.205 Thread 0x000002117abe8800 6494       1       org.jetbrains.kotlin.ir.declarations.impl.IrFunctionCommonImpl::setBody (6 bytes)
Event: 17.205 Thread 0x000002117abe8800 nmethod 6494 0x000002116ce2fb10 code [0x000002116ce2fcc0, 0x000002116ce2fdb8]
Event: 17.211 Thread 0x000002117abe8800 6495       3       org.jetbrains.kotlin.ir.declarations.IrValueParameter::accept (15 bytes)
Event: 17.211 Thread 0x000002117abe8800 nmethod 6495 0x000002116660f590 code [0x000002116660f7c0, 0x000002116660fe28]
Event: 17.212 Thread 0x000002117abe8800 6498       3       org.jetbrains.kotlin.ir.declarations.IrValueParameter::acceptChildren (26 bytes)
Event: 17.212 Thread 0x000002117abe8800 nmethod 6498 0x0000021166610090 code [0x00000211666102e0, 0x00000211666109d8]
Event: 17.212 Thread 0x000002117abe8800 6500       3       org.jetbrains.kotlin.ir.declarations.IrFunction::acceptChildren (184 bytes)
Event: 17.216 Thread 0x000002117abe8800 nmethod 6500 0x0000021166610c90 code [0x0000021166611220, 0x0000021166614018]
Event: 17.216 Thread 0x000002117abe8800 6496       3       org.jetbrains.kotlin.ir.visitors.IrElementVisitorVoid$DefaultImpls::visitValueParameter (20 bytes)
Event: 17.217 Thread 0x000002117abe8800 nmethod 6496 0x0000021166614d90 code [0x0000021166615040, 0x0000021166615ae8]
Event: 17.217 Thread 0x000002117abe8800 6497       3       org.jetbrains.kotlin.ir.visitors.IrElementVisitorVoid$DefaultImpls::visitValueParameter (23 bytes)
Event: 17.218 Thread 0x000002117abe8800 nmethod 6497 0x0000021166615f10 code [0x00000211666161c0, 0x0000021166616c68]
Event: 17.218 Thread 0x000002117abe8800 6501       3       org.jetbrains.kotlin.ir.visitors.IrElementVisitorVoid$DefaultImpls::visitSimpleFunction (20 bytes)

GC Heap History (16 events):
Event: 0.805 GC heap before
{Heap before GC invocations=0 (full 0):
 garbage-first heap   total 122880K, used 17408K [0x0000000089c00000, 0x0000000100000000)
  region size 1024K, 14 young (14336K), 0 survivors (0K)
 Metaspace       used 9802K, capacity 9871K, committed 10112K, reserved 1058816K
  class space    used 839K, capacity 884K, committed 896K, reserved 1048576K
}
Event: 0.811 GC heap after
{Heap after GC invocations=1 (full 0):
 garbage-first heap   total 122880K, used 5217K [0x0000000089c00000, 0x0000000100000000)
  region size 1024K, 2 young (2048K), 2 survivors (2048K)
 Metaspace       used 9802K, capacity 9871K, committed 10112K, reserved 1058816K
  class space    used 839K, capacity 884K, committed 896K, reserved 1048576K
}
Event: 2.343 GC heap before
{Heap before GC invocations=1 (full 0):
 garbage-first heap   total 122880K, used 49249K [0x0000000089c00000, 0x0000000100000000)
  region size 1024K, 46 young (47104K), 2 survivors (2048K)
 Metaspace       used 20740K, capacity 20990K, committed 21248K, reserved 1069056K
  class space    used 2201K, capacity 2280K, committed 2304K, reserved 1048576K
}
Event: 2.364 GC heap after
{Heap after GC invocations=2 (full 0):
 garbage-first heap   total 122880K, used 9066K [0x0000000089c00000, 0x0000000100000000)
  region size 1024K, 6 young (6144K), 6 survivors (6144K)
 Metaspace       used 20740K, capacity 20990K, committed 21248K, reserved 1069056K
  class space    used 2201K, capacity 2280K, committed 2304K, reserved 1048576K
}
Event: 4.800 GC heap before
{Heap before GC invocations=3 (full 0):
 garbage-first heap   total 122880K, used 60266K [0x0000000089c00000, 0x0000000100000000)
  region size 1024K, 51 young (52224K), 6 survivors (6144K)
 Metaspace       used 31618K, capacity 32048K, committed 32128K, reserved 1077248K
  class space    used 3971K, capacity 4149K, committed 4224K, reserved 1048576K
}
Event: 4.842 GC heap after
{Heap after GC invocations=4 (full 0):
 garbage-first heap   total 122880K, used 20294K [0x0000000089c00000, 0x0000000100000000)
  region size 1024K, 6 young (6144K), 6 survivors (6144K)
 Metaspace       used 31618K, capacity 32048K, committed 32128K, reserved 1077248K
  class space    used 3971K, capacity 4149K, committed 4224K, reserved 1048576K
}
Event: 5.750 GC heap before
{Heap before GC invocations=4 (full 0):
 garbage-first heap   total 122880K, used 34630K [0x0000000089c00000, 0x0000000100000000)
  region size 1024K, 21 young (21504K), 6 survivors (6144K)
 Metaspace       used 35010K, capacity 35419K, committed 35584K, reserved 1081344K
  class space    used 4340K, capacity 4505K, committed 4608K, reserved 1048576K
}
Event: 5.778 GC heap after
{Heap after GC invocations=5 (full 0):
 garbage-first heap   total 122880K, used 21818K [0x0000000089c00000, 0x0000000100000000)
  region size 1024K, 2 young (2048K), 2 survivors (2048K)
 Metaspace       used 35010K, capacity 35419K, committed 35584K, reserved 1081344K
  class space    used 4340K, capacity 4505K, committed 4608K, reserved 1048576K
}
Event: 8.469 GC heap before
{Heap before GC invocations=6 (full 0):
 garbage-first heap   total 122880K, used 66874K [0x0000000089c00000, 0x0000000100000000)
  region size 1024K, 46 young (47104K), 2 survivors (2048K)
 Metaspace       used 45241K, capacity 45779K, committed 45952K, reserved 1089536K
  class space    used 5428K, capacity 5649K, committed 5760K, reserved 1048576K
}
Event: 8.485 GC heap after
{Heap after GC invocations=7 (full 0):
 garbage-first heap   total 147456K, used 25269K [0x0000000089c00000, 0x0000000100000000)
  region size 1024K, 5 young (5120K), 5 survivors (5120K)
 Metaspace       used 45241K, capacity 45779K, committed 45952K, reserved 1089536K
  class space    used 5428K, capacity 5649K, committed 5760K, reserved 1048576K
}
Event: 10.520 GC heap before
{Heap before GC invocations=7 (full 0):
 garbage-first heap   total 147456K, used 80565K [0x0000000089c00000, 0x0000000100000000)
  region size 1024K, 58 young (59392K), 5 survivors (5120K)
 Metaspace       used 49502K, capacity 50002K, committed 50176K, reserved 1093632K
  class space    used 5836K, capacity 6053K, committed 6144K, reserved 1048576K
}
Event: 10.541 GC heap after
{Heap after GC invocations=8 (full 0):
 garbage-first heap   total 147456K, used 29782K [0x0000000089c00000, 0x0000000100000000)
  region size 1024K, 8 young (8192K), 8 survivors (8192K)
 Metaspace       used 49502K, capacity 50002K, committed 50176K, reserved 1093632K
  class space    used 5836K, capacity 6053K, committed 6144K, reserved 1048576K
}
Event: 14.665 GC heap before
{Heap before GC invocations=8 (full 0):
 garbage-first heap   total 147456K, used 87126K [0x0000000089c00000, 0x0000000100000000)
  region size 1024K, 64 young (65536K), 8 survivors (8192K)
 Metaspace       used 54051K, capacity 54617K, committed 54912K, reserved 1097728K
  class space    used 6205K, capacity 6460K, committed 6528K, reserved 1048576K
}
Event: 14.700 GC heap after
{Heap after GC invocations=9 (full 0):
 garbage-first heap   total 147456K, used 38991K [0x0000000089c00000, 0x0000000100000000)
  region size 1024K, 8 young (8192K), 8 survivors (8192K)
 Metaspace       used 54051K, capacity 54617K, committed 54912K, reserved 1097728K
  class space    used 6205K, capacity 6460K, committed 6528K, reserved 1048576K
}
Event: 15.572 GC heap before
{Heap before GC invocations=9 (full 0):
 garbage-first heap   total 147456K, used 58447K [0x0000000089c00000, 0x0000000100000000)
  region size 1024K, 28 young (28672K), 8 survivors (8192K)
 Metaspace       used 58943K, capacity 59633K, committed 59736K, reserved 1101824K
  class space    used 6918K, capacity 7214K, committed 7296K, reserved 1048576K
}
Event: 15.620 GC heap after
{Heap after GC invocations=10 (full 0):
 garbage-first heap   total 147456K, used 41865K [0x0000000089c00000, 0x0000000100000000)
  region size 1024K, 2 young (2048K), 2 survivors (2048K)
 Metaspace       used 58943K, capacity 59633K, committed 59736K, reserved 1101824K
  class space    used 6918K, capacity 7214K, committed 7296K, reserved 1048576K
}

Deoptimization events (20 events):
Event: 16.595 Thread 0x000002116159d800 DEOPT PACKING pc=0x000002116cb54f00 sp=0x000000b551efda10
Event: 16.595 Thread 0x000002116159d800 DEOPT UNPACKING pc=0x00000211650a73af sp=0x000000b551efd9a0 mode 2
Event: 16.609 Thread 0x000002116159d800 Uncommon trap: trap_request=0xffffffc6 fr.pc=0x000002116cdd2df4 relative=0x0000000000000474
Event: 16.610 Thread 0x000002116159d800 Uncommon trap: reason=bimorphic_or_optimized_type_check action=maybe_recompile pc=0x000002116cdd2df4 method=org.jetbrains.kotlin.types.TypeConstructorSubstitution$Companion$createByConstructorsMap$1.isEmpty()Z @ 4 c2
Event: 16.610 Thread 0x000002116159d800 DEOPT PACKING pc=0x000002116cdd2df4 sp=0x000000b551efd400
Event: 16.610 Thread 0x000002116159d800 DEOPT UNPACKING pc=0x00000211650a73af sp=0x000000b551efd238 mode 2
Event: 16.958 Thread 0x000002116159d800 Uncommon trap: trap_request=0xffffff4d fr.pc=0x000002116cd97914 relative=0x0000000000000254
Event: 16.958 Thread 0x000002116159d800 Uncommon trap: reason=unstable_if action=reinterpret pc=0x000002116cd97914 method=java.lang.String.indexOf([BBILjava/lang/String;I)I @ 21 c2
Event: 16.958 Thread 0x000002116159d800 DEOPT PACKING pc=0x000002116cd97914 sp=0x000000b551efcd00
Event: 16.958 Thread 0x000002116159d800 DEOPT UNPACKING pc=0x00000211650a73af sp=0x000000b551efcb98 mode 2
Event: 16.961 Thread 0x000002116159d800 DEOPT PACKING pc=0x000002116655d8d0 sp=0x000000b551efcfe0
Event: 16.961 Thread 0x000002116159d800 DEOPT UNPACKING pc=0x00000211650a71ce sp=0x000000b551efc468 mode 0
Event: 17.002 Thread 0x000002116159d800 DEOPT PACKING pc=0x000002116655d8d0 sp=0x000000b551efd380
Event: 17.002 Thread 0x000002116159d800 DEOPT UNPACKING pc=0x00000211650a71ce sp=0x000000b551efc808 mode 0
Event: 17.033 Thread 0x000002116159d800 DEOPT PACKING pc=0x000002116655d8d0 sp=0x000000b551efd2e0
Event: 17.033 Thread 0x000002116159d800 DEOPT UNPACKING pc=0x00000211650a71ce sp=0x000000b551efc768 mode 0
Event: 17.065 Thread 0x000002116159d800 DEOPT PACKING pc=0x000002116655d8d0 sp=0x000000b551efd3f0
Event: 17.065 Thread 0x000002116159d800 DEOPT UNPACKING pc=0x00000211650a71ce sp=0x000000b551efc878 mode 0
Event: 17.110 Thread 0x000002116159d800 DEOPT PACKING pc=0x000002116655d8d0 sp=0x000000b551efd450
Event: 17.110 Thread 0x000002116159d800 DEOPT UNPACKING pc=0x00000211650a71ce sp=0x000000b551efc8d8 mode 0

Classes redefined (0 events):
No events

Internal exceptions (20 events):
Event: 11.536 Thread 0x000002116159d800 Exception <a 'java/lang/NoSuchMethodError'{0x0000000091e3d600}: 'java.lang.Object java.lang.invoke.DirectMethodHandle$Holder.invokeStaticInit(java.lang.Object, java.lang.Object, java.lang.Object)'> (0x0000000091e3d600) thrown at [./src/hotspot/share/interpreter/linkResolver.cpp, line 773]
Event: 11.553 Thread 0x000002116159d800 Exception <a 'java/lang/NoSuchMethodError'{0x0000000091e7cf58}: 'java.lang.Object java.lang.invoke.DirectMethodHandle$Holder.invokeStatic(java.lang.Object, int, java.lang.Object, java.lang.Object)'> (0x0000000091e7cf58) thrown at [./src/hotspot/share/interpreter/linkResolver.cpp, line 773]
Event: 11.575 Thread 0x000002116159d800 Exception <a 'java/lang/NoSuchMethodError'{0x0000000091e87668}: 'int java.lang.invoke.DirectMethodHandle$Holder.invokeInterface(java.lang.Object, java.lang.Object)'> (0x0000000091e87668) thrown at [./src/hotspot/share/interpreter/linkResolver.cpp, line 773]
Event: 13.158 Thread 0x000002116159d800 Implicit null exception at 0x000002116cd17d55 to 0x000002116cd184a8
Event: 13.158 Thread 0x000002116159d800 Implicit null exception at 0x000002116cd3d92f to 0x000002116cd3d95c
Event: 14.767 Thread 0x000002116159d800 Exception <a 'java/lang/NoSuchMethodError'{0x00000000929e5280}: 'java.lang.Object java.lang.invoke.DirectMethodHandle$Holder.invokeInterface(java.lang.Object, java.lang.Object, int)'> (0x00000000929e5280) thrown at [./src/hotspot/share/interpreter/linkResolver.cpp, line 773]
Event: 14.776 Thread 0x000002116159d800 Exception <a 'java/lang/NoSuchMethodError'{0x00000000929fa320}: 'java.lang.Object java.lang.invoke.DirectMethodHandle$Holder.invokeSpecial(java.lang.Object, java.lang.Object, java.lang.Object, java.lang.Object, java.lang.Object, int)'> (0x00000000929fa320) thrown at [./src/hotspot/share/interpreter/linkResolver.cpp, line 773]
Event: 14.777 Thread 0x000002116159d800 Exception <a 'java/lang/NoSuchMethodError'{0x00000000928026c8}: 'java.lang.Object java.lang.invoke.DirectMethodHandle$Holder.invokeStatic(java.lang.Object, java.lang.Object, java.lang.Object, java.lang.Object, java.lang.Object, int)'> (0x00000000928026c8) thrown at [./src/hotspot/share/interpreter/linkResolver.cpp, line 773]
Event: 14.777 Thread 0x000002116159d800 Exception <a 'java/lang/NoSuchMethodError'{0x00000000928062a0}: 'java.lang.Object java.lang.invoke.DirectMethodHandle$Holder.invokeSpecial(java.lang.Object, java.lang.Object, java.lang.Object, java.lang.Object, java.lang.Object, java.lang.Object, int)'> (0x00000000928062a0) thrown at [./src/hotspot/share/interpreter/linkResolver.cpp, line 773]
Event: 14.839 Thread 0x000002116159d800 Exception <a 'java/lang/NoSuchMethodError'{0x00000000928d7790}: 'java.lang.Object java.lang.invoke.Invokers$Holder.linkToTargetMethod(java.lang.Object, java.lang.Object, java.lang.Object, java.lang.Object, java.lang.Object, java.lang.Object)'> (0x00000000928d7790) thrown at [./src/hotspot/share/interpreter/linkResolver.cpp, line 773]
Event: 14.970 Thread 0x000002116159d800 Implicit null exception at 0x000002116cd094cc to 0x000002116cd095a8
Event: 15.113 Thread 0x000002116159d800 Implicit null exception at 0x000002116cb978de to 0x000002116cb9808e
Event: 15.113 Thread 0x000002116159d800 Implicit null exception at 0x000002116cb8752f to 0x000002116cb8759d
Event: 15.206 Thread 0x000002116159d800 Exception <a 'java/lang/NoSuchMethodError'{0x0000000091e024d8}: 'int java.lang.invoke.DirectMethodHandle$Holder.invokeVirtual(java.lang.Object, java.lang.Object, java.lang.Object)'> (0x0000000091e024d8) thrown at [./src/hotspot/share/interpreter/linkResolver.cpp, line 773]
Event: 15.351 Thread 0x000002116159d800 Exception <a 'java/lang/NoSuchMethodError'{0x0000000091b4adb8}: 'java.lang.Object java.lang.invoke.Invokers$Holder.linkToTargetMethod(java.lang.Object, java.lang.Object, java.lang.Object, int, java.lang.Object)'> (0x0000000091b4adb8) thrown at [./src/hotspot/share/interpreter/linkResolver.cpp, line 773]
Event: 15.445 Thread 0x000002116159d800 Exception <a 'java/lang/NoSuchMethodError'{0x0000000091902f30}: 'void java.lang.invoke.DirectMethodHandle$Holder.invokeInterface(java.lang.Object, java.lang.Object)'> (0x0000000091902f30) thrown at [./src/hotspot/share/interpreter/linkResolver.cpp, line 773]
Event: 15.673 Thread 0x000002116159d800 Exception <a 'java/lang/IncompatibleClassChangeError'{0x0000000092b50db8}: Found class java.lang.Object, but interface was expected> (0x0000000092b50db8) thrown at [./src/hotspot/share/interpreter/linkResolver.cpp, line 839]
Event: 15.955 Thread 0x000002116159d800 Implicit null exception at 0x000002116cb94ff5 to 0x000002116cb951a4
Event: 16.108 Thread 0x000002116159d800 Implicit null exception at 0x000002116cd98279 to 0x000002116cd98524
Event: 16.793 Thread 0x000002116159d800 Exception <a 'java/lang/NoSuchMethodError'{0x0000000091318e78}: 'int java.lang.invoke.DirectMethodHandle$Holder.invokeStaticInit(java.lang.Object, java.lang.Object, java.lang.Object, java.lang.Object)'> (0x0000000091318e78) thrown at [./src/hotspot/share/interpreter/linkResolver.cpp, line 773]

Events (20 events):
Event: 17.194 loading class org/jetbrains/kotlin/ir/util/TransformKt
Event: 17.194 loading class org/jetbrains/kotlin/ir/util/TransformKt done
Event: 17.195 loading class org/jetbrains/kotlin/psi2ir/transformations/InsertImplicitCasts$visitFunction$1
Event: 17.195 loading class org/jetbrains/kotlin/psi2ir/transformations/InsertImplicitCasts$visitFunction$1 done
Event: 17.197 loading class org/jetbrains/kotlin/ir/expressions/IrFunctionExpression
Event: 17.197 loading class org/jetbrains/kotlin/ir/expressions/IrFunctionExpression done
Event: 17.198 loading class org/jetbrains/kotlin/ir/expressions/IrTypeOperatorCall
Event: 17.198 loading class org/jetbrains/kotlin/ir/expressions/IrTypeOperatorCall done
Event: 17.199 loading class org/jetbrains/kotlin/types/NotNullSimpleType
Event: 17.199 loading class org/jetbrains/kotlin/types/NotNullSimpleType done
Event: 17.203 loading class org/jetbrains/kotlin/psi2ir/transformations/InsertImplicitCasts$postprocessReturnExpressions$1
Event: 17.203 loading class org/jetbrains/kotlin/psi2ir/transformations/InsertImplicitCasts$postprocessReturnExpressions$1 done
Event: 17.208 loading class org/jetbrains/kotlin/psi2ir/transformations/InsertImplicitCasts$postprocessReturnExpressions$1$visitClass$1
Event: 17.208 loading class org/jetbrains/kotlin/psi2ir/transformations/InsertImplicitCasts$postprocessReturnExpressions$1$visitClass$1 done
Event: 17.209 loading class org/jetbrains/kotlin/psi2ir/transformations/InsertImplicitCasts$postprocessReturnExpressions$1$visitFunction$1
Event: 17.209 loading class org/jetbrains/kotlin/psi2ir/transformations/InsertImplicitCasts$postprocessReturnExpressions$1$visitFunction$1 done
Event: 17.212 loading class org/jetbrains/kotlin/psi2ir/generators/AnnotationGenerator
Event: 17.212 loading class org/jetbrains/kotlin/psi2ir/generators/AnnotationGenerator done
Event: 17.217 loading class org/jetbrains/kotlin/ir/declarations/IrProperty
Event: 17.217 loading class org/jetbrains/kotlin/ir/declarations/IrProperty done


Dynamic libraries:
0x00007ff651320000 - 0x00007ff65132a000 	D:\Android studio\jre\bin\java.exe
0x00007fff8d8b0000 - 0x00007fff8daa5000 	C:\WINDOWS\SYSTEM32\ntdll.dll
0x00007fff8be50000 - 0x00007fff8bf0e000 	C:\WINDOWS\System32\KERNEL32.DLL
0x00007fff8afd0000 - 0x00007fff8b298000 	C:\WINDOWS\System32\KERNELBASE.dll
0x00007fff88180000 - 0x00007fff88210000 	C:\WINDOWS\SYSTEM32\apphelp.dll
0x00007fff8b7a0000 - 0x00007fff8b8a0000 	C:\WINDOWS\System32\ucrtbase.dll
0x00007fff817c0000 - 0x00007fff817d7000 	D:\Android studio\jre\bin\VCRUNTIME140.dll
0x00007fff79480000 - 0x00007fff79499000 	D:\Android studio\jre\bin\jli.dll
0x00007fff8bf20000 - 0x00007fff8c0c1000 	C:\WINDOWS\System32\USER32.dll
0x00007fff8b8d0000 - 0x00007fff8b8f2000 	C:\WINDOWS\System32\win32u.dll
0x00007fff8d5d0000 - 0x00007fff8d5fb000 	C:\WINDOWS\System32\GDI32.dll
0x00007fff8b2f0000 - 0x00007fff8b3fb000 	C:\WINDOWS\System32\gdi32full.dll
0x00007fff8a3d0000 - 0x00007fff8a66a000 	C:\WINDOWS\WinSxS\amd64_microsoft.windows.common-controls_6595b64144ccf1df_6.0.19041.1110_none_60b5254171f9507e\COMCTL32.dll
0x00007fff8b670000 - 0x00007fff8b70d000 	C:\WINDOWS\System32\msvcp_win.dll
0x00007fff8d530000 - 0x00007fff8d5ce000 	C:\WINDOWS\System32\msvcrt.dll
0x00007fff8ce60000 - 0x00007fff8ce90000 	C:\WINDOWS\System32\IMM32.DLL
0x00007fff756a0000 - 0x00007fff7573d000 	D:\Android studio\jre\bin\msvcp140.dll
0x00007fff6f060000 - 0x00007fff6fb2f000 	D:\Android studio\jre\bin\server\jvm.dll
0x00007fff8d730000 - 0x00007fff8d7dc000 	C:\WINDOWS\System32\ADVAPI32.dll
0x00007fff8d620000 - 0x00007fff8d6bb000 	C:\WINDOWS\System32\sechost.dll
0x00007fff8d010000 - 0x00007fff8d13a000 	C:\WINDOWS\System32\RPCRT4.dll
0x00007fff8bf10000 - 0x00007fff8bf18000 	C:\WINDOWS\System32\PSAPI.DLL
0x00007fff86470000 - 0x00007fff86479000 	C:\WINDOWS\SYSTEM32\WSOCK32.dll
0x00007fff81de0000 - 0x00007fff81e07000 	C:\WINDOWS\SYSTEM32\WINMM.dll
0x00007fff81e10000 - 0x00007fff81e1a000 	C:\WINDOWS\SYSTEM32\VERSION.dll
0x00007fff8d6c0000 - 0x00007fff8d72b000 	C:\WINDOWS\System32\WS2_32.dll
0x00007fff891f0000 - 0x00007fff89202000 	C:\WINDOWS\SYSTEM32\kernel.appcore.dll
0x00007fff84fb0000 - 0x00007fff84fc1000 	D:\Android studio\jre\bin\verify.dll
0x00007fff8a950000 - 0x00007fff8ab34000 	C:\WINDOWS\SYSTEM32\DBGHELP.DLL
0x00007fff8a920000 - 0x00007fff8a94c000 	C:\WINDOWS\SYSTEM32\dbgcore.DLL
0x00007fff8b710000 - 0x00007fff8b793000 	C:\WINDOWS\System32\bcryptPrimitives.dll
0x00007fff84ed0000 - 0x00007fff84ef9000 	D:\Android studio\jre\bin\java.dll
0x00007fff85f90000 - 0x00007fff85f9b000 	D:\Android studio\jre\bin\jimage.dll
0x00007fff84eb0000 - 0x00007fff84ec8000 	D:\Android studio\jre\bin\zip.dll
0x00007fff8c6b0000 - 0x00007fff8cdef000 	C:\WINDOWS\System32\SHELL32.dll
0x00007fff88a60000 - 0x00007fff891f0000 	C:\WINDOWS\SYSTEM32\windows.storage.dll
0x00007fff8baf0000 - 0x00007fff8be45000 	C:\WINDOWS\System32\combase.dll
0x00007fff8a2d0000 - 0x00007fff8a2fe000 	C:\WINDOWS\SYSTEM32\Wldp.dll
0x00007fff8d140000 - 0x00007fff8d1ed000 	C:\WINDOWS\System32\SHCORE.dll
0x00007fff8b900000 - 0x00007fff8b955000 	C:\WINDOWS\System32\shlwapi.dll
0x00007fff8af10000 - 0x00007fff8af2f000 	C:\WINDOWS\SYSTEM32\profapi.dll
0x00007fff84e90000 - 0x00007fff84eaa000 	D:\Android studio\jre\bin\net.dll
0x00007fff6d2d0000 - 0x00007fff6d3dc000 	C:\WINDOWS\SYSTEM32\WINHTTP.dll
0x00007fff89fc0000 - 0x00007fff8a02a000 	C:\WINDOWS\system32\mswsock.dll
0x00007fff84e70000 - 0x00007fff84e84000 	D:\Android studio\jre\bin\nio.dll

dbghelp: loaded successfully - version: 4.0.5 - missing functions: none
symbol engine: initialized successfully - sym options: 0x614 - pdb path: .;D:\Android studio\jre\bin;C:\WINDOWS\SYSTEM32;C:\WINDOWS\WinSxS\amd64_microsoft.windows.common-controls_6595b64144ccf1df_6.0.19041.1110_none_60b5254171f9507e;D:\Android studio\jre\bin\server

VM Arguments:
java_command: org.jetbrains.kotlin.cli.jvm.K2JVMCompiler @D:\Android labs\Lab2\app\build\20211202_12011582377770115870.compiler.options
java_class_path (initial): C:\Users\User\.gradle\caches\modules-2\files-2.1\org.jetbrains.kotlin\kotlin-compiler-embeddable\1.6.0\aa8da3bedc53c89219b84a0b40c7419431a13e76\kotlin-compiler-embeddable-1.6.0.jar;C:\Users\User\.gradle\caches\modules-2\files-2.1\org.jetbrains.kotlin\kotlin-reflect\1.6.0\a215a7f914d5916dc5fd2d45cea16524e0220203\kotlin-reflect-1.6.0.jar;C:\Users\User\.gradle\caches\modules-2\files-2.1\org.jetbrains.kotlin\kotlin-stdlib\1.6.0\a40b8b22529b733892edf4b73468ce598bb17f04\kotlin-stdlib-1.6.0.jar;C:\Users\User\.gradle\caches\modules-2\files-2.1\org.jetbrains.kotlin\kotlin-script-runtime\1.6.0\55f72526ddcff6fc77d72cdf949c7e3d9bd95620\kotlin-script-runtime-1.6.0.jar;C:\Users\User\.gradle\caches\modules-2\files-2.1\org.jetbrains.kotlin\kotlin-daemon-embeddable\1.6.0\d6242b37f4ce6b637d10847c7558446272ec8432\kotlin-daemon-embeddable-1.6.0.jar;C:\Users\User\.gradle\caches\modules-2\files-2.1\org.jetbrains.intellij.deps\trove4j\1.0.20181211\216c2e14b070f334479d800987affe4054cd563f\trove4j-1.0.20181211.jar;C:\Users\User\.gradle\caches\modules-2\files-2.1\net.java.dev.jna\jna\5.6.0\330f2244e9030119ab3030fc3fededc86713d9cc\jna-5.6.0.jar;C:\Users\User\.gradle\caches\modules-2\files-2.1\org.jetbrains\annotations\13.0\919f0dfe192fb4e063e7dacadee7f8bb9a2672a9\annotations-13.0.jar;C:\Users\User\.gradle\caches\modules-2\files-2.1\org.jetbrains.kotlin\kotlin-stdlib-common\1.6.0\7857e365f925cfa060f941c1357cda1f8790502c\kotlin-stdlib-common-1.6.0.jar
Launcher Type: SUN_STANDARD

[Global flags]
     intx CICompilerCount                          = 3                                         {product} {ergonomic}
     uint ConcGCThreads                            = 1                                         {product} {ergonomic}
     uint G1ConcRefinementThreads                  = 4                                         {product} {ergonomic}
   size_t G1HeapRegionSize                         = 1048576                                   {product} {ergonomic}
    uintx GCDrainStackTargetSize                   = 64                                        {product} {ergonomic}
   size_t InitialHeapSize                          = 125829120                                 {product} {ergonomic}
   size_t MarkStackSize                            = 4194304                                   {product} {ergonomic}
   size_t MaxHeapSize                              = 1983905792                                {product} {ergonomic}
   size_t MaxNewSize                               = 1190133760                                {product} {ergonomic}
   size_t MinHeapDeltaBytes                        = 1048576                                   {product} {ergonomic}
    uintx NonNMethodCodeHeapSize                   = 5830732                                {pd product} {ergonomic}
    uintx NonProfiledCodeHeapSize                  = 122913754                              {pd product} {ergonomic}
    uintx ProfiledCodeHeapSize                     = 122913754                              {pd product} {ergonomic}
    uintx ReservedCodeCacheSize                    = 251658240                              {pd product} {ergonomic}
     bool SegmentedCodeCache                       = true                                      {product} {ergonomic}
     bool UseCompressedClassPointers               = true                                 {lp64_product} {ergonomic}
     bool UseCompressedOops                        = true                                 {lp64_product} {ergonomic}
     bool UseG1GC                                  = true                                      {product} {ergonomic}
     bool UseLargePagesIndividualAllocation        = false                                  {pd product} {ergonomic}

Logging:
Log output configuration:
 #0: stdout all=warning uptime,level,tags
 #1: stderr all=off uptime,level,tags

Environment Variables:
PATH=C:\WINDOWS\system32;C:\WINDOWS;C:\WINDOWS\System32\Wbem;C:\WINDOWS\System32\WindowsPowerShell\v1.0\;C:\WINDOWS\System32\OpenSSH\;D:\Matlabchik\runtime\win64;D:\Matlabchik\bin;D:\Matlabchik\polyspace\bin;D:\Git\cmd;C:\Program Files\dotnet\;C:\Program Files\Microsoft SQL Server\130\Tools\Binn\;C:\Program Files\Microsoft SQL Server\Client SDK\ODBC\170\Tools\Binn\;C:\Program Files\Microsoft SQL Server\Client SDK\ODBC\110\Tools\Binn\;C:\Program Files (x86)\Microsoft SQL Server\120\Tools\Binn\;C:\Program Files\Microsoft SQL Server\120\Tools\Binn\;C:\Program Files\Microsoft SQL Server\120\DTS\Binn\;D:\Atmel studio\Microchip studio\bin;C:\ProgramData\chocolatey\bin;C:\Program Files\nodejs\;C:\Program Files\Microsoft VS Code\bin;C:\Program Files\Geth;C:\Users\User\AppData\Local\Microsoft\WindowsApps;;D:\PyCharm 2021.2.2\bin;;C:\Users\User\.dotnet\tools;C:\Users\User\AppData\Roaming\npm
USERNAME=User
OS=Windows_NT
PROCESSOR_IDENTIFIER=AMD64 Family 21 Model 101 Stepping 1, AuthenticAMD



---------------  S Y S T E M  ---------------

OS: Windows 10 , 64 bit Build 19041 (10.0.19041.1348)
OS uptime: 0 days 6:54 hours

CPU:total 4 (initial active 4) (4 cores per cpu, 1 threads per core) family 21 model 101 stepping 1 microcode 0x0, cmov, cx8, fxsr, mmx, sse, sse2, sse3, ssse3, sse4.1, sse4.2, popcnt, avx, avx2, aes, clmul, mmxext, 3dnowpref, lzcnt, sse4a, tsc, tscinvbit, tscinv, bmi1, bmi2, fma

Memory: 4k page, system-wide physical 7567M (519M free)
TotalPageFile size 11567M (AvailPageFile size 5M)
current process WorkingSet (physical memory assigned to process): 287M, peak: 287M
current process commit charge ("private bytes"): 340M, peak: 340M

vm_info: OpenJDK 64-Bit Server VM (11.0.10+0-b96-7249189) for windows-amd64 JRE (11.0.10+0-b96-7249189), built on Mar 31 2021 21:44:00 by "builder" with MS VC++ 14.0 (VS2015)

END.
