#
# There is insufficient memory for the Java Runtime Environment to continue.
# Native memory allocation (malloc) failed to allocate 1059856 bytes for Chunk::new
# Possible reasons:
#   The system is out of physical RAM or swap space
#   The process is running with CompressedOops enabled, and the Java Heap may be blocking the growth of the native heap
# Possible solutions:
#   Reduce memory load on the system
#   Increase physical memory or swap space
#   Check if swap backing store is full
#   Decrease Java heap size (-Xmx/-Xms)
#   Decrease number of Java threads
#   Decrease Java thread stack sizes (-Xss)
#   Set larger code cache with -XX:ReservedCodeCacheSize=
#   JVM is running with Unscaled Compressed Oops mode in which the Java heap is
#     placed in the first 4GB address space. The Java Heap base address is the
#     maximum limit for the native heap growth. Please use -XX:HeapBaseMinAddress
#     to set the Java Heap base and to place the Java Heap above 4GB virtual address.
# This output file may be truncated or incomplete.
#
#  Out of Memory Error (./src/hotspot/share/memory/arena.cpp:197), pid=10540, tid=12976
#
# JRE version: OpenJDK Runtime Environment (11.0.10) (build 11.0.10+0-b96-7249189)
# Java VM: OpenJDK 64-Bit Server VM (11.0.10+0-b96-7249189, mixed mode, tiered, compressed oops, g1 gc, windows-amd64)
# No core dump will be written. Minidumps are not enabled by default on client versions of Windows
#

---------------  S U M M A R Y ------------

Command Line: org.jetbrains.kotlin.cli.jvm.K2JVMCompiler @D:\Android labs\Lab2\app\build\20211202_666101370293825802.compiler.options

Host: AMD A12-9720P RADEON R7, 12 COMPUTE CORES 4C+8G, 4 cores, 7G,  Windows 10 , 64 bit Build 19041 (10.0.19041.1348)
Time: Thu Dec  2 18:31:48 2021 Финляндия (зима) elapsed time: 15.941736 seconds (0d 0h 0m 15s)

---------------  T H R E A D  ---------------

Current thread (0x0000029c111db800):  JavaThread "C2 CompilerThread0" daemon [_thread_in_native, id=12976, stack(0x000000a15b700000,0x000000a15b800000)]


Current CompileTask:
C2:  15941 7165       4       org.jetbrains.kotlin.backend.common.serialization.mangle.descriptor.DescriptorMangleComputer::mangleType (553 bytes)

Stack: [0x000000a15b700000,0x000000a15b800000]
Native frames: (J=compiled Java code, j=interpreted, Vv=VM code, C=native code)
V  [jvm.dll+0x5ecfaa]
V  [jvm.dll+0x722bd5]
V  [jvm.dll+0x72412d]
V  [jvm.dll+0x7247e3]
V  [jvm.dll+0x242928]
V  [jvm.dll+0xbc4fc]
V  [jvm.dll+0xbca0c]
V  [jvm.dll+0x352d3b]
V  [jvm.dll+0x320ad3]
V  [jvm.dll+0x31ffca]
V  [jvm.dll+0x1fb602]
V  [jvm.dll+0x1fa7f4]
V  [jvm.dll+0x18354c]
V  [jvm.dll+0x208ee7]
V  [jvm.dll+0x207731]
V  [jvm.dll+0x6eb1cf]
V  [jvm.dll+0x6e3d45]
V  [jvm.dll+0x5ebe96]
C  [ucrtbase.dll+0x21bb2]
C  [KERNEL32.DLL+0x17034]
C  [ntdll.dll+0x52651]


---------------  P R O C E S S  ---------------

Threads class SMR info:
_java_thread_list=0x0000029c15275920, length=11, elements={
0x0000029c779ac800, 0x0000029c111b4800, 0x0000029c111b7000, 0x0000029c11a43000,
0x0000029c111d4000, 0x0000029c111d5000, 0x0000029c111db800, 0x0000029c111e1000,
0x0000029c111fc000, 0x0000029c11b9d000, 0x0000029c185d8000
}

Java Threads: ( => current thread )
  0x0000029c779ac800 JavaThread "main" [_thread_in_Java, id=2388, stack(0x000000a15ab00000,0x000000a15ac00000)]
  0x0000029c111b4800 JavaThread "Reference Handler" daemon [_thread_blocked, id=3456, stack(0x000000a15b200000,0x000000a15b300000)]
  0x0000029c111b7000 JavaThread "Finalizer" daemon [_thread_blocked, id=1984, stack(0x000000a15b300000,0x000000a15b400000)]
  0x0000029c11a43000 JavaThread "Signal Dispatcher" daemon [_thread_blocked, id=11528, stack(0x000000a15b400000,0x000000a15b500000)]
  0x0000029c111d4000 JavaThread "Attach Listener" daemon [_thread_blocked, id=10452, stack(0x000000a15b500000,0x000000a15b600000)]
  0x0000029c111d5000 JavaThread "Service Thread" daemon [_thread_blocked, id=4116, stack(0x000000a15b600000,0x000000a15b700000)]
=>0x0000029c111db800 JavaThread "C2 CompilerThread0" daemon [_thread_in_native, id=12976, stack(0x000000a15b700000,0x000000a15b800000)]
  0x0000029c111e1000 JavaThread "C1 CompilerThread0" daemon [_thread_blocked, id=7512, stack(0x000000a15b800000,0x000000a15b900000)]
  0x0000029c111fc000 JavaThread "Sweeper thread" daemon [_thread_blocked, id=12428, stack(0x000000a15b900000,0x000000a15ba00000)]
  0x0000029c11b9d000 JavaThread "Common-Cleaner" daemon [_thread_blocked, id=10620, stack(0x000000a15bb00000,0x000000a15bc00000)]
  0x0000029c185d8000 JavaThread "C2 CompilerThread1" daemon [_thread_in_native, id=15096, stack(0x000000a15bd00000,0x000000a15be00000)]

Other Threads:
  0x0000029c11192000 VMThread "VM Thread" [stack: 0x000000a15b100000,0x000000a15b200000] [id=9676]
  0x0000029c11b92800 WatcherThread [stack: 0x000000a15ba00000,0x000000a15bb00000] [id=15124]
  0x0000029c779c5800 GCTaskThread "GC Thread#0" [stack: 0x000000a15ac00000,0x000000a15ad00000] [id=6908]
  0x0000029c11fcf800 GCTaskThread "GC Thread#1" [stack: 0x000000a15bc00000,0x000000a15bd00000] [id=13516]
  0x0000029c159c4800 GCTaskThread "GC Thread#2" [stack: 0x000000a15be00000,0x000000a15bf00000] [id=11584]
  0x0000029c779f2800 ConcurrentGCThread "G1 Main Marker" [stack: 0x000000a15ad00000,0x000000a15ae00000] [id=10860]
  0x0000029c779f5000 ConcurrentGCThread "G1 Conc#0" [stack: 0x000000a15ae00000,0x000000a15af00000] [id=7148]
  0x0000029c77a74800 ConcurrentGCThread "G1 Refine#0" [stack: 0x000000a15af00000,0x000000a15b000000] [id=3572]
  0x0000029c77a76000 ConcurrentGCThread "G1 Young RemSet Sampling" [stack: 0x000000a15b000000,0x000000a15b100000] [id=2212]

Threads with active compile tasks:
C2 CompilerThread0  15976 7165       4       org.jetbrains.kotlin.backend.common.serialization.mangle.descriptor.DescriptorMangleComputer::mangleType (553 bytes)
C1 CompilerThread0  15976 7214       3       org.jetbrains.kotlin.resolve.OverridingUtil::isMoreSpecific (413 bytes)
C2 CompilerThread1  15977 7184       4       org.jetbrains.kotlin.metadata.ProtoBuf$Function::writeTo (341 bytes)

VM state:not at safepoint (normal execution)

VM Mutex/Monitor currently owned by a thread: None

Heap address: 0x0000000089c00000, size: 1892 MB, Compressed Oops mode: 32-bit
Narrow klass base: 0x0000000000000000, Narrow klass shift: 3
Compressed class space size: 1073741824 Address: 0x0000000100000000

Heap:
 garbage-first heap   total 147456K, used 104769K [0x0000000089c00000, 0x0000000100000000)
  region size 1024K, 71 young (72704K), 8 survivors (8192K)
 Metaspace       used 68903K, capacity 69662K, committed 69976K, reserved 1112064K
  class space    used 7934K, capacity 8252K, committed 8320K, reserved 1048576K
Heap Regions: E=young(eden), S=young(survivor), O=old, HS=humongous(starts), HC=humongous(continues), CS=collection set, F=free, A=archive, TAMS=top-at-mark-start (previous, next)
|   0|0x0000000089c00000, 0x0000000089d00000, 0x0000000089d00000|100%|HS|  |TAMS 0x0000000089d00000, 0x0000000089c00000| Complete 
|   1|0x0000000089d00000, 0x0000000089e00000, 0x0000000089e00000|100%|HC|  |TAMS 0x0000000089e00000, 0x0000000089d00000| Complete 
|   2|0x0000000089e00000, 0x0000000089f00000, 0x0000000089f00000|100%|HC|  |TAMS 0x0000000089f00000, 0x0000000089e00000| Complete 
|   3|0x0000000089f00000, 0x000000008a000000, 0x000000008a000000|100%| O|  |TAMS 0x000000008a000000, 0x0000000089f00000| Untracked 
|   4|0x000000008a000000, 0x000000008a100000, 0x000000008a100000|100%| O|  |TAMS 0x000000008a100000, 0x000000008a000000| Untracked 
|   5|0x000000008a100000, 0x000000008a200000, 0x000000008a200000|100%|HS|  |TAMS 0x000000008a200000, 0x000000008a100000| Complete 
|   6|0x000000008a200000, 0x000000008a300000, 0x000000008a300000|100%|HC|  |TAMS 0x000000008a300000, 0x000000008a200000| Complete 
|   7|0x000000008a300000, 0x000000008a400000, 0x000000008a400000|100%|HC|  |TAMS 0x000000008a400000, 0x000000008a300000| Complete 
|   8|0x000000008a400000, 0x000000008a500000, 0x000000008a500000|100%|HS|  |TAMS 0x000000008a500000, 0x000000008a400000| Complete 
|   9|0x000000008a500000, 0x000000008a600000, 0x000000008a600000|100%|HC|  |TAMS 0x000000008a600000, 0x000000008a500000| Complete 
|  10|0x000000008a600000, 0x000000008a700000, 0x000000008a700000|100%| O|  |TAMS 0x000000008a700000, 0x000000008a600000| Untracked 
|  11|0x000000008a700000, 0x000000008a800000, 0x000000008a800000|100%| O|  |TAMS 0x000000008a800000, 0x000000008a700000| Untracked 
|  12|0x000000008a800000, 0x000000008a900000, 0x000000008a900000|100%| O|  |TAMS 0x000000008a900000, 0x000000008a800000| Untracked 
|  13|0x000000008a900000, 0x000000008aa00000, 0x000000008aa00000|100%| O|  |TAMS 0x000000008aa00000, 0x000000008a900000| Untracked 
|  14|0x000000008aa00000, 0x000000008ab00000, 0x000000008ab00000|100%| O|  |TAMS 0x000000008ab00000, 0x000000008aa00000| Untracked 
|  15|0x000000008ab00000, 0x000000008ac00000, 0x000000008ac00000|100%| O|  |TAMS 0x000000008ac00000, 0x000000008ab00000| Untracked 
|  16|0x000000008ac00000, 0x000000008ad00000, 0x000000008ad00000|100%| O|  |TAMS 0x000000008ad00000, 0x000000008ac00000| Untracked 
|  17|0x000000008ad00000, 0x000000008ae00000, 0x000000008ae00000|100%| O|  |TAMS 0x000000008ae00000, 0x000000008ad00000| Untracked 
|  18|0x000000008ae00000, 0x000000008af00000, 0x000000008af00000|100%| O|  |TAMS 0x000000008af00000, 0x000000008ae00000| Untracked 
|  19|0x000000008af00000, 0x000000008b000000, 0x000000008b000000|100%| O|  |TAMS 0x000000008b000000, 0x000000008af00000| Untracked 
|  20|0x000000008b000000, 0x000000008b100000, 0x000000008b100000|100%| O|  |TAMS 0x000000008b100000, 0x000000008b000000| Untracked 
|  21|0x000000008b100000, 0x000000008b200000, 0x000000008b200000|100%| O|  |TAMS 0x000000008b200000, 0x000000008b100000| Untracked 
|  22|0x000000008b200000, 0x000000008b300000, 0x000000008b300000|100%| O|  |TAMS 0x000000008b300000, 0x000000008b200000| Untracked 
|  23|0x000000008b300000, 0x000000008b400000, 0x000000008b400000|100%| O|  |TAMS 0x000000008b400000, 0x000000008b300000| Untracked 
|  24|0x000000008b400000, 0x000000008b500000, 0x000000008b500000|100%| O|  |TAMS 0x000000008b500000, 0x000000008b400000| Untracked 
|  25|0x000000008b500000, 0x000000008b600000, 0x000000008b600000|100%| O|  |TAMS 0x000000008b600000, 0x000000008b500000| Untracked 
|  26|0x000000008b600000, 0x000000008b700000, 0x000000008b700000|100%| O|  |TAMS 0x000000008b700000, 0x000000008b600000| Untracked 
|  27|0x000000008b700000, 0x000000008b800000, 0x000000008b800000|100%| O|  |TAMS 0x000000008b800000, 0x000000008b700000| Untracked 
|  28|0x000000008b800000, 0x000000008b900000, 0x000000008b900000|100%| O|  |TAMS 0x000000008b900000, 0x000000008b800000| Untracked 
|  29|0x000000008b900000, 0x000000008ba00000, 0x000000008ba00000|100%| O|  |TAMS 0x000000008ba00000, 0x000000008b900000| Untracked 
|  30|0x000000008ba00000, 0x000000008bb00000, 0x000000008bb00000|100%| O|  |TAMS 0x000000008bb00000, 0x000000008ba00000| Untracked 
|  31|0x000000008bb00000, 0x000000008bc00000, 0x000000008bc00000|100%| O|  |TAMS 0x000000008bc00000, 0x000000008bb00000| Untracked 
|  32|0x000000008bc00000, 0x000000008bc50600, 0x000000008bd00000| 31%| O|  |TAMS 0x000000008bc50600, 0x000000008bc00000| Untracked 
|  33|0x000000008bd00000, 0x000000008bd00000, 0x000000008be00000|  0%| F|  |TAMS 0x000000008bd00000, 0x000000008bd00000| Untracked 
|  34|0x000000008be00000, 0x000000008be00000, 0x000000008bf00000|  0%| F|  |TAMS 0x000000008be00000, 0x000000008be00000| Untracked 
|  35|0x000000008bf00000, 0x000000008bf00000, 0x000000008c000000|  0%| F|  |TAMS 0x000000008bf00000, 0x000000008bf00000| Untracked 
|  36|0x000000008c000000, 0x000000008c000000, 0x000000008c100000|  0%| F|  |TAMS 0x000000008c000000, 0x000000008c000000| Untracked 
|  37|0x000000008c100000, 0x000000008c100000, 0x000000008c200000|  0%| F|  |TAMS 0x000000008c100000, 0x000000008c100000| Untracked 
|  38|0x000000008c200000, 0x000000008c200000, 0x000000008c300000|  0%| F|  |TAMS 0x000000008c200000, 0x000000008c200000| Untracked 
|  39|0x000000008c300000, 0x000000008c300000, 0x000000008c400000|  0%| F|  |TAMS 0x000000008c300000, 0x000000008c300000| Untracked 
|  40|0x000000008c400000, 0x000000008c400000, 0x000000008c500000|  0%| F|  |TAMS 0x000000008c400000, 0x000000008c400000| Untracked 
|  41|0x000000008c500000, 0x000000008c500000, 0x000000008c600000|  0%| F|  |TAMS 0x000000008c500000, 0x000000008c500000| Untracked 
|  42|0x000000008c600000, 0x000000008c600000, 0x000000008c700000|  0%| F|  |TAMS 0x000000008c600000, 0x000000008c600000| Untracked 
|  43|0x000000008c700000, 0x000000008c700000, 0x000000008c800000|  0%| F|  |TAMS 0x000000008c700000, 0x000000008c700000| Untracked 
|  44|0x000000008c800000, 0x000000008c800000, 0x000000008c900000|  0%| F|  |TAMS 0x000000008c800000, 0x000000008c800000| Untracked 
|  45|0x000000008c900000, 0x000000008c900000, 0x000000008ca00000|  0%| F|  |TAMS 0x000000008c900000, 0x000000008c900000| Untracked 
|  46|0x000000008ca00000, 0x000000008ca00000, 0x000000008cb00000|  0%| F|  |TAMS 0x000000008ca00000, 0x000000008ca00000| Untracked 
|  47|0x000000008cb00000, 0x000000008cb00000, 0x000000008cc00000|  0%| F|  |TAMS 0x000000008cb00000, 0x000000008cb00000| Untracked 
|  48|0x000000008cc00000, 0x000000008cc00000, 0x000000008cd00000|  0%| F|  |TAMS 0x000000008cc00000, 0x000000008cc00000| Untracked 
|  49|0x000000008cd00000, 0x000000008cd00000, 0x000000008ce00000|  0%| F|  |TAMS 0x000000008cd00000, 0x000000008cd00000| Untracked 
|  50|0x000000008ce00000, 0x000000008ce00000, 0x000000008cf00000|  0%| F|  |TAMS 0x000000008ce00000, 0x000000008ce00000| Untracked 
|  51|0x000000008cf00000, 0x000000008cf00000, 0x000000008d000000|  0%| F|  |TAMS 0x000000008cf00000, 0x000000008cf00000| Untracked 
|  52|0x000000008d000000, 0x000000008d000000, 0x000000008d100000|  0%| F|  |TAMS 0x000000008d000000, 0x000000008d000000| Untracked 
|  53|0x000000008d100000, 0x000000008d100000, 0x000000008d200000|  0%| F|  |TAMS 0x000000008d100000, 0x000000008d100000| Untracked 
|  54|0x000000008d200000, 0x000000008d200000, 0x000000008d300000|  0%| F|  |TAMS 0x000000008d200000, 0x000000008d200000| Untracked 
|  55|0x000000008d300000, 0x000000008d300000, 0x000000008d400000|  0%| F|  |TAMS 0x000000008d300000, 0x000000008d300000| Untracked 
|  56|0x000000008d400000, 0x000000008d400000, 0x000000008d500000|  0%| F|  |TAMS 0x000000008d400000, 0x000000008d400000| Untracked 
|  57|0x000000008d500000, 0x000000008d500000, 0x000000008d600000|  0%| F|  |TAMS 0x000000008d500000, 0x000000008d500000| Untracked 
|  58|0x000000008d600000, 0x000000008d600000, 0x000000008d700000|  0%| F|  |TAMS 0x000000008d600000, 0x000000008d600000| Untracked 
|  59|0x000000008d700000, 0x000000008d700000, 0x000000008d800000|  0%| F|  |TAMS 0x000000008d700000, 0x000000008d700000| Untracked 
|  60|0x000000008d800000, 0x000000008d800000, 0x000000008d900000|  0%| F|  |TAMS 0x000000008d800000, 0x000000008d800000| Untracked 
|  61|0x000000008d900000, 0x000000008d900000, 0x000000008da00000|  0%| F|  |TAMS 0x000000008d900000, 0x000000008d900000| Untracked 
|  62|0x000000008da00000, 0x000000008da00000, 0x000000008db00000|  0%| F|  |TAMS 0x000000008da00000, 0x000000008da00000| Untracked 
|  63|0x000000008db00000, 0x000000008db00000, 0x000000008dc00000|  0%| F|  |TAMS 0x000000008db00000, 0x000000008db00000| Untracked 
|  64|0x000000008dc00000, 0x000000008dc00000, 0x000000008dd00000|  0%| F|  |TAMS 0x000000008dc00000, 0x000000008dc00000| Untracked 
|  65|0x000000008dd00000, 0x000000008dd00000, 0x000000008de00000|  0%| F|  |TAMS 0x000000008dd00000, 0x000000008dd00000| Untracked 
|  66|0x000000008de00000, 0x000000008de00000, 0x000000008df00000|  0%| F|  |TAMS 0x000000008de00000, 0x000000008de00000| Untracked 
|  67|0x000000008df00000, 0x000000008df00000, 0x000000008e000000|  0%| F|  |TAMS 0x000000008df00000, 0x000000008df00000| Untracked 
|  68|0x000000008e000000, 0x000000008e000000, 0x000000008e100000|  0%| F|  |TAMS 0x000000008e000000, 0x000000008e000000| Untracked 
|  69|0x000000008e100000, 0x000000008e100000, 0x000000008e200000|  0%| F|  |TAMS 0x000000008e100000, 0x000000008e100000| Untracked 
|  70|0x000000008e200000, 0x000000008e200000, 0x000000008e300000|  0%| F|  |TAMS 0x000000008e200000, 0x000000008e200000| Untracked 
|  71|0x000000008e300000, 0x000000008e300000, 0x000000008e400000|  0%| F|  |TAMS 0x000000008e300000, 0x000000008e300000| Untracked 
|  72|0x000000008e400000, 0x000000008e500000, 0x000000008e500000|100%| S|CS|TAMS 0x000000008e400000, 0x000000008e400000| Complete 
|  73|0x000000008e500000, 0x000000008e600000, 0x000000008e600000|100%| S|CS|TAMS 0x000000008e500000, 0x000000008e500000| Complete 
|  74|0x000000008e600000, 0x000000008e600000, 0x000000008e700000|  0%| F|  |TAMS 0x000000008e600000, 0x000000008e600000| Untracked 
|  75|0x000000008e700000, 0x000000008e800000, 0x000000008e800000|100%| E|  |TAMS 0x000000008e700000, 0x000000008e700000| Complete 
|  76|0x000000008e800000, 0x000000008e900000, 0x000000008e900000|100%| E|CS|TAMS 0x000000008e800000, 0x000000008e800000| Complete 
|  77|0x000000008e900000, 0x000000008ea00000, 0x000000008ea00000|100%| E|CS|TAMS 0x000000008e900000, 0x000000008e900000| Complete 
|  78|0x000000008ea00000, 0x000000008eb00000, 0x000000008eb00000|100%| E|CS|TAMS 0x000000008ea00000, 0x000000008ea00000| Complete 
|  79|0x000000008eb00000, 0x000000008ec00000, 0x000000008ec00000|100%| E|CS|TAMS 0x000000008eb00000, 0x000000008eb00000| Complete 
|  80|0x000000008ec00000, 0x000000008ed00000, 0x000000008ed00000|100%| E|CS|TAMS 0x000000008ec00000, 0x000000008ec00000| Complete 
|  81|0x000000008ed00000, 0x000000008ee00000, 0x000000008ee00000|100%| S|CS|TAMS 0x000000008ed00000, 0x000000008ed00000| Complete 
|  82|0x000000008ee00000, 0x000000008ef00000, 0x000000008ef00000|100%| S|CS|TAMS 0x000000008ee00000, 0x000000008ee00000| Complete 
|  83|0x000000008ef00000, 0x000000008f000000, 0x000000008f000000|100%| S|CS|TAMS 0x000000008ef00000, 0x000000008ef00000| Complete 
|  84|0x000000008f000000, 0x000000008f100000, 0x000000008f100000|100%| S|CS|TAMS 0x000000008f000000, 0x000000008f000000| Complete 
|  85|0x000000008f100000, 0x000000008f200000, 0x000000008f200000|100%| S|CS|TAMS 0x000000008f100000, 0x000000008f100000| Complete 
|  86|0x000000008f200000, 0x000000008f300000, 0x000000008f300000|100%| S|CS|TAMS 0x000000008f200000, 0x000000008f200000| Complete 
|  87|0x000000008f300000, 0x000000008f400000, 0x000000008f400000|100%| E|CS|TAMS 0x000000008f300000, 0x000000008f300000| Complete 
|  88|0x000000008f400000, 0x000000008f500000, 0x000000008f500000|100%| E|CS|TAMS 0x000000008f400000, 0x000000008f400000| Complete 
|  89|0x000000008f500000, 0x000000008f600000, 0x000000008f600000|100%| E|CS|TAMS 0x000000008f500000, 0x000000008f500000| Complete 
|  90|0x000000008f600000, 0x000000008f700000, 0x000000008f700000|100%| E|CS|TAMS 0x000000008f600000, 0x000000008f600000| Complete 
|  91|0x000000008f700000, 0x000000008f800000, 0x000000008f800000|100%| E|CS|TAMS 0x000000008f700000, 0x000000008f700000| Complete 
|  92|0x000000008f800000, 0x000000008f900000, 0x000000008f900000|100%| E|CS|TAMS 0x000000008f800000, 0x000000008f800000| Complete 
|  93|0x000000008f900000, 0x000000008fa00000, 0x000000008fa00000|100%| E|CS|TAMS 0x000000008f900000, 0x000000008f900000| Complete 
|  94|0x000000008fa00000, 0x000000008fb00000, 0x000000008fb00000|100%| E|CS|TAMS 0x000000008fa00000, 0x000000008fa00000| Complete 
|  95|0x000000008fb00000, 0x000000008fc00000, 0x000000008fc00000|100%| E|CS|TAMS 0x000000008fb00000, 0x000000008fb00000| Complete 
|  96|0x000000008fc00000, 0x000000008fd00000, 0x000000008fd00000|100%| E|CS|TAMS 0x000000008fc00000, 0x000000008fc00000| Complete 
|  97|0x000000008fd00000, 0x000000008fe00000, 0x000000008fe00000|100%| E|CS|TAMS 0x000000008fd00000, 0x000000008fd00000| Complete 
|  98|0x000000008fe00000, 0x000000008ff00000, 0x000000008ff00000|100%| E|CS|TAMS 0x000000008fe00000, 0x000000008fe00000| Complete 
|  99|0x000000008ff00000, 0x0000000090000000, 0x0000000090000000|100%| E|CS|TAMS 0x000000008ff00000, 0x000000008ff00000| Complete 
| 100|0x0000000090000000, 0x0000000090100000, 0x0000000090100000|100%| E|CS|TAMS 0x0000000090000000, 0x0000000090000000| Complete 
| 101|0x0000000090100000, 0x0000000090200000, 0x0000000090200000|100%| E|CS|TAMS 0x0000000090100000, 0x0000000090100000| Complete 
| 102|0x0000000090200000, 0x0000000090300000, 0x0000000090300000|100%| E|CS|TAMS 0x0000000090200000, 0x0000000090200000| Complete 
| 103|0x0000000090300000, 0x0000000090400000, 0x0000000090400000|100%| E|CS|TAMS 0x0000000090300000, 0x0000000090300000| Complete 
| 104|0x0000000090400000, 0x0000000090500000, 0x0000000090500000|100%| E|CS|TAMS 0x0000000090400000, 0x0000000090400000| Complete 
| 105|0x0000000090500000, 0x0000000090600000, 0x0000000090600000|100%| E|CS|TAMS 0x0000000090500000, 0x0000000090500000| Complete 
| 106|0x0000000090600000, 0x0000000090700000, 0x0000000090700000|100%| E|CS|TAMS 0x0000000090600000, 0x0000000090600000| Complete 
| 107|0x0000000090700000, 0x0000000090800000, 0x0000000090800000|100%| E|CS|TAMS 0x0000000090700000, 0x0000000090700000| Complete 
| 108|0x0000000090800000, 0x0000000090900000, 0x0000000090900000|100%| E|CS|TAMS 0x0000000090800000, 0x0000000090800000| Complete 
| 109|0x0000000090900000, 0x0000000090a00000, 0x0000000090a00000|100%| E|CS|TAMS 0x0000000090900000, 0x0000000090900000| Complete 
| 110|0x0000000090a00000, 0x0000000090b00000, 0x0000000090b00000|100%| E|CS|TAMS 0x0000000090a00000, 0x0000000090a00000| Complete 
| 111|0x0000000090b00000, 0x0000000090c00000, 0x0000000090c00000|100%| E|CS|TAMS 0x0000000090b00000, 0x0000000090b00000| Complete 
| 112|0x0000000090c00000, 0x0000000090d00000, 0x0000000090d00000|100%| E|CS|TAMS 0x0000000090c00000, 0x0000000090c00000| Complete 
| 113|0x0000000090d00000, 0x0000000090e00000, 0x0000000090e00000|100%| E|CS|TAMS 0x0000000090d00000, 0x0000000090d00000| Complete 
| 114|0x0000000090e00000, 0x0000000090f00000, 0x0000000090f00000|100%| E|CS|TAMS 0x0000000090e00000, 0x0000000090e00000| Complete 
| 115|0x0000000090f00000, 0x0000000091000000, 0x0000000091000000|100%| E|CS|TAMS 0x0000000090f00000, 0x0000000090f00000| Complete 
| 116|0x0000000091000000, 0x0000000091100000, 0x0000000091100000|100%| E|CS|TAMS 0x0000000091000000, 0x0000000091000000| Complete 
| 117|0x0000000091100000, 0x0000000091200000, 0x0000000091200000|100%| E|CS|TAMS 0x0000000091100000, 0x0000000091100000| Complete 
| 118|0x0000000091200000, 0x0000000091300000, 0x0000000091300000|100%| E|CS|TAMS 0x0000000091200000, 0x0000000091200000| Complete 
| 119|0x0000000091300000, 0x0000000091400000, 0x0000000091400000|100%| E|CS|TAMS 0x0000000091300000, 0x0000000091300000| Complete 
| 120|0x0000000091400000, 0x0000000091500000, 0x0000000091500000|100%| E|CS|TAMS 0x0000000091400000, 0x0000000091400000| Complete 
| 121|0x0000000091500000, 0x0000000091600000, 0x0000000091600000|100%| E|CS|TAMS 0x0000000091500000, 0x0000000091500000| Complete 
| 122|0x0000000091600000, 0x0000000091700000, 0x0000000091700000|100%| E|CS|TAMS 0x0000000091600000, 0x0000000091600000| Complete 
| 123|0x0000000091700000, 0x0000000091800000, 0x0000000091800000|100%| E|CS|TAMS 0x0000000091700000, 0x0000000091700000| Complete 
| 124|0x0000000091800000, 0x0000000091900000, 0x0000000091900000|100%| E|CS|TAMS 0x0000000091800000, 0x0000000091800000| Complete 
| 125|0x0000000091900000, 0x0000000091a00000, 0x0000000091a00000|100%| E|CS|TAMS 0x0000000091900000, 0x0000000091900000| Complete 
| 126|0x0000000091a00000, 0x0000000091b00000, 0x0000000091b00000|100%| E|CS|TAMS 0x0000000091a00000, 0x0000000091a00000| Complete 
| 127|0x0000000091b00000, 0x0000000091c00000, 0x0000000091c00000|100%| E|CS|TAMS 0x0000000091b00000, 0x0000000091b00000| Complete 
| 128|0x0000000091c00000, 0x0000000091d00000, 0x0000000091d00000|100%| E|CS|TAMS 0x0000000091c00000, 0x0000000091c00000| Complete 
| 129|0x0000000091d00000, 0x0000000091e00000, 0x0000000091e00000|100%| E|CS|TAMS 0x0000000091d00000, 0x0000000091d00000| Complete 
| 130|0x0000000091e00000, 0x0000000091f00000, 0x0000000091f00000|100%| E|CS|TAMS 0x0000000091e00000, 0x0000000091e00000| Complete 
| 131|0x0000000091f00000, 0x0000000092000000, 0x0000000092000000|100%| E|CS|TAMS 0x0000000091f00000, 0x0000000091f00000| Complete 
| 132|0x0000000092000000, 0x0000000092100000, 0x0000000092100000|100%| E|CS|TAMS 0x0000000092000000, 0x0000000092000000| Complete 
| 133|0x0000000092100000, 0x0000000092200000, 0x0000000092200000|100%| E|CS|TAMS 0x0000000092100000, 0x0000000092100000| Complete 
| 134|0x0000000092200000, 0x0000000092300000, 0x0000000092300000|100%| E|CS|TAMS 0x0000000092200000, 0x0000000092200000| Complete 
| 135|0x0000000092300000, 0x0000000092400000, 0x0000000092400000|100%| E|CS|TAMS 0x0000000092300000, 0x0000000092300000| Complete 
| 136|0x0000000092400000, 0x0000000092500000, 0x0000000092500000|100%| E|CS|TAMS 0x0000000092400000, 0x0000000092400000| Complete 
| 137|0x0000000092500000, 0x0000000092600000, 0x0000000092600000|100%| E|CS|TAMS 0x0000000092500000, 0x0000000092500000| Complete 
| 138|0x0000000092600000, 0x0000000092700000, 0x0000000092700000|100%| E|CS|TAMS 0x0000000092600000, 0x0000000092600000| Complete 
| 139|0x0000000092700000, 0x0000000092800000, 0x0000000092800000|100%| E|CS|TAMS 0x0000000092700000, 0x0000000092700000| Complete 
| 140|0x0000000092800000, 0x0000000092900000, 0x0000000092900000|100%| E|CS|TAMS 0x0000000092800000, 0x0000000092800000| Complete 
| 141|0x0000000092900000, 0x0000000092a00000, 0x0000000092a00000|100%| E|CS|TAMS 0x0000000092900000, 0x0000000092900000| Complete 
| 142|0x0000000092a00000, 0x0000000092b00000, 0x0000000092b00000|100%| E|CS|TAMS 0x0000000092a00000, 0x0000000092a00000| Complete 
| 143|0x0000000092b00000, 0x0000000092c00000, 0x0000000092c00000|100%| E|CS|TAMS 0x0000000092b00000, 0x0000000092b00000| Complete 

Card table byte_map: [0x0000029c7b850000,0x0000029c7bc10000] _byte_map_base: 0x0000029c7b402000

Marking Bits (Prev, Next): (CMBitMap*) 0x0000029c779ea7b0, (CMBitMap*) 0x0000029c779ea778
 Prev Bits: [0x0000029c7dd60000, 0x0000029c7faf0000)
 Next Bits: [0x0000029c7bfd0000, 0x0000029c7dd60000)

Polling page: 0x0000029c77180000

Metaspace:

Usage:
  Non-class:     60.03 MB capacity,    59.60 MB (>99%) used,   331.67 KB ( <1%) free+waste,   112.25 KB ( <1%) overhead. 
      Class:      8.06 MB capacity,     7.76 MB ( 96%) used,   254.62 KB (  3%) free+waste,    49.31 KB ( <1%) overhead. 
       Both:     68.09 MB capacity,    67.36 MB ( 99%) used,   586.29 KB ( <1%) free+waste,   161.56 KB ( <1%) overhead. 

Virtual space:
  Non-class space:       62.00 MB reserved,      60.21 MB ( 97%) committed 
      Class space:        1.00 GB reserved,       8.13 MB ( <1%) committed 
             Both:        1.06 GB reserved,      68.34 MB (  6%) committed 

Chunk freelists:
   Non-Class:  54.00 KB
       Class:  4.00 KB
        Both:  58.00 KB

MaxMetaspaceSize: 17179869184.00 GB
CompressedClassSpaceSize: 1.00 GB

CodeHeap 'non-profiled nmethods': size=120064Kb used=3480Kb max_used=3480Kb free=116583Kb
 bounds [0x0000029c07ac0000, 0x0000029c07e30000, 0x0000029c0f000000]
CodeHeap 'profiled nmethods': size=120000Kb used=19028Kb max_used=19028Kb free=100971Kb
 bounds [0x0000029c00590000, 0x0000029c01830000, 0x0000029c07ac0000]
CodeHeap 'non-nmethods': size=5696Kb used=1256Kb max_used=1289Kb free=4439Kb
 bounds [0x0000029c00000000, 0x0000029c00270000, 0x0000029c00590000]
 total_blobs=7806 nmethods=7172 adapters=545
 compilation: enabled
              stopped_count=0, restarted_count=0
 full_count=0

Compilation events (20 events):
Event: 15.847 Thread 0x0000029c185d8000 nmethod 7178 0x0000029c07e21810 code [0x0000029c07e21a60, 0x0000029c07e22278]
Event: 15.848 Thread 0x0000029c185d8000 7183       4       org.jetbrains.kotlin.ir.util.TransformKt::transformIfNeeded (136 bytes)
Event: 15.857 Thread 0x0000029c185d8000 nmethod 7183 0x0000029c07e22b10 code [0x0000029c07e22d00, 0x0000029c07e23118]
Event: 15.864 Thread 0x0000029c185d8000 7184       4       org.jetbrains.kotlin.metadata.ProtoBuf$Function::writeTo (341 bytes)
Event: 15.881 Thread 0x0000029c111e1000 7187       3       org.jetbrains.kotlin.metadata.ProtoBuf$Property::getSerializedSize (378 bytes)
Event: 15.886 Thread 0x0000029c111e1000 nmethod 7187 0x0000029c01812010 code [0x0000029c01812580, 0x0000029c01814d98]
Event: 15.886 Thread 0x0000029c111e1000 7186       1       org.jetbrains.kotlin.metadata.ProtoBuf$Property::getVersionRequirementList (5 bytes)
Event: 15.887 Thread 0x0000029c111e1000 nmethod 7186 0x0000029c07e23610 code [0x0000029c07e237c0, 0x0000029c07e23878]
Event: 15.891 Thread 0x0000029c111e1000 7189       2       java.lang.Boolean::hashCode (14 bytes)
Event: 15.892 Thread 0x0000029c111e1000 nmethod 7189 0x0000029c01815c90 code [0x0000029c01815e40, 0x0000029c01815f38]
Event: 15.908 Thread 0x0000029c111e1000 7190       3       org.jetbrains.kotlin.backend.common.lower.matchers.IrFunctionMatcherContainer::add (25 bytes)
Event: 15.909 Thread 0x0000029c111e1000 nmethod 7190 0x0000029c01816010 code [0x0000029c01816260, 0x0000029c018169c8]
Event: 15.913 Thread 0x0000029c111e1000 7191       1       org.jetbrains.kotlin.ir.types.impl.IrSimpleTypeImpl::getHasQuestionMark (5 bytes)
Event: 15.913 Thread 0x0000029c111e1000 nmethod 7191 0x0000029c07e23910 code [0x0000029c07e23ac0, 0x0000029c07e23b78]
Event: 15.926 Thread 0x0000029c111e1000 7192       3       org.jetbrains.kotlin.ir.declarations.lazy.SynchronizedLazyVar::getValue (11 bytes)
Event: 15.927 Thread 0x0000029c111e1000 nmethod 7192 0x0000029c01816c90 code [0x0000029c01816ec0, 0x0000029c01817468]
Event: 15.927 Thread 0x0000029c111e1000 7193   !   3       org.jetbrains.kotlin.ir.declarations.lazy.SynchronizedLazyVar::getValue (70 bytes)
Event: 15.929 Thread 0x0000029c111e1000 nmethod 7193 0x0000029c01817710 code [0x0000029c01817960, 0x0000029c01818258]
Event: 15.929 Thread 0x0000029c111e1000 7194       1       org.jetbrains.kotlin.ir.types.impl.IrSimpleTypeImpl::getArguments (5 bytes)
Event: 15.929 Thread 0x0000029c111e1000 nmethod 7194 0x0000029c07e23c10 code [0x0000029c07e23dc0, 0x0000029c07e23e78]

GC Heap History (14 events):
Event: 0.939 GC heap before
{Heap before GC invocations=0 (full 0):
 garbage-first heap   total 122880K, used 17408K [0x0000000089c00000, 0x0000000100000000)
  region size 1024K, 14 young (14336K), 0 survivors (0K)
 Metaspace       used 9822K, capacity 9935K, committed 10112K, reserved 1058816K
  class space    used 839K, capacity 884K, committed 896K, reserved 1048576K
}
Event: 0.946 GC heap after
{Heap after GC invocations=1 (full 0):
 garbage-first heap   total 122880K, used 5184K [0x0000000089c00000, 0x0000000100000000)
  region size 1024K, 2 young (2048K), 2 survivors (2048K)
 Metaspace       used 9822K, capacity 9935K, committed 10112K, reserved 1058816K
  class space    used 839K, capacity 884K, committed 896K, reserved 1048576K
}
Event: 2.895 GC heap before
{Heap before GC invocations=1 (full 0):
 garbage-first heap   total 122880K, used 49216K [0x0000000089c00000, 0x0000000100000000)
  region size 1024K, 46 young (47104K), 2 survivors (2048K)
 Metaspace       used 20798K, capacity 20990K, committed 21248K, reserved 1069056K
  class space    used 2200K, capacity 2280K, committed 2304K, reserved 1048576K
}
Event: 2.918 GC heap after
{Heap after GC invocations=2 (full 0):
 garbage-first heap   total 122880K, used 9084K [0x0000000089c00000, 0x0000000100000000)
  region size 1024K, 6 young (6144K), 6 survivors (6144K)
 Metaspace       used 20798K, capacity 20990K, committed 21248K, reserved 1069056K
  class space    used 2200K, capacity 2280K, committed 2304K, reserved 1048576K
}
Event: 4.775 GC heap before
{Heap before GC invocations=3 (full 0):
 garbage-first heap   total 122880K, used 60284K [0x0000000089c00000, 0x0000000100000000)
  region size 1024K, 51 young (52224K), 6 survivors (6144K)
 Metaspace       used 31676K, capacity 32112K, committed 32384K, reserved 1077248K
  class space    used 3972K, capacity 4149K, committed 4224K, reserved 1048576K
}
Event: 4.811 GC heap after
{Heap after GC invocations=4 (full 0):
 garbage-first heap   total 122880K, used 20734K [0x0000000089c00000, 0x0000000100000000)
  region size 1024K, 7 young (7168K), 7 survivors (7168K)
 Metaspace       used 31676K, capacity 32112K, committed 32384K, reserved 1077248K
  class space    used 3972K, capacity 4149K, committed 4224K, reserved 1048576K
}
Event: 5.320 GC heap before
{Heap before GC invocations=4 (full 0):
 garbage-first heap   total 122880K, used 35070K [0x0000000089c00000, 0x0000000100000000)
  region size 1024K, 22 young (22528K), 7 survivors (7168K)
 Metaspace       used 35023K, capacity 35419K, committed 35584K, reserved 1081344K
  class space    used 4340K, capacity 4505K, committed 4608K, reserved 1048576K
}
Event: 5.345 GC heap after
{Heap after GC invocations=5 (full 0):
 garbage-first heap   total 122880K, used 21996K [0x0000000089c00000, 0x0000000100000000)
  region size 1024K, 2 young (2048K), 2 survivors (2048K)
 Metaspace       used 35023K, capacity 35419K, committed 35584K, reserved 1081344K
  class space    used 4340K, capacity 4505K, committed 4608K, reserved 1048576K
}
Event: 7.257 GC heap before
{Heap before GC invocations=6 (full 0):
 garbage-first heap   total 122880K, used 76268K [0x0000000089c00000, 0x0000000100000000)
  region size 1024K, 55 young (56320K), 2 survivors (2048K)
 Metaspace       used 46510K, capacity 46996K, committed 47232K, reserved 1091584K
  class space    used 5559K, capacity 5756K, committed 5760K, reserved 1048576K
}
Event: 7.278 GC heap after
{Heap after GC invocations=7 (full 0):
 garbage-first heap   total 147456K, used 26826K [0x0000000089c00000, 0x0000000100000000)
  region size 1024K, 7 young (7168K), 7 survivors (7168K)
 Metaspace       used 46510K, capacity 46996K, committed 47232K, reserved 1091584K
  class space    used 5559K, capacity 5756K, committed 5760K, reserved 1048576K
}
Event: 9.321 GC heap before
{Heap before GC invocations=7 (full 0):
 garbage-first heap   total 147456K, used 92362K [0x0000000089c00000, 0x0000000100000000)
  region size 1024K, 70 young (71680K), 7 survivors (7168K)
 Metaspace       used 52830K, capacity 53484K, committed 53632K, reserved 1095680K
  class space    used 6167K, capacity 6424K, committed 6528K, reserved 1048576K
}
Event: 9.348 GC heap after
{Heap after GC invocations=8 (full 0):
 garbage-first heap   total 147456K, used 33423K [0x0000000089c00000, 0x0000000100000000)
  region size 1024K, 7 young (7168K), 7 survivors (7168K)
 Metaspace       used 52830K, capacity 53484K, committed 53632K, reserved 1095680K
  class space    used 6167K, capacity 6424K, committed 6528K, reserved 1048576K
}
Event: 12.142 GC heap before
{Heap before GC invocations=8 (full 0):
 garbage-first heap   total 147456K, used 90767K [0x0000000089c00000, 0x0000000100000000)
  region size 1024K, 64 young (65536K), 7 survivors (7168K)
 Metaspace       used 58948K, capacity 59633K, committed 59736K, reserved 1101824K
  class space    used 6920K, capacity 7214K, committed 7296K, reserved 1048576K
}
Event: 12.208 GC heap after
{Heap after GC invocations=9 (full 0):
 garbage-first heap   total 147456K, used 41281K [0x0000000089c00000, 0x0000000100000000)
  region size 1024K, 8 young (8192K), 8 survivors (8192K)
 Metaspace       used 58948K, capacity 59633K, committed 59736K, reserved 1101824K
  class space    used 6920K, capacity 7214K, committed 7296K, reserved 1048576K
}

Deoptimization events (20 events):
Event: 15.799 Thread 0x0000029c779ac800 DEOPT PACKING pc=0x0000029c07cc5494 sp=0x000000a15abfcd70
Event: 15.799 Thread 0x0000029c779ac800 DEOPT UNPACKING pc=0x0000029c000273af sp=0x000000a15abfccf0 mode 2
Event: 15.799 Thread 0x0000029c779ac800 Uncommon trap: trap_request=0xffffffde fr.pc=0x0000029c07cc88a0 relative=0x00000000000011c0
Event: 15.799 Thread 0x0000029c779ac800 Uncommon trap: reason=class_check action=maybe_recompile pc=0x0000029c07cc88a0 method=org.jetbrains.kotlin.serialization.deserialization.descriptors.DeserializedMemberScope.getContributedClassifier(Lorg/jetbrains/kotlin/name/Name;Lorg/jetbrains/kotlin/inc
Event: 15.799 Thread 0x0000029c779ac800 DEOPT PACKING pc=0x0000029c07cc88a0 sp=0x000000a15abfcdc0
Event: 15.799 Thread 0x0000029c779ac800 DEOPT UNPACKING pc=0x0000029c000273af sp=0x000000a15abfcda8 mode 2
Event: 15.801 Thread 0x0000029c779ac800 Uncommon trap: trap_request=0xffffffde fr.pc=0x0000029c07cc88a0 relative=0x00000000000011c0
Event: 15.801 Thread 0x0000029c779ac800 Uncommon trap: reason=class_check action=maybe_recompile pc=0x0000029c07cc88a0 method=org.jetbrains.kotlin.serialization.deserialization.descriptors.DeserializedMemberScope.getContributedClassifier(Lorg/jetbrains/kotlin/name/Name;Lorg/jetbrains/kotlin/inc
Event: 15.801 Thread 0x0000029c779ac800 DEOPT PACKING pc=0x0000029c07cc88a0 sp=0x000000a15abfcaf0
Event: 15.801 Thread 0x0000029c779ac800 DEOPT UNPACKING pc=0x0000029c000273af sp=0x000000a15abfcad8 mode 2
Event: 15.812 Thread 0x0000029c779ac800 Uncommon trap: trap_request=0xffffffc6 fr.pc=0x0000029c07e17370 relative=0x0000000000000710
Event: 15.812 Thread 0x0000029c779ac800 Uncommon trap: reason=bimorphic_or_optimized_type_check action=maybe_recompile pc=0x0000029c07e17370 method=org.jetbrains.kotlin.descriptors.impl.FunctionDescriptorImpl.isOperator()Z @ 44 c2
Event: 15.812 Thread 0x0000029c779ac800 DEOPT PACKING pc=0x0000029c07e17370 sp=0x000000a15abfd730
Event: 15.812 Thread 0x0000029c779ac800 DEOPT UNPACKING pc=0x0000029c000273af sp=0x000000a15abfd6c8 mode 2
Event: 15.812 Thread 0x0000029c779ac800 Uncommon trap: trap_request=0xffffffc6 fr.pc=0x0000029c07e1849c relative=0x000000000000071c
Event: 15.812 Thread 0x0000029c779ac800 Uncommon trap: reason=bimorphic_or_optimized_type_check action=maybe_recompile pc=0x0000029c07e1849c method=org.jetbrains.kotlin.descriptors.impl.FunctionDescriptorImpl.isInfix()Z @ 44 c2
Event: 15.812 Thread 0x0000029c779ac800 DEOPT PACKING pc=0x0000029c07e1849c sp=0x000000a15abfd730
Event: 15.812 Thread 0x0000029c779ac800 DEOPT UNPACKING pc=0x0000029c000273af sp=0x000000a15abfd6c8 mode 2
Event: 15.824 Thread 0x0000029c779ac800 DEOPT PACKING pc=0x0000029c017e2f5c sp=0x000000a15abfd8d0
Event: 15.824 Thread 0x0000029c779ac800 DEOPT UNPACKING pc=0x0000029c000271ce sp=0x000000a15abfcdb0 mode 0

Classes redefined (0 events):
No events

Internal exceptions (20 events):
Event: 8.648 Thread 0x0000029c779ac800 Implicit null exception at 0x0000029c07c0941e to 0x0000029c07c096fc
Event: 8.839 Thread 0x0000029c779ac800 Exception <a 'java/lang/NoSuchMethodError'{0x000000008f217ad8}: 'java.lang.Object java.lang.invoke.DirectMethodHandle$Holder.invokeStaticInit(java.lang.Object, java.lang.Object, java.lang.Object)'> (0x000000008f217ad8) thrown at [./src/hotspot/share/interpreter/linkResolver.cpp, line 773]
Event: 8.857 Thread 0x0000029c779ac800 Exception <a 'java/lang/NoSuchMethodError'{0x000000008f257538}: 'java.lang.Object java.lang.invoke.DirectMethodHandle$Holder.invokeStatic(java.lang.Object, int, java.lang.Object, java.lang.Object)'> (0x000000008f257538) thrown at [./src/hotspot/share/interpreter/linkResolver.cpp, line 773]
Event: 8.861 Thread 0x0000029c779ac800 Exception <a 'java/lang/NoSuchMethodError'{0x000000008f261a18}: 'int java.lang.invoke.DirectMethodHandle$Holder.invokeInterface(java.lang.Object, java.lang.Object)'> (0x000000008f261a18) thrown at [./src/hotspot/share/interpreter/linkResolver.cpp, line 773]
Event: 9.665 Thread 0x0000029c779ac800 Implicit null exception at 0x0000029c07c84ad5 to 0x0000029c07c85228
Event: 9.665 Thread 0x0000029c779ac800 Implicit null exception at 0x0000029c07c8472f to 0x0000029c07c8475c
Event: 11.256 Thread 0x0000029c779ac800 Exception <a 'java/lang/NoSuchMethodError'{0x00000000904b37a8}: 'java.lang.Object java.lang.invoke.DirectMethodHandle$Holder.invokeInterface(java.lang.Object, java.lang.Object, int)'> (0x00000000904b37a8) thrown at [./src/hotspot/share/interpreter/linkResolver.cpp, line 773]
Event: 11.268 Thread 0x0000029c779ac800 Exception <a 'java/lang/NoSuchMethodError'{0x00000000904c8828}: 'java.lang.Object java.lang.invoke.DirectMethodHandle$Holder.invokeSpecial(java.lang.Object, java.lang.Object, java.lang.Object, java.lang.Object, java.lang.Object, int)'> (0x00000000904c8828) thrown at [./src/hotspot/share/interpreter/linkResolver.cpp, line 773]
Event: 11.269 Thread 0x0000029c779ac800 Exception <a 'java/lang/NoSuchMethodError'{0x00000000904d0188}: 'java.lang.Object java.lang.invoke.DirectMethodHandle$Holder.invokeStatic(java.lang.Object, java.lang.Object, java.lang.Object, java.lang.Object, java.lang.Object, int)'> (0x00000000904d0188) thrown at [./src/hotspot/share/interpreter/linkResolver.cpp, line 773]
Event: 11.269 Thread 0x0000029c779ac800 Exception <a 'java/lang/NoSuchMethodError'{0x00000000904d3d60}: 'java.lang.Object java.lang.invoke.DirectMethodHandle$Holder.invokeSpecial(java.lang.Object, java.lang.Object, java.lang.Object, java.lang.Object, java.lang.Object, java.lang.Object, int)'> (0x00000000904d3d60) thrown at [./src/hotspot/share/interpreter/linkResolver.cpp, line 773]
Event: 11.332 Thread 0x0000029c779ac800 Exception <a 'java/lang/NoSuchMethodError'{0x00000000903a64f0}: 'java.lang.Object java.lang.invoke.Invokers$Holder.linkToTargetMethod(java.lang.Object, java.lang.Object, java.lang.Object, java.lang.Object, java.lang.Object, java.lang.Object)'> (0x00000000903a64f0) thrown at [./src/hotspot/share/interpreter/linkResolver.cpp, line 773]
Event: 11.486 Thread 0x0000029c779ac800 Implicit null exception at 0x0000029c07c6dbcc to 0x0000029c07c6dca8
Event: 11.660 Thread 0x0000029c779ac800 Implicit null exception at 0x0000029c07b19e5e to 0x0000029c07b1a60e
Event: 11.660 Thread 0x0000029c779ac800 Implicit null exception at 0x0000029c07b1b42f to 0x0000029c07b1b49d
Event: 11.762 Thread 0x0000029c779ac800 Exception <a 'java/lang/NoSuchMethodError'{0x000000008fad3540}: 'int java.lang.invoke.DirectMethodHandle$Holder.invokeVirtual(java.lang.Object, java.lang.Object, java.lang.Object)'> (0x000000008fad3540) thrown at [./src/hotspot/share/interpreter/linkResolver.cpp, line 773]
Event: 11.949 Thread 0x0000029c779ac800 Exception <a 'java/lang/NoSuchMethodError'{0x000000008f61d2f0}: 'java.lang.Object java.lang.invoke.Invokers$Holder.linkToTargetMethod(java.lang.Object, java.lang.Object, java.lang.Object, int, java.lang.Object)'> (0x000000008f61d2f0) thrown at [./src/hotspot/share/interpreter/linkResolver.cpp, line 773]
Event: 12.044 Thread 0x0000029c779ac800 Exception <a 'java/lang/NoSuchMethodError'{0x000000008f5d77e8}: 'void java.lang.invoke.DirectMethodHandle$Holder.invokeInterface(java.lang.Object, java.lang.Object)'> (0x000000008f5d77e8) thrown at [./src/hotspot/share/interpreter/linkResolver.cpp, line 773]
Event: 12.238 Thread 0x0000029c779ac800 Exception <a 'java/lang/IncompatibleClassChangeError'{0x0000000092b3ab00}: Found class java.lang.Object, but interface was expected> (0x0000000092b3ab00) thrown at [./src/hotspot/share/interpreter/linkResolver.cpp, line 839]
Event: 12.495 Thread 0x0000029c779ac800 Implicit null exception at 0x0000029c07b13475 to 0x0000029c07b13624
Event: 13.425 Thread 0x0000029c779ac800 Exception <a 'java/lang/NoSuchMethodError'{0x0000000091518e78}: 'int java.lang.invoke.DirectMethodHandle$Holder.invokeStaticInit(java.lang.Object, java.lang.Object, java.lang.Object, java.lang.Object)'> (0x0000000091518e78) thrown at [./src/hotspot/share/interpreter/linkResolver.cpp, line 773]

Events (20 events):
Event: 15.923 loading class org/jetbrains/kotlin/backend/common/lower/loops/handlers/WithIndexHandler$matcher$1$3$3
Event: 15.923 loading class org/jetbrains/kotlin/backend/common/lower/loops/handlers/WithIndexHandler$matcher$1$3$3 done
Event: 15.923 loading class org/jetbrains/kotlin/backend/common/lower/loops/HeaderProcessor
Event: 15.923 loading class org/jetbrains/kotlin/backend/common/lower/loops/HeaderProcessor done
Event: 15.924 loading class org/jetbrains/kotlin/backend/common/lower/loops/RangeLoopTransformer$headerProcessor$1
Event: 15.924 loading class org/jetbrains/kotlin/backend/common/lower/loops/RangeLoopTransformer$headerProcessor$1 done
Event: 15.925 loading class org/jetbrains/kotlin/backend/common/lower/loops/ForLoopsLowering$lower$1
Event: 15.925 loading class org/jetbrains/kotlin/backend/common/lower/loops/ForLoopsLowering$lower$1 done
Event: 15.927 loading class org/jetbrains/kotlin/backend/jvm/lower/CollectionStubMethodLowering
Event: 15.927 loading class org/jetbrains/kotlin/backend/jvm/lower/CollectionStubMethodLowering done
Event: 15.934 loading class org/jetbrains/kotlin/backend/jvm/caches/CollectionStubComputer$LazyStubsForCollectionClass
Event: 15.934 loading class org/jetbrains/kotlin/backend/jvm/caches/CollectionStubComputer$LazyStubsForCollectionClass done
Event: 15.934 loading class org/jetbrains/kotlin/backend/jvm/caches/StubsForCollectionClass
Event: 15.934 loading class org/jetbrains/kotlin/backend/jvm/caches/StubsForCollectionClass done
Event: 15.935 loading class org/jetbrains/kotlin/backend/jvm/caches/CollectionStubComputer$LazyStubsForCollectionClass$candidatesForStubs$2
Event: 15.935 loading class org/jetbrains/kotlin/backend/jvm/caches/CollectionStubComputer$LazyStubsForCollectionClass$candidatesForStubs$2 done
Event: 15.935 loading class org/jetbrains/kotlin/ir/types/IrTypeUtilsKt
Event: 15.935 loading class org/jetbrains/kotlin/ir/types/IrTypeUtilsKt done
Event: 15.936 loading class org/jetbrains/kotlin/ir/declarations/lazy/IrLazyClass$superTypes$2$1
Event: 15.936 loading class org/jetbrains/kotlin/ir/declarations/lazy/IrLazyClass$superTypes$2$1 done


Dynamic libraries:
0x00007ff651320000 - 0x00007ff65132a000 	D:\Android studio\jre\bin\java.exe
0x00007fff8d8b0000 - 0x00007fff8daa5000 	C:\WINDOWS\SYSTEM32\ntdll.dll
0x00007fff8be50000 - 0x00007fff8bf0e000 	C:\WINDOWS\System32\KERNEL32.DLL
0x00007fff8afd0000 - 0x00007fff8b298000 	C:\WINDOWS\System32\KERNELBASE.dll
0x00007fff88180000 - 0x00007fff88210000 	C:\WINDOWS\SYSTEM32\apphelp.dll
0x00007fff8b7a0000 - 0x00007fff8b8a0000 	C:\WINDOWS\System32\ucrtbase.dll
0x00007fff79480000 - 0x00007fff79499000 	D:\Android studio\jre\bin\jli.dll
0x00007fff817c0000 - 0x00007fff817d7000 	D:\Android studio\jre\bin\VCRUNTIME140.dll
0x00007fff8bf20000 - 0x00007fff8c0c1000 	C:\WINDOWS\System32\USER32.dll
0x00007fff8b8d0000 - 0x00007fff8b8f2000 	C:\WINDOWS\System32\win32u.dll
0x00007fff8d5d0000 - 0x00007fff8d5fb000 	C:\WINDOWS\System32\GDI32.dll
0x00007fff8b2f0000 - 0x00007fff8b3fb000 	C:\WINDOWS\System32\gdi32full.dll
0x00007fff8b670000 - 0x00007fff8b70d000 	C:\WINDOWS\System32\msvcp_win.dll
0x00007fff8a3d0000 - 0x00007fff8a66a000 	C:\WINDOWS\WinSxS\amd64_microsoft.windows.common-controls_6595b64144ccf1df_6.0.19041.1110_none_60b5254171f9507e\COMCTL32.dll
0x00007fff8d530000 - 0x00007fff8d5ce000 	C:\WINDOWS\System32\msvcrt.dll
0x00007fff8ce60000 - 0x00007fff8ce90000 	C:\WINDOWS\System32\IMM32.DLL
0x00007fff756a0000 - 0x00007fff7573d000 	D:\Android studio\jre\bin\msvcp140.dll
0x00007fff6f060000 - 0x00007fff6fb2f000 	D:\Android studio\jre\bin\server\jvm.dll
0x00007fff8d730000 - 0x00007fff8d7dc000 	C:\WINDOWS\System32\ADVAPI32.dll
0x00007fff8d620000 - 0x00007fff8d6bb000 	C:\WINDOWS\System32\sechost.dll
0x00007fff8d010000 - 0x00007fff8d13a000 	C:\WINDOWS\System32\RPCRT4.dll
0x00007fff8bf10000 - 0x00007fff8bf18000 	C:\WINDOWS\System32\PSAPI.DLL
0x00007fff86470000 - 0x00007fff86479000 	C:\WINDOWS\SYSTEM32\WSOCK32.dll
0x00007fff81e10000 - 0x00007fff81e1a000 	C:\WINDOWS\SYSTEM32\VERSION.dll
0x00007fff81de0000 - 0x00007fff81e07000 	C:\WINDOWS\SYSTEM32\WINMM.dll
0x00007fff8d6c0000 - 0x00007fff8d72b000 	C:\WINDOWS\System32\WS2_32.dll
0x00007fff891f0000 - 0x00007fff89202000 	C:\WINDOWS\SYSTEM32\kernel.appcore.dll
0x00007fff84fb0000 - 0x00007fff84fc1000 	D:\Android studio\jre\bin\verify.dll
0x00007fff8a950000 - 0x00007fff8ab34000 	C:\WINDOWS\SYSTEM32\DBGHELP.DLL
0x00007fff8a920000 - 0x00007fff8a94c000 	C:\WINDOWS\SYSTEM32\dbgcore.DLL
0x00007fff8b710000 - 0x00007fff8b793000 	C:\WINDOWS\System32\bcryptPrimitives.dll
0x00007fff84ed0000 - 0x00007fff84ef9000 	D:\Android studio\jre\bin\java.dll
0x00007fff85f90000 - 0x00007fff85f9b000 	D:\Android studio\jre\bin\jimage.dll
0x00007fff84eb0000 - 0x00007fff84ec8000 	D:\Android studio\jre\bin\zip.dll
0x00007fff8c6b0000 - 0x00007fff8cdef000 	C:\WINDOWS\System32\SHELL32.dll
0x00007fff88a60000 - 0x00007fff891f0000 	C:\WINDOWS\SYSTEM32\windows.storage.dll
0x00007fff8baf0000 - 0x00007fff8be45000 	C:\WINDOWS\System32\combase.dll
0x00007fff8a2d0000 - 0x00007fff8a2fe000 	C:\WINDOWS\SYSTEM32\Wldp.dll
0x00007fff8d140000 - 0x00007fff8d1ed000 	C:\WINDOWS\System32\SHCORE.dll
0x00007fff8b900000 - 0x00007fff8b955000 	C:\WINDOWS\System32\shlwapi.dll
0x00007fff8af10000 - 0x00007fff8af2f000 	C:\WINDOWS\SYSTEM32\profapi.dll
0x00007fff84e90000 - 0x00007fff84eaa000 	D:\Android studio\jre\bin\net.dll
0x00007fff6d2d0000 - 0x00007fff6d3dc000 	C:\WINDOWS\SYSTEM32\WINHTTP.dll
0x00007fff89fc0000 - 0x00007fff8a02a000 	C:\WINDOWS\system32\mswsock.dll
0x00007fff84e70000 - 0x00007fff84e84000 	D:\Android studio\jre\bin\nio.dll

dbghelp: loaded successfully - version: 4.0.5 - missing functions: none
symbol engine: initialized successfully - sym options: 0x614 - pdb path: .;D:\Android studio\jre\bin;C:\WINDOWS\SYSTEM32;C:\WINDOWS\WinSxS\amd64_microsoft.windows.common-controls_6595b64144ccf1df_6.0.19041.1110_none_60b5254171f9507e;D:\Android studio\jre\bin\server

VM Arguments:
java_command: org.jetbrains.kotlin.cli.jvm.K2JVMCompiler @D:\Android labs\Lab2\app\build\20211202_666101370293825802.compiler.options
java_class_path (initial): C:\Users\User\.gradle\caches\modules-2\files-2.1\org.jetbrains.kotlin\kotlin-compiler-embeddable\1.6.0\aa8da3bedc53c89219b84a0b40c7419431a13e76\kotlin-compiler-embeddable-1.6.0.jar;C:\Users\User\.gradle\caches\modules-2\files-2.1\org.jetbrains.kotlin\kotlin-reflect\1.6.0\a215a7f914d5916dc5fd2d45cea16524e0220203\kotlin-reflect-1.6.0.jar;C:\Users\User\.gradle\caches\modules-2\files-2.1\org.jetbrains.kotlin\kotlin-stdlib\1.6.0\a40b8b22529b733892edf4b73468ce598bb17f04\kotlin-stdlib-1.6.0.jar;C:\Users\User\.gradle\caches\modules-2\files-2.1\org.jetbrains.kotlin\kotlin-script-runtime\1.6.0\55f72526ddcff6fc77d72cdf949c7e3d9bd95620\kotlin-script-runtime-1.6.0.jar;C:\Users\User\.gradle\caches\modules-2\files-2.1\org.jetbrains.kotlin\kotlin-daemon-embeddable\1.6.0\d6242b37f4ce6b637d10847c7558446272ec8432\kotlin-daemon-embeddable-1.6.0.jar;C:\Users\User\.gradle\caches\modules-2\files-2.1\org.jetbrains.intellij.deps\trove4j\1.0.20181211\216c2e14b070f334479d800987affe4054cd563f\trove4j-1.0.20181211.jar;C:\Users\User\.gradle\caches\modules-2\files-2.1\net.java.dev.jna\jna\5.6.0\330f2244e9030119ab3030fc3fededc86713d9cc\jna-5.6.0.jar;C:\Users\User\.gradle\caches\modules-2\files-2.1\org.jetbrains\annotations\13.0\919f0dfe192fb4e063e7dacadee7f8bb9a2672a9\annotations-13.0.jar;C:\Users\User\.gradle\caches\modules-2\files-2.1\org.jetbrains.kotlin\kotlin-stdlib-common\1.6.0\7857e365f925cfa060f941c1357cda1f8790502c\kotlin-stdlib-common-1.6.0.jar
Launcher Type: SUN_STANDARD

[Global flags]
     intx CICompilerCount                          = 3                                         {product} {ergonomic}
     uint ConcGCThreads                            = 1                                         {product} {ergonomic}
     uint G1ConcRefinementThreads                  = 4                                         {product} {ergonomic}
   size_t G1HeapRegionSize                         = 1048576                                   {product} {ergonomic}
    uintx GCDrainStackTargetSize                   = 64                                        {product} {ergonomic}
   size_t InitialHeapSize                          = 125829120                                 {product} {ergonomic}
   size_t MarkStackSize                            = 4194304                                   {product} {ergonomic}
   size_t MaxHeapSize                              = 1983905792                                {product} {ergonomic}
   size_t MaxNewSize                               = 1190133760                                {product} {ergonomic}
   size_t MinHeapDeltaBytes                        = 1048576                                   {product} {ergonomic}
    uintx NonNMethodCodeHeapSize                   = 5830732                                {pd product} {ergonomic}
    uintx NonProfiledCodeHeapSize                  = 122913754                              {pd product} {ergonomic}
    uintx ProfiledCodeHeapSize                     = 122913754                              {pd product} {ergonomic}
    uintx ReservedCodeCacheSize                    = 251658240                              {pd product} {ergonomic}
     bool SegmentedCodeCache                       = true                                      {product} {ergonomic}
     bool UseCompressedClassPointers               = true                                 {lp64_product} {ergonomic}
     bool UseCompressedOops                        = true                                 {lp64_product} {ergonomic}
     bool UseG1GC                                  = true                                      {product} {ergonomic}
     bool UseLargePagesIndividualAllocation        = false                                  {pd product} {ergonomic}

Logging:
Log output configuration:
 #0: stdout all=warning uptime,level,tags
 #1: stderr all=off uptime,level,tags

Environment Variables:
PATH=C:\WINDOWS\system32;C:\WINDOWS;C:\WINDOWS\System32\Wbem;C:\WINDOWS\System32\WindowsPowerShell\v1.0\;C:\WINDOWS\System32\OpenSSH\;D:\Matlabchik\runtime\win64;D:\Matlabchik\bin;D:\Matlabchik\polyspace\bin;D:\Git\cmd;C:\Program Files\dotnet\;C:\Program Files\Microsoft SQL Server\130\Tools\Binn\;C:\Program Files\Microsoft SQL Server\Client SDK\ODBC\170\Tools\Binn\;C:\Program Files\Microsoft SQL Server\Client SDK\ODBC\110\Tools\Binn\;C:\Program Files (x86)\Microsoft SQL Server\120\Tools\Binn\;C:\Program Files\Microsoft SQL Server\120\Tools\Binn\;C:\Program Files\Microsoft SQL Server\120\DTS\Binn\;D:\Atmel studio\Microchip studio\bin;C:\ProgramData\chocolatey\bin;C:\Program Files\nodejs\;C:\Program Files\Microsoft VS Code\bin;C:\Program Files\Geth;C:\Users\User\AppData\Local\Microsoft\WindowsApps;;D:\PyCharm 2021.2.2\bin;;C:\Users\User\.dotnet\tools;C:\Users\User\AppData\Roaming\npm
USERNAME=User
OS=Windows_NT
PROCESSOR_IDENTIFIER=AMD64 Family 21 Model 101 Stepping 1, AuthenticAMD



---------------  S Y S T E M  ---------------

OS: Windows 10 , 64 bit Build 19041 (10.0.19041.1348)
OS uptime: 0 days 6:53 hours

CPU:total 4 (initial active 4) (4 cores per cpu, 1 threads per core) family 21 model 101 stepping 1 microcode 0x0, cmov, cx8, fxsr, mmx, sse, sse2, sse3, ssse3, sse4.1, sse4.2, popcnt, avx, avx2, aes, clmul, mmxext, 3dnowpref, lzcnt, sse4a, tsc, tscinvbit, tscinv, bmi1, bmi2, fma

Memory: 4k page, system-wide physical 7567M (568M free)
TotalPageFile size 11567M (AvailPageFile size 2M)
current process WorkingSet (physical memory assigned to process): 289M, peak: 289M
current process commit charge ("private bytes"): 344M, peak: 344M

vm_info: OpenJDK 64-Bit Server VM (11.0.10+0-b96-7249189) for windows-amd64 JRE (11.0.10+0-b96-7249189), built on Mar 31 2021 21:44:00 by "builder" with MS VC++ 14.0 (VS2015)

END.
