#
# There is insufficient memory for the Java Runtime Environment to continue.
# Native memory allocation (malloc) failed to allocate 1296016 bytes for Chunk::new
# Possible reasons:
#   The system is out of physical RAM or swap space
#   The process is running with CompressedOops enabled, and the Java Heap may be blocking the growth of the native heap
# Possible solutions:
#   Reduce memory load on the system
#   Increase physical memory or swap space
#   Check if swap backing store is full
#   Decrease Java heap size (-Xmx/-Xms)
#   Decrease number of Java threads
#   Decrease Java thread stack sizes (-Xss)
#   Set larger code cache with -XX:ReservedCodeCacheSize=
#   JVM is running with Unscaled Compressed Oops mode in which the Java heap is
#     placed in the first 4GB address space. The Java Heap base address is the
#     maximum limit for the native heap growth. Please use -XX:HeapBaseMinAddress
#     to set the Java Heap base and to place the Java Heap above 4GB virtual address.
# This output file may be truncated or incomplete.
#
#  Out of Memory Error (./src/hotspot/share/memory/arena.cpp:197), pid=9668, tid=13636
#
# JRE version: OpenJDK Runtime Environment (11.0.10) (build 11.0.10+0-b96-7249189)
# Java VM: OpenJDK 64-Bit Server VM (11.0.10+0-b96-7249189, mixed mode, tiered, compressed oops, g1 gc, windows-amd64)
# No core dump will be written. Minidumps are not enabled by default on client versions of Windows
#

---------------  S U M M A R Y ------------

Command Line: org.jetbrains.kotlin.cli.jvm.K2JVMCompiler @D:\Android labs\Lab2\app\build\20211202_7957159877864033797.compiler.options

Host: AMD A12-9720P RADEON R7, 12 COMPUTE CORES 4C+8G, 4 cores, 7G,  Windows 10 , 64 bit Build 19041 (10.0.19041.1348)
Time: Thu Dec  2 18:03:04 2021 Финляндия (зима) elapsed time: 3.935213 seconds (0d 0h 0m 3s)

---------------  T H R E A D  ---------------

Current thread (0x00000205b4c6a800):  JavaThread "C2 CompilerThread1" daemon [_thread_in_native, id=13636, stack(0x000000355df00000,0x000000355e000000)]


Current CompileTask:
C2:   3935 2009   !   4       jdk.internal.loader.BuiltinClassLoader::loadClassOrNull (143 bytes)

Stack: [0x000000355df00000,0x000000355e000000]
Native frames: (J=compiled Java code, j=interpreted, Vv=VM code, C=native code)
V  [jvm.dll+0x5ecfaa]
V  [jvm.dll+0x722bd5]
V  [jvm.dll+0x72412d]
V  [jvm.dll+0x7247e3]
V  [jvm.dll+0x242928]
V  [jvm.dll+0xbc4fc]
V  [jvm.dll+0xbca0c]
V  [jvm.dll+0x352d3b]
V  [jvm.dll+0x197e0c]
V  [jvm.dll+0x1fb70e]
V  [jvm.dll+0x1fa7f4]
V  [jvm.dll+0x18354c]
V  [jvm.dll+0x208ee7]
V  [jvm.dll+0x207731]
V  [jvm.dll+0x6eb1cf]
V  [jvm.dll+0x6e3d45]
V  [jvm.dll+0x5ebe96]
C  [ucrtbase.dll+0x21bb2]
C  [KERNEL32.DLL+0x17034]
C  [ntdll.dll+0x52651]


---------------  P R O C E S S  ---------------

Threads class SMR info:
_java_thread_list=0x00000205b3ccfb20, length=11, elements={
0x0000020598c0a000, 0x00000205b293a800, 0x00000205b295e000, 0x00000205b3313000,
0x00000205b297f800, 0x00000205b2981000, 0x00000205b2988000, 0x00000205b2994800,
0x00000205b29a1000, 0x00000205b3468000, 0x00000205b4c6a800
}

Java Threads: ( => current thread )
  0x0000020598c0a000 JavaThread "main" [_thread_in_vm, id=13136, stack(0x000000355ce00000,0x000000355cf00000)]
  0x00000205b293a800 JavaThread "Reference Handler" daemon [_thread_blocked, id=11836, stack(0x000000355d500000,0x000000355d600000)]
  0x00000205b295e000 JavaThread "Finalizer" daemon [_thread_blocked, id=3672, stack(0x000000355d600000,0x000000355d700000)]
  0x00000205b3313000 JavaThread "Signal Dispatcher" daemon [_thread_blocked, id=9460, stack(0x000000355d700000,0x000000355d800000)]
  0x00000205b297f800 JavaThread "Attach Listener" daemon [_thread_blocked, id=8024, stack(0x000000355d800000,0x000000355d900000)]
  0x00000205b2981000 JavaThread "Service Thread" daemon [_thread_blocked, id=14724, stack(0x000000355d900000,0x000000355da00000)]
  0x00000205b2988000 JavaThread "C2 CompilerThread0" daemon [_thread_in_native, id=10152, stack(0x000000355da00000,0x000000355db00000)]
  0x00000205b2994800 JavaThread "C1 CompilerThread0" daemon [_thread_blocked, id=3892, stack(0x000000355db00000,0x000000355dc00000)]
  0x00000205b29a1000 JavaThread "Sweeper thread" daemon [_thread_blocked, id=3164, stack(0x000000355dc00000,0x000000355dd00000)]
  0x00000205b3468000 JavaThread "Common-Cleaner" daemon [_thread_blocked, id=15208, stack(0x000000355de00000,0x000000355df00000)]
=>0x00000205b4c6a800 JavaThread "C2 CompilerThread1" daemon [_thread_in_native, id=13636, stack(0x000000355df00000,0x000000355e000000)]

Other Threads:
  0x00000205b2937000 VMThread "VM Thread" [stack: 0x000000355d400000,0x000000355d500000] [id=11728]
  0x00000205b3463000 WatcherThread [stack: 0x000000355dd00000,0x000000355de00000] [id=5908]
  0x0000020598c21800 GCTaskThread "GC Thread#0" [stack: 0x000000355cf00000,0x000000355d000000] [id=13812]
  0x00000205b38cf800 GCTaskThread "GC Thread#1" [stack: 0x000000355e000000,0x000000355e100000] [id=14016]
  0x0000020598c50000 ConcurrentGCThread "G1 Main Marker" [stack: 0x000000355d000000,0x000000355d100000] [id=13676]
  0x0000020598c53000 ConcurrentGCThread "G1 Conc#0" [stack: 0x000000355d100000,0x000000355d200000] [id=1936]
  0x0000020598cd0000 ConcurrentGCThread "G1 Refine#0" [stack: 0x000000355d200000,0x000000355d300000] [id=14848]
  0x0000020598cd2000 ConcurrentGCThread "G1 Young RemSet Sampling" [stack: 0x000000355d300000,0x000000355d400000] [id=13484]

Threads with active compile tasks:
C2 CompilerThread0   4566 2228   !   4       java.net.URL::<init> (543 bytes)
C2 CompilerThread1   4566 2009   !   4       jdk.internal.loader.BuiltinClassLoader::loadClassOrNull (143 bytes)

VM state:not at safepoint (normal execution)

VM Mutex/Monitor currently owned by a thread: None

Heap address: 0x0000000089c00000, size: 1892 MB, Compressed Oops mode: 32-bit
Narrow klass base: 0x0000000000000000, Narrow klass shift: 3
Compressed class space size: 1073741824 Address: 0x0000000100000000

Heap:
 garbage-first heap   total 122880K, used 21303K [0x0000000089c00000, 0x0000000100000000)
  region size 1024K, 8 young (8192K), 6 survivors (6144K)
 Metaspace       used 31995K, capacity 32400K, committed 32640K, reserved 1079296K
  class space    used 4016K, capacity 4181K, committed 4224K, reserved 1048576K
Heap Regions: E=young(eden), S=young(survivor), O=old, HS=humongous(starts), HC=humongous(continues), CS=collection set, F=free, A=archive, TAMS=top-at-mark-start (previous, next)
|   0|0x0000000089c00000, 0x0000000089d00000, 0x0000000089d00000|100%|HS|  |TAMS 0x0000000089d00000, 0x0000000089c00000| Complete 
|   1|0x0000000089d00000, 0x0000000089e00000, 0x0000000089e00000|100%|HC|  |TAMS 0x0000000089e00000, 0x0000000089d00000| Complete 
|   2|0x0000000089e00000, 0x0000000089f00000, 0x0000000089f00000|100%|HC|  |TAMS 0x0000000089f00000, 0x0000000089e00000| Complete 
|   3|0x0000000089f00000, 0x000000008a000000, 0x000000008a000000|100%| O|  |TAMS 0x0000000089f00000, 0x0000000089f00000| Untracked 
|   4|0x000000008a000000, 0x000000008a100000, 0x000000008a100000|100%| O|  |TAMS 0x000000008a01a200, 0x000000008a000000| Untracked 
|   5|0x000000008a100000, 0x000000008a200000, 0x000000008a200000|100%|HS|  |TAMS 0x000000008a100000, 0x000000008a100000| Complete 
|   6|0x000000008a200000, 0x000000008a300000, 0x000000008a300000|100%|HC|  |TAMS 0x000000008a200000, 0x000000008a200000| Complete 
|   7|0x000000008a300000, 0x000000008a400000, 0x000000008a400000|100%|HC|  |TAMS 0x000000008a300000, 0x000000008a300000| Complete 
|   8|0x000000008a400000, 0x000000008a500000, 0x000000008a500000|100%|HS|  |TAMS 0x000000008a400000, 0x000000008a400000| Complete 
|   9|0x000000008a500000, 0x000000008a600000, 0x000000008a600000|100%|HC|  |TAMS 0x000000008a500000, 0x000000008a500000| Complete 
|  10|0x000000008a600000, 0x000000008a700000, 0x000000008a700000|100%| O|  |TAMS 0x000000008a600000, 0x000000008a600000| Untracked 
|  11|0x000000008a700000, 0x000000008a800000, 0x000000008a800000|100%| O|  |TAMS 0x000000008a700000, 0x000000008a700000| Untracked 
|  12|0x000000008a800000, 0x000000008a900000, 0x000000008a900000|100%| O|  |TAMS 0x000000008a800000, 0x000000008a800000| Untracked 
|  13|0x000000008a900000, 0x000000008a9cdc00, 0x000000008aa00000| 80%| O|  |TAMS 0x000000008a900000, 0x000000008a900000| Untracked 
|  14|0x000000008aa00000, 0x000000008aa00000, 0x000000008ab00000|  0%| F|  |TAMS 0x000000008aa00000, 0x000000008aa00000| Untracked 
|  15|0x000000008ab00000, 0x000000008ab00000, 0x000000008ac00000|  0%| F|  |TAMS 0x000000008ab00000, 0x000000008ab00000| Untracked 
|  16|0x000000008ac00000, 0x000000008ac00000, 0x000000008ad00000|  0%| F|  |TAMS 0x000000008ac00000, 0x000000008ac00000| Untracked 
|  17|0x000000008ad00000, 0x000000008ad00000, 0x000000008ae00000|  0%| F|  |TAMS 0x000000008ad00000, 0x000000008ad00000| Untracked 
|  18|0x000000008ae00000, 0x000000008ae00000, 0x000000008af00000|  0%| F|  |TAMS 0x000000008ae00000, 0x000000008ae00000| Untracked 
|  19|0x000000008af00000, 0x000000008af00000, 0x000000008b000000|  0%| F|  |TAMS 0x000000008af00000, 0x000000008af00000| Untracked 
|  20|0x000000008b000000, 0x000000008b000000, 0x000000008b100000|  0%| F|  |TAMS 0x000000008b000000, 0x000000008b000000| Untracked 
|  21|0x000000008b100000, 0x000000008b100000, 0x000000008b200000|  0%| F|  |TAMS 0x000000008b100000, 0x000000008b100000| Untracked 
|  22|0x000000008b200000, 0x000000008b200000, 0x000000008b300000|  0%| F|  |TAMS 0x000000008b200000, 0x000000008b200000| Untracked 
|  23|0x000000008b300000, 0x000000008b300000, 0x000000008b400000|  0%| F|  |TAMS 0x000000008b300000, 0x000000008b300000| Untracked 
|  24|0x000000008b400000, 0x000000008b400000, 0x000000008b500000|  0%| F|  |TAMS 0x000000008b400000, 0x000000008b400000| Untracked 
|  25|0x000000008b500000, 0x000000008b500000, 0x000000008b600000|  0%| F|  |TAMS 0x000000008b500000, 0x000000008b500000| Untracked 
|  26|0x000000008b600000, 0x000000008b600000, 0x000000008b700000|  0%| F|  |TAMS 0x000000008b600000, 0x000000008b600000| Untracked 
|  27|0x000000008b700000, 0x000000008b700000, 0x000000008b800000|  0%| F|  |TAMS 0x000000008b700000, 0x000000008b700000| Untracked 
|  28|0x000000008b800000, 0x000000008b800000, 0x000000008b900000|  0%| F|  |TAMS 0x000000008b800000, 0x000000008b800000| Untracked 
|  29|0x000000008b900000, 0x000000008b900000, 0x000000008ba00000|  0%| F|  |TAMS 0x000000008b900000, 0x000000008b900000| Untracked 
|  30|0x000000008ba00000, 0x000000008ba00000, 0x000000008bb00000|  0%| F|  |TAMS 0x000000008ba00000, 0x000000008ba00000| Untracked 
|  31|0x000000008bb00000, 0x000000008bb00000, 0x000000008bc00000|  0%| F|  |TAMS 0x000000008bb00000, 0x000000008bb00000| Untracked 
|  32|0x000000008bc00000, 0x000000008bc00000, 0x000000008bd00000|  0%| F|  |TAMS 0x000000008bc00000, 0x000000008bc00000| Untracked 
|  33|0x000000008bd00000, 0x000000008bd00000, 0x000000008be00000|  0%| F|  |TAMS 0x000000008bd00000, 0x000000008bd00000| Untracked 
|  34|0x000000008be00000, 0x000000008be00000, 0x000000008bf00000|  0%| F|  |TAMS 0x000000008be00000, 0x000000008be00000| Untracked 
|  35|0x000000008bf00000, 0x000000008bf00000, 0x000000008c000000|  0%| F|  |TAMS 0x000000008bf00000, 0x000000008bf00000| Untracked 
|  36|0x000000008c000000, 0x000000008c000000, 0x000000008c100000|  0%| F|  |TAMS 0x000000008c000000, 0x000000008c000000| Untracked 
|  37|0x000000008c100000, 0x000000008c100000, 0x000000008c200000|  0%| F|  |TAMS 0x000000008c100000, 0x000000008c100000| Untracked 
|  38|0x000000008c200000, 0x000000008c200000, 0x000000008c300000|  0%| F|  |TAMS 0x000000008c200000, 0x000000008c200000| Untracked 
|  39|0x000000008c300000, 0x000000008c300000, 0x000000008c400000|  0%| F|  |TAMS 0x000000008c300000, 0x000000008c300000| Untracked 
|  40|0x000000008c400000, 0x000000008c400000, 0x000000008c500000|  0%| F|  |TAMS 0x000000008c400000, 0x000000008c400000| Untracked 
|  41|0x000000008c500000, 0x000000008c500000, 0x000000008c600000|  0%| F|  |TAMS 0x000000008c500000, 0x000000008c500000| Untracked 
|  42|0x000000008c600000, 0x000000008c600000, 0x000000008c700000|  0%| F|  |TAMS 0x000000008c600000, 0x000000008c600000| Untracked 
|  43|0x000000008c700000, 0x000000008c700000, 0x000000008c800000|  0%| F|  |TAMS 0x000000008c700000, 0x000000008c700000| Untracked 
|  44|0x000000008c800000, 0x000000008c800000, 0x000000008c900000|  0%| F|  |TAMS 0x000000008c800000, 0x000000008c800000| Untracked 
|  45|0x000000008c900000, 0x000000008c900000, 0x000000008ca00000|  0%| F|  |TAMS 0x000000008c900000, 0x000000008c900000| Untracked 
|  46|0x000000008ca00000, 0x000000008ca00000, 0x000000008cb00000|  0%| F|  |TAMS 0x000000008ca00000, 0x000000008ca00000| Untracked 
|  47|0x000000008cb00000, 0x000000008cb00000, 0x000000008cc00000|  0%| F|  |TAMS 0x000000008cb00000, 0x000000008cb00000| Untracked 
|  48|0x000000008cc00000, 0x000000008cc00000, 0x000000008cd00000|  0%| F|  |TAMS 0x000000008cc00000, 0x000000008cc00000| Untracked 
|  49|0x000000008cd00000, 0x000000008cd00000, 0x000000008ce00000|  0%| F|  |TAMS 0x000000008cd00000, 0x000000008cd00000| Untracked 
|  50|0x000000008ce00000, 0x000000008ce00000, 0x000000008cf00000|  0%| F|  |TAMS 0x000000008ce00000, 0x000000008ce00000| Untracked 
|  51|0x000000008cf00000, 0x000000008cf00000, 0x000000008d000000|  0%| F|  |TAMS 0x000000008cf00000, 0x000000008cf00000| Untracked 
|  52|0x000000008d000000, 0x000000008d000000, 0x000000008d100000|  0%| F|  |TAMS 0x000000008d000000, 0x000000008d000000| Untracked 
|  53|0x000000008d100000, 0x000000008d100000, 0x000000008d200000|  0%| F|  |TAMS 0x000000008d100000, 0x000000008d100000| Untracked 
|  54|0x000000008d200000, 0x000000008d200000, 0x000000008d300000|  0%| F|  |TAMS 0x000000008d200000, 0x000000008d200000| Untracked 
|  55|0x000000008d300000, 0x000000008d300000, 0x000000008d400000|  0%| F|  |TAMS 0x000000008d300000, 0x000000008d300000| Untracked 
|  56|0x000000008d400000, 0x000000008d400000, 0x000000008d500000|  0%| F|  |TAMS 0x000000008d400000, 0x000000008d400000| Untracked 
|  57|0x000000008d500000, 0x000000008d500000, 0x000000008d600000|  0%| F|  |TAMS 0x000000008d500000, 0x000000008d500000| Untracked 
|  58|0x000000008d600000, 0x000000008d600000, 0x000000008d700000|  0%| F|  |TAMS 0x000000008d600000, 0x000000008d600000| Untracked 
|  59|0x000000008d700000, 0x000000008d700000, 0x000000008d800000|  0%| F|  |TAMS 0x000000008d700000, 0x000000008d700000| Untracked 
|  60|0x000000008d800000, 0x000000008d800000, 0x000000008d900000|  0%| F|  |TAMS 0x000000008d800000, 0x000000008d800000| Untracked 
|  61|0x000000008d900000, 0x000000008d900000, 0x000000008da00000|  0%| F|  |TAMS 0x000000008d900000, 0x000000008d900000| Untracked 
|  62|0x000000008da00000, 0x000000008da00000, 0x000000008db00000|  0%| F|  |TAMS 0x000000008da00000, 0x000000008da00000| Untracked 
|  63|0x000000008db00000, 0x000000008dc00000, 0x000000008dc00000|100%| S|CS|TAMS 0x000000008db00000, 0x000000008db00000| Complete 
|  64|0x000000008dc00000, 0x000000008dd00000, 0x000000008dd00000|100%| S|CS|TAMS 0x000000008dc00000, 0x000000008dc00000| Complete 
|  65|0x000000008dd00000, 0x000000008de00000, 0x000000008de00000|100%| S|CS|TAMS 0x000000008dd00000, 0x000000008dd00000| Complete 
|  66|0x000000008de00000, 0x000000008df00000, 0x000000008df00000|100%| S|CS|TAMS 0x000000008de00000, 0x000000008de00000| Complete 
|  67|0x000000008df00000, 0x000000008e000000, 0x000000008e000000|100%| S|CS|TAMS 0x000000008df00000, 0x000000008df00000| Complete 
|  68|0x000000008e000000, 0x000000008e000000, 0x000000008e100000|  0%| F|  |TAMS 0x000000008e000000, 0x000000008e000000| Untracked 
|  69|0x000000008e100000, 0x000000008e100000, 0x000000008e200000|  0%| F|  |TAMS 0x000000008e100000, 0x000000008e100000| Untracked 
|  70|0x000000008e200000, 0x000000008e200000, 0x000000008e300000|  0%| F|  |TAMS 0x000000008e200000, 0x000000008e200000| Untracked 
|  71|0x000000008e300000, 0x000000008e300000, 0x000000008e400000|  0%| F|  |TAMS 0x000000008e300000, 0x000000008e300000| Untracked 
|  72|0x000000008e400000, 0x000000008e400000, 0x000000008e500000|  0%| F|  |TAMS 0x000000008e400000, 0x000000008e400000| Untracked 
|  73|0x000000008e500000, 0x000000008e500000, 0x000000008e600000|  0%| F|  |TAMS 0x000000008e500000, 0x000000008e500000| Untracked 
|  74|0x000000008e600000, 0x000000008e700000, 0x000000008e700000|100%| S|CS|TAMS 0x000000008e600000, 0x000000008e600000| Complete 
|  75|0x000000008e700000, 0x000000008e700000, 0x000000008e800000|  0%| F|  |TAMS 0x000000008e700000, 0x000000008e700000| Untracked 
|  76|0x000000008e800000, 0x000000008e800000, 0x000000008e900000|  0%| F|  |TAMS 0x000000008e800000, 0x000000008e800000| Untracked 
|  77|0x000000008e900000, 0x000000008e900000, 0x000000008ea00000|  0%| F|  |TAMS 0x000000008e900000, 0x000000008e900000| Untracked 
|  78|0x000000008ea00000, 0x000000008ea00000, 0x000000008eb00000|  0%| F|  |TAMS 0x000000008ea00000, 0x000000008ea00000| Untracked 
|  79|0x000000008eb00000, 0x000000008eb00000, 0x000000008ec00000|  0%| F|  |TAMS 0x000000008eb00000, 0x000000008eb00000| Untracked 
|  80|0x000000008ec00000, 0x000000008ec00000, 0x000000008ed00000|  0%| F|  |TAMS 0x000000008ec00000, 0x000000008ec00000| Untracked 
|  81|0x000000008ed00000, 0x000000008ed00000, 0x000000008ee00000|  0%| F|  |TAMS 0x000000008ed00000, 0x000000008ed00000| Untracked 
|  82|0x000000008ee00000, 0x000000008ee00000, 0x000000008ef00000|  0%| F|  |TAMS 0x000000008ee00000, 0x000000008ee00000| Untracked 
|  83|0x000000008ef00000, 0x000000008ef00000, 0x000000008f000000|  0%| F|  |TAMS 0x000000008ef00000, 0x000000008ef00000| Untracked 
|  84|0x000000008f000000, 0x000000008f000000, 0x000000008f100000|  0%| F|  |TAMS 0x000000008f000000, 0x000000008f000000| Untracked 
|  85|0x000000008f100000, 0x000000008f100000, 0x000000008f200000|  0%| F|  |TAMS 0x000000008f100000, 0x000000008f100000| Untracked 
|  86|0x000000008f200000, 0x000000008f200000, 0x000000008f300000|  0%| F|  |TAMS 0x000000008f200000, 0x000000008f200000| Untracked 
|  87|0x000000008f300000, 0x000000008f300000, 0x000000008f400000|  0%| F|  |TAMS 0x000000008f300000, 0x000000008f300000| Untracked 
|  88|0x000000008f400000, 0x000000008f400000, 0x000000008f500000|  0%| F|  |TAMS 0x000000008f400000, 0x000000008f400000| Untracked 
|  89|0x000000008f500000, 0x000000008f500000, 0x000000008f600000|  0%| F|  |TAMS 0x000000008f500000, 0x000000008f500000| Untracked 
|  90|0x000000008f600000, 0x000000008f600000, 0x000000008f700000|  0%| F|  |TAMS 0x000000008f600000, 0x000000008f600000| Untracked 
|  91|0x000000008f700000, 0x000000008f700000, 0x000000008f800000|  0%| F|  |TAMS 0x000000008f700000, 0x000000008f700000| Untracked 
|  92|0x000000008f800000, 0x000000008f800000, 0x000000008f900000|  0%| F|  |TAMS 0x000000008f800000, 0x000000008f800000| Untracked 
|  93|0x000000008f900000, 0x000000008f900000, 0x000000008fa00000|  0%| F|  |TAMS 0x000000008f900000, 0x000000008f900000| Untracked 
|  94|0x000000008fa00000, 0x000000008fa00000, 0x000000008fb00000|  0%| F|  |TAMS 0x000000008fa00000, 0x000000008fa00000| Untracked 
|  95|0x000000008fb00000, 0x000000008fb00000, 0x000000008fc00000|  0%| F|  |TAMS 0x000000008fb00000, 0x000000008fb00000| Untracked 
|  96|0x000000008fc00000, 0x000000008fc00000, 0x000000008fd00000|  0%| F|  |TAMS 0x000000008fc00000, 0x000000008fc00000| Untracked 
|  97|0x000000008fd00000, 0x000000008fd00000, 0x000000008fe00000|  0%| F|  |TAMS 0x000000008fd00000, 0x000000008fd00000| Untracked 
|  98|0x000000008fe00000, 0x000000008fe00000, 0x000000008ff00000|  0%| F|  |TAMS 0x000000008fe00000, 0x000000008fe00000| Untracked 
|  99|0x000000008ff00000, 0x000000008ff00000, 0x0000000090000000|  0%| F|  |TAMS 0x000000008ff00000, 0x000000008ff00000| Untracked 
| 100|0x0000000090000000, 0x0000000090000000, 0x0000000090100000|  0%| F|  |TAMS 0x0000000090000000, 0x0000000090000000| Untracked 
| 101|0x0000000090100000, 0x0000000090100000, 0x0000000090200000|  0%| F|  |TAMS 0x0000000090100000, 0x0000000090100000| Untracked 
| 102|0x0000000090200000, 0x0000000090200000, 0x0000000090300000|  0%| F|  |TAMS 0x0000000090200000, 0x0000000090200000| Untracked 
| 103|0x0000000090300000, 0x0000000090300000, 0x0000000090400000|  0%| F|  |TAMS 0x0000000090300000, 0x0000000090300000| Untracked 
| 104|0x0000000090400000, 0x0000000090400000, 0x0000000090500000|  0%| F|  |TAMS 0x0000000090400000, 0x0000000090400000| Untracked 
| 105|0x0000000090500000, 0x0000000090500000, 0x0000000090600000|  0%| F|  |TAMS 0x0000000090500000, 0x0000000090500000| Untracked 
| 106|0x0000000090600000, 0x0000000090600000, 0x0000000090700000|  0%| F|  |TAMS 0x0000000090600000, 0x0000000090600000| Untracked 
| 107|0x0000000090700000, 0x0000000090700000, 0x0000000090800000|  0%| F|  |TAMS 0x0000000090700000, 0x0000000090700000| Untracked 
| 108|0x0000000090800000, 0x0000000090800000, 0x0000000090900000|  0%| F|  |TAMS 0x0000000090800000, 0x0000000090800000| Untracked 
| 109|0x0000000090900000, 0x0000000090900000, 0x0000000090a00000|  0%| F|  |TAMS 0x0000000090900000, 0x0000000090900000| Untracked 
| 110|0x0000000090a00000, 0x0000000090a00000, 0x0000000090b00000|  0%| F|  |TAMS 0x0000000090a00000, 0x0000000090a00000| Untracked 
| 111|0x0000000090b00000, 0x0000000090b00000, 0x0000000090c00000|  0%| F|  |TAMS 0x0000000090b00000, 0x0000000090b00000| Untracked 
| 112|0x0000000090c00000, 0x0000000090c00000, 0x0000000090d00000|  0%| F|  |TAMS 0x0000000090c00000, 0x0000000090c00000| Untracked 
| 113|0x0000000090d00000, 0x0000000090d00000, 0x0000000090e00000|  0%| F|  |TAMS 0x0000000090d00000, 0x0000000090d00000| Untracked 
| 114|0x0000000090e00000, 0x0000000090e00000, 0x0000000090f00000|  0%| F|  |TAMS 0x0000000090e00000, 0x0000000090e00000| Untracked 
| 115|0x0000000090f00000, 0x0000000090f00000, 0x0000000091000000|  0%| F|  |TAMS 0x0000000090f00000, 0x0000000090f00000| Untracked 
| 116|0x0000000091000000, 0x0000000091000000, 0x0000000091100000|  0%| F|  |TAMS 0x0000000091000000, 0x0000000091000000| Untracked 
| 117|0x0000000091100000, 0x0000000091100000, 0x0000000091200000|  0%| F|  |TAMS 0x0000000091100000, 0x0000000091100000| Untracked 
| 118|0x0000000091200000, 0x0000000091280800, 0x0000000091300000| 50%| E|  |TAMS 0x0000000091200000, 0x0000000091200000| Complete 
| 119|0x0000000091300000, 0x0000000091400000, 0x0000000091400000|100%| E|CS|TAMS 0x0000000091300000, 0x0000000091300000| Complete 

Card table byte_map: [0x00000205ac0e0000,0x00000205ac4a0000] _byte_map_base: 0x00000205abc92000

Marking Bits (Prev, Next): (CMBitMap*) 0x0000020598c47f80, (CMBitMap*) 0x0000020598c47f48
 Prev Bits: [0x00000205ae5f0000, 0x00000205b0380000)
 Next Bits: [0x00000205ac860000, 0x00000205ae5f0000)

Polling page: 0x0000020597380000

Metaspace:

Usage:
  Non-class:     27.68 MB capacity,    27.41 MB (>99%) used,   233.80 KB ( <1%) free+waste,    48.38 KB ( <1%) overhead. 
      Class:      4.08 MB capacity,     3.93 MB ( 96%) used,   131.50 KB (  3%) free+waste,    23.50 KB ( <1%) overhead. 
       Both:     31.77 MB capacity,    31.34 MB ( 99%) used,   365.30 KB (  1%) free+waste,    71.88 KB ( <1%) overhead. 

Virtual space:
  Non-class space:       30.00 MB reserved,      27.75 MB ( 93%) committed 
      Class space:        1.00 GB reserved,       4.13 MB ( <1%) committed 
             Both:        1.03 GB reserved,      31.88 MB (  3%) committed 

Chunk freelists:
   Non-Class:  5.00 KB
       Class:  11.00 KB
        Both:  16.00 KB

MaxMetaspaceSize: 17179869184.00 GB
CompressedClassSpaceSize: 1.00 GB

CodeHeap 'non-profiled nmethods': size=120064Kb used=783Kb max_used=783Kb free=119280Kb
 bounds [0x00000205a41c0000, 0x00000205a4430000, 0x00000205ab700000]
CodeHeap 'profiled nmethods': size=120000Kb used=4125Kb max_used=4125Kb free=115874Kb
 bounds [0x000002059cc90000, 0x000002059d0a0000, 0x00000205a41c0000]
CodeHeap 'non-nmethods': size=5696Kb used=1170Kb max_used=1185Kb free=4525Kb
 bounds [0x000002059c700000, 0x000002059c970000, 0x000002059cc90000]
 total_blobs=2750 nmethods=2235 adapters=427
 compilation: enabled
              stopped_count=0, restarted_count=0
 full_count=0

Compilation events (20 events):
Event: 3.730 Thread 0x00000205b2994800 2042       3       java.lang.invoke.MethodHandleNatives::isCallerSensitive (29 bytes)
Event: 3.731 Thread 0x00000205b2994800 nmethod 2042 0x000002059d041c10 code [0x000002059d041e00, 0x000002059d042368]
Event: 3.731 Thread 0x00000205b2994800 2043       3       java.lang.invoke.MethodHandleNatives::canBeCalledVirtual (93 bytes)
Event: 3.732 Thread 0x00000205b2994800 nmethod 2043 0x000002059d042510 code [0x000002059d042720, 0x000002059d042c98]
Event: 3.732 Thread 0x00000205b2994800 2044       1       java.lang.reflect.Constructor::getConstructorAccessor (5 bytes)
Event: 3.732 Thread 0x00000205b2994800 nmethod 2044 0x00000205a4266310 code [0x00000205a42664c0, 0x00000205a4266578]
Event: 3.732 Thread 0x00000205b2994800 2045       1       jdk.internal.reflect.DelegatingConstructorAccessorImpl::setDelegate (6 bytes)
Event: 3.732 Thread 0x00000205b2994800 nmethod 2045 0x00000205a4266610 code [0x00000205a42667c0, 0x00000205a42668b8]
Event: 3.732 Thread 0x00000205b2994800 2046       3       sun.invoke.util.VerifyAccess::isMemberAccessible (313 bytes)
Event: 3.737 Thread 0x00000205b2994800 nmethod 2046 0x000002059d042e90 code [0x000002059d043360, 0x000002059d045508]
Event: 3.830 Thread 0x00000205b2994800 2048       3       jdk.internal.reflect.ReflectionFactory::getExecutableSharedParameterTypes (10 bytes)
Event: 3.831 Thread 0x00000205b2994800 nmethod 2048 0x000002059d045f90 code [0x000002059d046180, 0x000002059d046508]
Event: 3.831 Thread 0x00000205b2994800 2049       3       java.lang.reflect.ReflectAccess::getExecutableSharedParameterTypes (5 bytes)
Event: 3.831 Thread 0x00000205b2994800 nmethod 2049 0x000002059d046690 code [0x000002059d046840, 0x000002059d046a08]
Event: 3.851 Thread 0x00000205b2994800 2050       1       java.lang.reflect.Constructor::getSharedParameterTypes (5 bytes)
Event: 3.852 Thread 0x00000205b2994800 nmethod 2050 0x00000205a4266b10 code [0x00000205a4266cc0, 0x00000205a4266d78]
Event: 3.919 Thread 0x00000205b2994800 2051       3       java.lang.Package::<init> (47 bytes)
Event: 3.920 Thread 0x00000205b2994800 nmethod 2051 0x000002059d046b10 code [0x000002059d046d00, 0x000002059d047148]
Event: 3.920 Thread 0x00000205b2994800 2052       3       java.lang.Package$VersionInfo::getInstance (53 bytes)
Event: 3.920 Thread 0x00000205b2994800 nmethod 2052 0x000002059d047390 code [0x000002059d047560, 0x000002059d047908]

GC Heap History (4 events):
Event: 0.863 GC heap before
{Heap before GC invocations=0 (full 0):
 garbage-first heap   total 122880K, used 17408K [0x0000000089c00000, 0x0000000100000000)
  region size 1024K, 14 young (14336K), 0 survivors (0K)
 Metaspace       used 9827K, capacity 9935K, committed 10112K, reserved 1058816K
  class space    used 839K, capacity 884K, committed 896K, reserved 1048576K
}
Event: 0.871 GC heap after
{Heap after GC invocations=1 (full 0):
 garbage-first heap   total 122880K, used 5224K [0x0000000089c00000, 0x0000000100000000)
  region size 1024K, 2 young (2048K), 2 survivors (2048K)
 Metaspace       used 9827K, capacity 9935K, committed 10112K, reserved 1058816K
  class space    used 839K, capacity 884K, committed 896K, reserved 1048576K
}
Event: 2.569 GC heap before
{Heap before GC invocations=1 (full 0):
 garbage-first heap   total 122880K, used 49256K [0x0000000089c00000, 0x0000000100000000)
  region size 1024K, 46 young (47104K), 2 survivors (2048K)
 Metaspace       used 20774K, capacity 20990K, committed 21248K, reserved 1069056K
  class space    used 2201K, capacity 2280K, committed 2304K, reserved 1048576K
}
Event: 2.591 GC heap after
{Heap after GC invocations=2 (full 0):
 garbage-first heap   total 122880K, used 9204K [0x0000000089c00000, 0x0000000100000000)
  region size 1024K, 6 young (6144K), 6 survivors (6144K)
 Metaspace       used 20774K, capacity 20990K, committed 21248K, reserved 1069056K
  class space    used 2201K, capacity 2280K, committed 2304K, reserved 1048576K
}

Deoptimization events (20 events):
Event: 3.246 Thread 0x0000020598c0a000 Uncommon trap: trap_request=0xffffff4d fr.pc=0x00000205a425ac70 relative=0x0000000000000490
Event: 3.246 Thread 0x0000020598c0a000 Uncommon trap: reason=unstable_if action=reinterpret pc=0x00000205a425ac70 method=jdk.internal.org.objectweb.asm.Type.getArgumentsAndReturnSizes(Ljava/lang/String;)I @ 130 c2
Event: 3.246 Thread 0x0000020598c0a000 DEOPT PACKING pc=0x00000205a425ac70 sp=0x000000355cefbc90
Event: 3.246 Thread 0x0000020598c0a000 DEOPT UNPACKING pc=0x000002059c7273af sp=0x000000355cefbc28 mode 2
Event: 3.305 Thread 0x0000020598c0a000 Uncommon trap: trap_request=0xffffff4d fr.pc=0x00000205a42573f0 relative=0x00000000000005b0
Event: 3.306 Thread 0x0000020598c0a000 Uncommon trap: reason=unstable_if action=reinterpret pc=0x00000205a42573f0 method=java.lang.Integer.getChars(II[B)I @ 25 c2
Event: 3.306 Thread 0x0000020598c0a000 DEOPT PACKING pc=0x00000205a42573f0 sp=0x000000355cefe3a0
Event: 3.306 Thread 0x0000020598c0a000 DEOPT UNPACKING pc=0x000002059c7273af sp=0x000000355cefe290 mode 2
Event: 3.306 Thread 0x0000020598c0a000 Uncommon trap: trap_request=0xffffff4d fr.pc=0x00000205a42580d8 relative=0x0000000000000598
Event: 3.306 Thread 0x0000020598c0a000 Uncommon trap: reason=unstable_if action=reinterpret pc=0x00000205a42580d8 method=java.lang.Integer.getChars(II[B)I @ 25 c2
Event: 3.306 Thread 0x0000020598c0a000 DEOPT PACKING pc=0x00000205a42580d8 sp=0x000000355cefe340
Event: 3.306 Thread 0x0000020598c0a000 DEOPT UNPACKING pc=0x000002059c7273af sp=0x000000355cefe298 mode 2
Event: 3.349 Thread 0x0000020598c0a000 Uncommon trap: trap_request=0xffffffcc fr.pc=0x00000205a425bb94 relative=0x00000000000001d4
Event: 3.349 Thread 0x0000020598c0a000 Uncommon trap: reason=intrinsic_or_type_checked_inlining action=make_not_entrant pc=0x00000205a425bb94 method=java.util.Arrays.copyOf([Ljava/lang/Object;ILjava/lang/Class;)[Ljava/lang/Object; @ 35 c2
Event: 3.349 Thread 0x0000020598c0a000 DEOPT PACKING pc=0x00000205a425bb94 sp=0x000000355cefd660
Event: 3.349 Thread 0x0000020598c0a000 DEOPT UNPACKING pc=0x000002059c7273af sp=0x000000355cefd608 mode 2
Event: 3.478 Thread 0x0000020598c0a000 Uncommon trap: trap_request=0xffffff4d fr.pc=0x00000205a4237cd4 relative=0x00000000000001b4
Event: 3.478 Thread 0x0000020598c0a000 Uncommon trap: reason=unstable_if action=reinterpret pc=0x00000205a4237cd4 method=java.lang.String.startsWith(Ljava/lang/String;I)Z @ 1 c2
Event: 3.478 Thread 0x0000020598c0a000 DEOPT PACKING pc=0x00000205a4237cd4 sp=0x000000355cefdc20
Event: 3.478 Thread 0x0000020598c0a000 DEOPT UNPACKING pc=0x000002059c7273af sp=0x000000355cefdb90 mode 2

Classes redefined (0 events):
No events

Internal exceptions (20 events):
Event: 2.012 Thread 0x0000020598c0a000 Exception <a 'java/lang/NoSuchMethodError'{0x000000008f42d188}: 'long java.lang.invoke.Invokers$Holder.invoke_MT(java.lang.Object, java.lang.Object, java.lang.Object, java.lang.Object)'> (0x000000008f42d188) thrown at [./src/hotspot/share/interpreter/linkResolver.cpp, line 773]
Event: 2.013 Thread 0x0000020598c0a000 Exception <a 'java/lang/NoSuchMethodError'{0x000000008f430808}: 'long java.lang.invoke.DelegatingMethodHandle$Holder.reinvoke_L(java.lang.Object, java.lang.Object, java.lang.Object)'> (0x000000008f430808) thrown at [./src/hotspot/share/interpreter/linkResolver.cpp, line 773]
Event: 2.016 Thread 0x0000020598c0a000 Exception <a 'java/lang/NoSuchMethodError'{0x000000008f43a4c8}: 'int java.lang.invoke.DirectMethodHandle$Holder.invokeSpecial(java.lang.Object, java.lang.Object, java.lang.Object, java.lang.Object)'> (0x000000008f43a4c8) thrown at [./src/hotspot/share/interpreter/linkResolver.cpp, line 773]
Event: 2.021 Thread 0x0000020598c0a000 Exception <a 'java/lang/NoSuchMethodError'{0x000000008f4492a8}: 'int java.lang.invoke.DelegatingMethodHandle$Holder.reinvoke_L(java.lang.Object, java.lang.Object, java.lang.Object, long, int)'> (0x000000008f4492a8) thrown at [./src/hotspot/share/interpreter/linkResolver.cpp, line 773]
Event: 2.240 Thread 0x0000020598c0a000 Exception <a 'java/lang/NoSuchMethodError'{0x000000008f0b0e58}: 'int java.lang.invoke.DirectMethodHandle$Holder.invokeSpecialIFC(java.lang.Object, java.lang.Object, int)'> (0x000000008f0b0e58) thrown at [./src/hotspot/share/interpreter/linkResolver.cpp, line 773]
Event: 2.490 Thread 0x0000020598c0a000 Exception <a 'java/lang/NoSuchMethodError'{0x000000008e9bd2d8}: 'java.lang.Object java.lang.invoke.DirectMethodHandle$Holder.invokeStaticInit(java.lang.Object, int)'> (0x000000008e9bd2d8) thrown at [./src/hotspot/share/interpreter/linkResolver.cpp, line 773]
Event: 2.541 Thread 0x0000020598c0a000 Exception <a 'java/lang/NoSuchMethodError'{0x000000008e7872b8}: 'long java.lang.invoke.DirectMethodHandle$Holder.invokeStatic(java.lang.Object)'> (0x000000008e7872b8) thrown at [./src/hotspot/share/interpreter/linkResolver.cpp, line 773]
Event: 2.541 Thread 0x0000020598c0a000 Exception <a 'java/lang/NoSuchMethodError'{0x000000008e78a350}: 'long java.lang.invoke.DirectMethodHandle$Holder.invokeStaticInit(java.lang.Object)'> (0x000000008e78a350) thrown at [./src/hotspot/share/interpreter/linkResolver.cpp, line 773]
Event: 2.667 Thread 0x0000020598c0a000 Exception <a 'java/lang/NoSuchMethodError'{0x00000000911fca50}: 'int java.lang.invoke.DirectMethodHandle$Holder.invokeStaticInit(java.lang.Object, java.lang.Object, java.lang.Object)'> (0x00000000911fca50) thrown at [./src/hotspot/share/interpreter/linkResolver.cpp, line 773]
Event: 2.675 Thread 0x0000020598c0a000 Exception <a 'java/lang/NoSuchMethodError'{0x0000000091028950}: 'int java.lang.invoke.DirectMethodHandle$Holder.invokeStaticInit(java.lang.Object, java.lang.Object)'> (0x0000000091028950) thrown at [./src/hotspot/share/interpreter/linkResolver.cpp, line 773]
Event: 2.782 Thread 0x0000020598c0a000 Exception <a 'java/lang/NoSuchMethodError'{0x0000000090e398e8}: 'void java.lang.invoke.DirectMethodHandle$Holder.invokeSpecial(java.lang.Object, java.lang.Object)'> (0x0000000090e398e8) thrown at [./src/hotspot/share/interpreter/linkResolver.cpp, line 773]
Event: 3.198 Thread 0x0000020598c0a000 Exception <a 'java/lang/NoSuchMethodError'{0x0000000090664668}: 'java.lang.Object java.lang.invoke.DirectMethodHandle$Holder.invokeStatic(java.lang.Object, java.lang.Object, java.lang.Object, java.lang.Object, java.lang.Object, java.lang.Object, java.lang.Object, java.lang.Object, java.lang.Object, java.lang.Object, java.lang.Object, java.lang.Object, java.lang.Object, java.lang.Object, java.lang.Object)'> (0x0000000090664668) thrown at [./src/hotspot/share/interpreter/linkResolver.cpp, line 773]
Event: 3.204 Thread 0x0000020598c0a000 Exception <a 'java/lang/NoSuchMethodError'{0x0000000090672670}: 'java.lang.Object java.lang.invoke.DirectMethodHandle$Holder.invokeStatic(java.lang.Object, java.lang.Object, java.lang.Object, java.lang.Object, java.lang.Object, java.lang.Object, java.lang.Object, java.lang.Object, java.lang.Object, java.lang.Object, java.lang.Object, java.lang.Object, java.lang.Object, java.lang.Object, java.lang.Object, java.lang.Object)'> (0x0000000090672670) thrown at [./src/hotspot/share/interpreter/linkResolver.cpp, l
Event: 3.222 Thread 0x0000020598c0a000 Exception <a 'java/lang/NoSuchMethodError'{0x0000000090680588}: 'java.lang.Object java.lang.invoke.DirectMethodHandle$Holder.invokeSpecial(java.lang.Object, java.lang.Object, int, int, java.lang.Object, java.lang.Object, java.lang.Object)'> (0x0000000090680588) thrown at [./src/hotspot/share/interpreter/linkResolver.cpp, line 773]
Event: 3.224 Thread 0x0000020598c0a000 Exception <a 'java/lang/NoSuchMethodError'{0x0000000090684010}: 'java.lang.Object java.lang.invoke.DelegatingMethodHandle$Holder.reinvoke_L(java.lang.Object, int, int, java.lang.Object, java.lang.Object, java.lang.Object)'> (0x0000000090684010) thrown at [./src/hotspot/share/interpreter/linkResolver.cpp, line 773]
Event: 3.225 Thread 0x0000020598c0a000 Exception <a 'java/lang/NoSuchMethodError'{0x0000000090688398}: 'java.lang.Object java.lang.invoke.DirectMethodHandle$Holder.invokeStatic(java.lang.Object, java.lang.Object, java.lang.Object, java.lang.Object, int)'> (0x0000000090688398) thrown at [./src/hotspot/share/interpreter/linkResolver.cpp, line 773]
Event: 3.309 Thread 0x0000020598c0a000 Exception <a 'java/lang/NoSuchMethodError'{0x00000000905ac600}: 'void java.lang.invoke.DirectMethodHandle$Holder.invokeStatic(java.lang.Object, java.lang.Object, java.lang.Object, java.lang.Object)'> (0x00000000905ac600) thrown at [./src/hotspot/share/interpreter/linkResolver.cpp, line 773]
Event: 3.432 Thread 0x0000020598c0a000 Exception <a 'java/lang/NoSuchMethodError'{0x000000009018a9f0}: 'void java.lang.invoke.DirectMethodHandle$Holder.invokeStaticInit(java.lang.Object, java.lang.Object)'> (0x000000009018a9f0) thrown at [./src/hotspot/share/interpreter/linkResolver.cpp, line 773]
Event: 3.651 Thread 0x0000020598c0a000 Exception <a 'java/lang/NoSuchMethodError'{0x000000008fda9510}: 'void java.lang.invoke.DirectMethodHandle$Holder.invokeVirtual(java.lang.Object, java.lang.Object)'> (0x000000008fda9510) thrown at [./src/hotspot/share/interpreter/linkResolver.cpp, line 773]
Event: 3.679 Thread 0x0000020598c0a000 Exception <a 'java/lang/NoSuchMethodError'{0x000000008fc228b0}: 'int java.lang.invoke.DirectMethodHandle$Holder.invokeVirtual(java.lang.Object, java.lang.Object)'> (0x000000008fc228b0) thrown at [./src/hotspot/share/interpreter/linkResolver.cpp, line 773]

Events (20 events):
Event: 3.918 loading class org/jetbrains/kotlin/com/intellij/psi/util/PsiUtilCore$NullPsiFile
Event: 3.918 loading class org/jetbrains/kotlin/com/intellij/psi/util/PsiUtilCore$NullPsiFile done
Event: 3.919 loading class org/jetbrains/kotlin/resolve/multiplatform/IsCommonSourceKt
Event: 3.919 loading class org/jetbrains/kotlin/resolve/multiplatform/IsCommonSourceKt done
Event: 3.920 loading class kotlin/reflect/jvm/internal/KPackageImpl
Event: 3.920 loading class kotlin/reflect/jvm/internal/KPackageImpl done
Event: 3.921 loading class kotlin/reflect/jvm/internal/KPackageImpl$data$1
Event: 3.921 loading class kotlin/reflect/jvm/internal/KPackageImpl$data$1 done
Event: 3.921 loading class org/jetbrains/kotlin/psi/UserDataProperty
Event: 3.921 loading class org/jetbrains/kotlin/psi/UserDataProperty done
Event: 3.923 loading class org/jetbrains/kotlin/cli/jvm/compiler/KotlinCoreEnvironment$$special$$inlined$sortBy$1
Event: 3.923 loading class org/jetbrains/kotlin/cli/jvm/compiler/KotlinCoreEnvironment$$special$$inlined$sortBy$1 done
Event: 3.924 loading class org/jetbrains/kotlin/com/intellij/openapi/util/io/FileUtil
Event: 3.924 loading class org/jetbrains/kotlin/com/intellij/openapi/util/io/FileUtil done
Event: 3.926 loading class org/jetbrains/kotlin/com/intellij/openapi/util/io/FileUtilRt$SymlinkResolver
Event: 3.926 loading class org/jetbrains/kotlin/com/intellij/openapi/util/io/FileUtilRt$SymlinkResolver done
Event: 3.927 loading class org/jetbrains/kotlin/com/intellij/openapi/util/io/FileTooBigException
Event: 3.927 loading class org/jetbrains/kotlin/com/intellij/openapi/util/io/FileTooBigException done
Event: 3.928 loading class java/net/MalformedURLException
Event: 3.928 loading class java/net/MalformedURLException done


Dynamic libraries:
0x00007ff651320000 - 0x00007ff65132a000 	D:\Android studio\jre\bin\java.exe
0x00007fff8d8b0000 - 0x00007fff8daa5000 	C:\WINDOWS\SYSTEM32\ntdll.dll
0x00007fff8be50000 - 0x00007fff8bf0e000 	C:\WINDOWS\System32\KERNEL32.DLL
0x00007fff8afd0000 - 0x00007fff8b298000 	C:\WINDOWS\System32\KERNELBASE.dll
0x00007fff8b7a0000 - 0x00007fff8b8a0000 	C:\WINDOWS\System32\ucrtbase.dll
0x00007fff79480000 - 0x00007fff79499000 	D:\Android studio\jre\bin\jli.dll
0x00007fff817c0000 - 0x00007fff817d7000 	D:\Android studio\jre\bin\VCRUNTIME140.dll
0x00007fff8bf20000 - 0x00007fff8c0c1000 	C:\WINDOWS\System32\USER32.dll
0x00007fff8b8d0000 - 0x00007fff8b8f2000 	C:\WINDOWS\System32\win32u.dll
0x00007fff8a3d0000 - 0x00007fff8a66a000 	C:\WINDOWS\WinSxS\amd64_microsoft.windows.common-controls_6595b64144ccf1df_6.0.19041.1110_none_60b5254171f9507e\COMCTL32.dll
0x00007fff8d5d0000 - 0x00007fff8d5fb000 	C:\WINDOWS\System32\GDI32.dll
0x00007fff8d530000 - 0x00007fff8d5ce000 	C:\WINDOWS\System32\msvcrt.dll
0x00007fff8b2f0000 - 0x00007fff8b3fb000 	C:\WINDOWS\System32\gdi32full.dll
0x00007fff8b670000 - 0x00007fff8b70d000 	C:\WINDOWS\System32\msvcp_win.dll
0x00007fff8ce60000 - 0x00007fff8ce90000 	C:\WINDOWS\System32\IMM32.DLL
0x00007fff756a0000 - 0x00007fff7573d000 	D:\Android studio\jre\bin\msvcp140.dll
0x00007fff6f060000 - 0x00007fff6fb2f000 	D:\Android studio\jre\bin\server\jvm.dll
0x00007fff8d730000 - 0x00007fff8d7dc000 	C:\WINDOWS\System32\ADVAPI32.dll
0x00007fff8d620000 - 0x00007fff8d6bb000 	C:\WINDOWS\System32\sechost.dll
0x00007fff8d010000 - 0x00007fff8d13a000 	C:\WINDOWS\System32\RPCRT4.dll
0x00007fff8bf10000 - 0x00007fff8bf18000 	C:\WINDOWS\System32\PSAPI.DLL
0x00007fff86470000 - 0x00007fff86479000 	C:\WINDOWS\SYSTEM32\WSOCK32.dll
0x00007fff8d6c0000 - 0x00007fff8d72b000 	C:\WINDOWS\System32\WS2_32.dll
0x00007fff81de0000 - 0x00007fff81e07000 	C:\WINDOWS\SYSTEM32\WINMM.dll
0x00007fff81e10000 - 0x00007fff81e1a000 	C:\WINDOWS\SYSTEM32\VERSION.dll
0x00007fff891f0000 - 0x00007fff89202000 	C:\WINDOWS\SYSTEM32\kernel.appcore.dll
0x00007fff84fb0000 - 0x00007fff84fc1000 	D:\Android studio\jre\bin\verify.dll
0x00007fff8a950000 - 0x00007fff8ab34000 	C:\WINDOWS\SYSTEM32\DBGHELP.DLL
0x00007fff8a920000 - 0x00007fff8a94c000 	C:\WINDOWS\SYSTEM32\dbgcore.DLL
0x00007fff8b710000 - 0x00007fff8b793000 	C:\WINDOWS\System32\bcryptPrimitives.dll
0x00007fff84ed0000 - 0x00007fff84ef9000 	D:\Android studio\jre\bin\java.dll
0x00007fff85f90000 - 0x00007fff85f9b000 	D:\Android studio\jre\bin\jimage.dll
0x00007fff84eb0000 - 0x00007fff84ec8000 	D:\Android studio\jre\bin\zip.dll
0x00007fff8c6b0000 - 0x00007fff8cdef000 	C:\WINDOWS\System32\SHELL32.dll
0x00007fff88a60000 - 0x00007fff891f0000 	C:\WINDOWS\SYSTEM32\windows.storage.dll
0x00007fff8baf0000 - 0x00007fff8be45000 	C:\WINDOWS\System32\combase.dll
0x00007fff8a2d0000 - 0x00007fff8a2fe000 	C:\WINDOWS\SYSTEM32\Wldp.dll
0x00007fff8d140000 - 0x00007fff8d1ed000 	C:\WINDOWS\System32\SHCORE.dll
0x00007fff8b900000 - 0x00007fff8b955000 	C:\WINDOWS\System32\shlwapi.dll
0x00007fff8af10000 - 0x00007fff8af2f000 	C:\WINDOWS\SYSTEM32\profapi.dll
0x00007fff84e90000 - 0x00007fff84eaa000 	D:\Android studio\jre\bin\net.dll
0x00007fff6d2d0000 - 0x00007fff6d3dc000 	C:\WINDOWS\SYSTEM32\WINHTTP.dll
0x00007fff89fc0000 - 0x00007fff8a02a000 	C:\WINDOWS\system32\mswsock.dll
0x00007fff84e70000 - 0x00007fff84e84000 	D:\Android studio\jre\bin\nio.dll

dbghelp: loaded successfully - version: 4.0.5 - missing functions: none
symbol engine: initialized successfully - sym options: 0x614 - pdb path: .;D:\Android studio\jre\bin;C:\WINDOWS\SYSTEM32;C:\WINDOWS\WinSxS\amd64_microsoft.windows.common-controls_6595b64144ccf1df_6.0.19041.1110_none_60b5254171f9507e;D:\Android studio\jre\bin\server

VM Arguments:
java_command: org.jetbrains.kotlin.cli.jvm.K2JVMCompiler @D:\Android labs\Lab2\app\build\20211202_7957159877864033797.compiler.options
java_class_path (initial): C:\Users\User\.gradle\caches\modules-2\files-2.1\org.jetbrains.kotlin\kotlin-compiler-embeddable\1.6.0\aa8da3bedc53c89219b84a0b40c7419431a13e76\kotlin-compiler-embeddable-1.6.0.jar;C:\Users\User\.gradle\caches\modules-2\files-2.1\org.jetbrains.kotlin\kotlin-reflect\1.6.0\a215a7f914d5916dc5fd2d45cea16524e0220203\kotlin-reflect-1.6.0.jar;C:\Users\User\.gradle\caches\modules-2\files-2.1\org.jetbrains.kotlin\kotlin-stdlib\1.6.0\a40b8b22529b733892edf4b73468ce598bb17f04\kotlin-stdlib-1.6.0.jar;C:\Users\User\.gradle\caches\modules-2\files-2.1\org.jetbrains.kotlin\kotlin-script-runtime\1.6.0\55f72526ddcff6fc77d72cdf949c7e3d9bd95620\kotlin-script-runtime-1.6.0.jar;C:\Users\User\.gradle\caches\modules-2\files-2.1\org.jetbrains.kotlin\kotlin-daemon-embeddable\1.6.0\d6242b37f4ce6b637d10847c7558446272ec8432\kotlin-daemon-embeddable-1.6.0.jar;C:\Users\User\.gradle\caches\modules-2\files-2.1\org.jetbrains.intellij.deps\trove4j\1.0.20181211\216c2e14b070f334479d800987affe4054cd563f\trove4j-1.0.20181211.jar;C:\Users\User\.gradle\caches\modules-2\files-2.1\net.java.dev.jna\jna\5.6.0\330f2244e9030119ab3030fc3fededc86713d9cc\jna-5.6.0.jar;C:\Users\User\.gradle\caches\modules-2\files-2.1\org.jetbrains\annotations\13.0\919f0dfe192fb4e063e7dacadee7f8bb9a2672a9\annotations-13.0.jar;C:\Users\User\.gradle\caches\modules-2\files-2.1\org.jetbrains.kotlin\kotlin-stdlib-common\1.6.0\7857e365f925cfa060f941c1357cda1f8790502c\kotlin-stdlib-common-1.6.0.jar
Launcher Type: SUN_STANDARD

[Global flags]
     intx CICompilerCount                          = 3                                         {product} {ergonomic}
     uint ConcGCThreads                            = 1                                         {product} {ergonomic}
     uint G1ConcRefinementThreads                  = 4                                         {product} {ergonomic}
   size_t G1HeapRegionSize                         = 1048576                                   {product} {ergonomic}
    uintx GCDrainStackTargetSize                   = 64                                        {product} {ergonomic}
   size_t InitialHeapSize                          = 125829120                                 {product} {ergonomic}
   size_t MarkStackSize                            = 4194304                                   {product} {ergonomic}
   size_t MaxHeapSize                              = 1983905792                                {product} {ergonomic}
   size_t MaxNewSize                               = 1190133760                                {product} {ergonomic}
   size_t MinHeapDeltaBytes                        = 1048576                                   {product} {ergonomic}
    uintx NonNMethodCodeHeapSize                   = 5830732                                {pd product} {ergonomic}
    uintx NonProfiledCodeHeapSize                  = 122913754                              {pd product} {ergonomic}
    uintx ProfiledCodeHeapSize                     = 122913754                              {pd product} {ergonomic}
    uintx ReservedCodeCacheSize                    = 251658240                              {pd product} {ergonomic}
     bool SegmentedCodeCache                       = true                                      {product} {ergonomic}
     bool UseCompressedClassPointers               = true                                 {lp64_product} {ergonomic}
     bool UseCompressedOops                        = true                                 {lp64_product} {ergonomic}
     bool UseG1GC                                  = true                                      {product} {ergonomic}
     bool UseLargePagesIndividualAllocation        = false                                  {pd product} {ergonomic}

Logging:
Log output configuration:
 #0: stdout all=warning uptime,level,tags
 #1: stderr all=off uptime,level,tags

Environment Variables:
PATH=C:\WINDOWS\system32;C:\WINDOWS;C:\WINDOWS\System32\Wbem;C:\WINDOWS\System32\WindowsPowerShell\v1.0\;C:\WINDOWS\System32\OpenSSH\;D:\Matlabchik\runtime\win64;D:\Matlabchik\bin;D:\Matlabchik\polyspace\bin;D:\Git\cmd;C:\Program Files\dotnet\;C:\Program Files\Microsoft SQL Server\130\Tools\Binn\;C:\Program Files\Microsoft SQL Server\Client SDK\ODBC\170\Tools\Binn\;C:\Program Files\Microsoft SQL Server\Client SDK\ODBC\110\Tools\Binn\;C:\Program Files (x86)\Microsoft SQL Server\120\Tools\Binn\;C:\Program Files\Microsoft SQL Server\120\Tools\Binn\;C:\Program Files\Microsoft SQL Server\120\DTS\Binn\;D:\Atmel studio\Microchip studio\bin;C:\ProgramData\chocolatey\bin;C:\Program Files\nodejs\;C:\Program Files\Microsoft VS Code\bin;C:\Program Files\Geth;C:\Users\User\AppData\Local\Microsoft\WindowsApps;;D:\PyCharm 2021.2.2\bin;;C:\Users\User\.dotnet\tools;C:\Users\User\AppData\Roaming\npm
USERNAME=User
OS=Windows_NT
PROCESSOR_IDENTIFIER=AMD64 Family 21 Model 101 Stepping 1, AuthenticAMD



---------------  S Y S T E M  ---------------

OS: Windows 10 , 64 bit Build 19041 (10.0.19041.1348)
OS uptime: 0 days 6:24 hours

CPU:total 4 (initial active 4) (4 cores per cpu, 1 threads per core) family 21 model 101 stepping 1 microcode 0x0, cmov, cx8, fxsr, mmx, sse, sse2, sse3, ssse3, sse4.1, sse4.2, popcnt, avx, avx2, aes, clmul, mmxext, 3dnowpref, lzcnt, sse4a, tsc, tscinvbit, tscinv, bmi1, bmi2, fma

Memory: 4k page, system-wide physical 7567M (385M free)
TotalPageFile size 11567M (AvailPageFile size 1M)
current process WorkingSet (physical memory assigned to process): 176M, peak: 176M
current process commit charge ("private bytes"): 256M, peak: 257M

vm_info: OpenJDK 64-Bit Server VM (11.0.10+0-b96-7249189) for windows-amd64 JRE (11.0.10+0-b96-7249189), built on Mar 31 2021 21:44:00 by "builder" with MS VC++ 14.0 (VS2015)

END.
